20.9877 	INFO 	Loaded monitor calibration from ['2025_02_12 09:50']
21.0156 	WARNING 	User requested fullscreen with size [1024  768], but screen is actually [1920, 1080]. Using actual size
23.7828 	EXP 	Created window1 = Window(allowGUI=False, allowStencil=False, autoLog=True, backendConf=UNKNOWN, backgroundFit=<method-wrapper '__getattribute__' of attributeSetter object at 0x0000019E5A507250>, backgroundImage=<method-wrapper '__getattribute__' of attributeSetter object at 0x0000019E5A5072B0>, bitsMode=UNKNOWN, blendMode='avg', bpc=(8, 8, 8), color=array([0, 0, 0]), colorSpace='rgb', depthBits=8, fullscr=True, gamma=None, gammaErrorPolicy='raise', infoMsg=UNKNOWN, lms=UNKNOWN, monitor=<psychopy.monitors.calibTools.Monitor object at 0x0000019E5A5C6C80>, multiSample=False, name='window1', numSamples=2, pos=[0.0, 0.0], screen=0, size=array([1920, 1080]), stencilBits=0, stereo=False, title='PsychoPy', units='height', useFBO=True, useRetina=False, viewOri=0.0, viewPos=None, viewScale=None, waitBlanking=True, winType='pyglet')
23.7830 	EXP 	window1: backgroundImage = ''
23.7839 	EXP 	window1: backgroundFit = 'none'
24.0777 	EXP 	window1: Attempting to measure frame rate of screen (0) ...
24.0778 	EXP 	window1: recordFrameIntervals = False
24.2406 	EXP 	window1: recordFrameIntervals = True
24.4240 	EXP 	Screen (0) actual frame rate measured at 60.04Hz
24.4240 	EXP 	window1: recordFrameIntervals = False
31.9878 	INFO 	keyboard.Keyboard is using iohub backend.
31.9879 	INFO 	keyboard.Keyboard is using iohub backend.
31.9881 	INFO 	keyboard.Keyboard is using iohub backend.
31.9881 	EXP 	Stroop Task Data: status = STARTED
32.2668 	EXP 	Created text_2 = TextStim(__class__=<class 'psychopy.visual.text.TextStim'>, alignHoriz=method-wrapper(...), alignText='center', alignVert=method-wrapper(...), anchorHoriz='center', anchorVert='center', antialias=True, autoDraw=False, autoLog=True, bold=False, color=array([1., 1., 1.]), colorSpace='rgb', contrast=1.0, depth=0.0, draggable=False, flipHoriz=False, flipVert=False, font='Arial', fontFiles=[], height=0.05, italic=False, languageStyle='LTR', name='text_2', opacity=1, ori=0.0, pos=array([0., 0.]), rgb=UNKNOWN, text=str(...), units='height', win=Window(...), wrapWidth=1)
32.2793 	EXP 	Created fixation = ShapeStim(__class__=<class 'psychopy.visual.shape.ShapeStim'>, anchor=('center', 'center'), autoDraw=False, autoLog=True, closeShape=True, color=method-wrapper(...), colorSpace='rgb', contrast=None, depth=0.0, draggable=False, fillColor=array([1, 1, 1]), fillColorSpace='rgb', fillRGB=array([1, 1, 1]), interpolate=True, lineColor=array([1., 1., 1.]), lineColorSpace='rgb', lineRGB=array([1, 1, 1]), lineWidth=1.0, name='fixation', opacity=1, ori=0.0, pos=array([0., 0.]), size=array([10., 10.]), units='pix', vertices=ndarray(...), win=Window(...), windingRule=None)
32.2816 	EXP 	Created text = TextStim(__class__=<class 'psychopy.visual.text.TextStim'>, alignHoriz=method-wrapper(...), alignText='center', alignVert=method-wrapper(...), anchorHoriz='center', anchorVert='center', antialias=True, autoDraw=False, autoLog=True, bold=False, color=array([1., 1., 1.]), colorSpace='rgb', contrast=1.0, depth=-1.0, draggable=False, flipHoriz=False, flipVert=False, font='Arial', fontFiles=[], height=0.05, italic=False, languageStyle='LTR', name='text', opacity=1, ori=0.0, pos=array([0., 0.]), rgb=UNKNOWN, text='', units='height', win=Window(...), wrapWidth=1)
32.3038 	EXP 	Created text_3 = TextStim(__class__=<class 'psychopy.visual.text.TextStim'>, alignHoriz=method-wrapper(...), alignText='center', alignVert=method-wrapper(...), anchorHoriz='center', anchorVert='center', antialias=True, autoDraw=False, autoLog=True, bold=False, color=array([1., 1., 1.]), colorSpace='rgb', contrast=1.0, depth=0.0, draggable=False, flipHoriz=False, flipVert=False, font='Arial', fontFiles=[], height=0.05, italic=False, languageStyle='LTR', name='text_3', opacity=1, ori=0.0, pos=array([0., 0.]), rgb=UNKNOWN, text='Thank You for Participating!!', units='height', win=Window(...), wrapWidth=1)
0.0100 	INFO 	Keyboard events cleared
0.0095 	EXP 	text_2: autoDraw = True
33.6271 	DATA 	Keypress: space
33.6523 	EXP 	Imported C:/Users/DELL/Downloads/condition_stroop.xlsx as conditions, 4 conditions, 4 params
33.6566 	EXP 	New trial (rep=0, index=0): <Trial 0 (0 in rep 0) data={'word': 'BLUE', 'colour': 'blue', 'stim_condition': 'C', 'correct_res': 'b', 'thisN': 0, 'thisTrialN': 0, 'thisRepN': 0}>
33.6671 	EXP 	text_2: autoDraw = False
33.6671 	EXP 	text: foreColor = <psychopy.colors.Color: blue, alpha=1.0>
33.6671 	EXP 	text: height = 0.05
33.6671 	EXP 	text: height = 0.05
33.6671 	EXP 	text: height = 0.05
33.6671 	EXP 	text: text = 'BLUE'
33.6671 	EXP 	fixation: autoDraw = True
34.1501 	INFO 	Keyboard events cleared
34.1496 	EXP 	fixation: autoDraw = False
34.1496 	EXP 	text: autoDraw = True
35.1171 	EXP 	New trial (rep=0, index=1): <Trial 1 (1 in rep 0) data={'word': 'RED', 'colour': 'blue', 'stim_condition': 'I', 'correct_res': 'b', 'thisN': 1, 'thisTrialN': 1, 'thisRepN': 0}>
35.1234 	DATA 	Keypress: b
35.1322 	EXP 	fixation: autoDraw = False
35.1322 	EXP 	text: autoDraw = False
35.1322 	EXP 	text: foreColor = <psychopy.colors.Color: blue, alpha=1.0>
35.1322 	EXP 	text: height = 0.05
35.1322 	EXP 	text: height = 0.05
35.1322 	EXP 	text: height = 0.05
35.1322 	EXP 	text: text = 'RED'
35.1322 	EXP 	fixation: autoDraw = True
35.6322 	INFO 	Keyboard events cleared
35.6317 	EXP 	fixation: autoDraw = False
35.6317 	EXP 	text: autoDraw = True
36.2831 	EXP 	New trial (rep=0, index=2): <Trial 2 (2 in rep 0) data={'word': 'RED', 'colour': 'red', 'stim_condition': 'C', 'correct_res': 'r', 'thisN': 2, 'thisTrialN': 2, 'thisRepN': 0}>
36.2859 	DATA 	Keypress: b
36.2979 	EXP 	fixation: autoDraw = False
36.2979 	EXP 	text: autoDraw = False
36.2979 	EXP 	text: foreColor = <psychopy.colors.Color: red, alpha=1.0>
36.2979 	EXP 	text: text = 'RED'
36.2979 	EXP 	fixation: autoDraw = True
36.7981 	INFO 	Keyboard events cleared
36.7976 	EXP 	fixation: autoDraw = False
36.7976 	EXP 	text: autoDraw = True
37.4151 	EXP 	New trial (rep=0, index=3): <Trial 3 (3 in rep 0) data={'word': 'BLUE', 'colour': 'red', 'stim_condition': 'I', 'correct_res': 'r', 'thisN': 3, 'thisTrialN': 3, 'thisRepN': 0}>
37.4213 	DATA 	Keypress: r
37.4303 	EXP 	fixation: autoDraw = False
37.4303 	EXP 	text: autoDraw = False
37.4303 	EXP 	text: foreColor = <psychopy.colors.Color: red, alpha=1.0>
37.4303 	EXP 	text: height = 0.05
37.4303 	EXP 	text: height = 0.05
37.4303 	EXP 	text: height = 0.05
37.4303 	EXP 	text: text = 'BLUE'
37.4303 	EXP 	fixation: autoDraw = True
37.9305 	INFO 	Keyboard events cleared
37.9298 	EXP 	fixation: autoDraw = False
37.9298 	EXP 	text: autoDraw = True
38.6311 	EXP 	New trial (rep=1, index=0): <Trial 4 (0 in rep 1) data={'word': 'BLUE', 'colour': 'red', 'stim_condition': 'I', 'correct_res': 'r', 'thisN': 4, 'thisTrialN': 0, 'thisRepN': 1}>
38.6334 	DATA 	Keypress: r
38.6457 	EXP 	fixation: autoDraw = False
38.6457 	EXP 	text: autoDraw = False
38.6457 	EXP 	text: foreColor = <psychopy.colors.Color: red, alpha=1.0>
38.6457 	EXP 	text: text = 'BLUE'
38.6457 	EXP 	fixation: autoDraw = True
39.1458 	INFO 	Keyboard events cleared
39.1453 	EXP 	fixation: autoDraw = False
39.1453 	EXP 	text: autoDraw = True
39.6133 	EXP 	New trial (rep=1, index=1): <Trial 5 (1 in rep 1) data={'word': 'RED', 'colour': 'blue', 'stim_condition': 'I', 'correct_res': 'b', 'thisN': 5, 'thisTrialN': 1, 'thisRepN': 1}>
39.6220 	DATA 	Keypress: r
39.6281 	EXP 	fixation: autoDraw = False
39.6281 	EXP 	text: autoDraw = False
39.6281 	EXP 	text: foreColor = <psychopy.colors.Color: blue, alpha=1.0>
39.6281 	EXP 	text: height = 0.05
39.6281 	EXP 	text: height = 0.05
39.6281 	EXP 	text: height = 0.05
39.6281 	EXP 	text: text = 'RED'
39.6281 	EXP 	fixation: autoDraw = True
40.1282 	INFO 	Keyboard events cleared
40.1277 	EXP 	fixation: autoDraw = False
40.1277 	EXP 	text: autoDraw = True
40.7123 	EXP 	New trial (rep=1, index=2): <Trial 6 (2 in rep 1) data={'word': 'BLUE', 'colour': 'blue', 'stim_condition': 'C', 'correct_res': 'b', 'thisN': 6, 'thisTrialN': 2, 'thisRepN': 1}>
40.7181 	DATA 	Keypress: b
40.7272 	EXP 	fixation: autoDraw = False
40.7272 	EXP 	text: autoDraw = False
40.7272 	EXP 	text: foreColor = <psychopy.colors.Color: blue, alpha=1.0>
40.7272 	EXP 	text: height = 0.05
40.7272 	EXP 	text: height = 0.05
40.7272 	EXP 	text: height = 0.05
40.7272 	EXP 	text: text = 'BLUE'
40.7272 	EXP 	fixation: autoDraw = True
41.2274 	INFO 	Keyboard events cleared
41.2269 	EXP 	fixation: autoDraw = False
41.2269 	EXP 	text: autoDraw = True
41.6614 	EXP 	New trial (rep=1, index=3): <Trial 7 (3 in rep 1) data={'word': 'RED', 'colour': 'red', 'stim_condition': 'C', 'correct_res': 'r', 'thisN': 7, 'thisTrialN': 3, 'thisRepN': 1}>
41.6681 	DATA 	Keypress: b
41.6765 	EXP 	fixation: autoDraw = False
41.6765 	EXP 	text: autoDraw = False
41.6765 	EXP 	text: foreColor = <psychopy.colors.Color: red, alpha=1.0>
41.6765 	EXP 	text: height = 0.05
41.6765 	EXP 	text: height = 0.05
41.6765 	EXP 	text: height = 0.05
41.6765 	EXP 	text: text = 'RED'
41.6765 	EXP 	fixation: autoDraw = True
42.1766 	INFO 	Keyboard events cleared
42.1762 	EXP 	fixation: autoDraw = False
42.1762 	EXP 	text: autoDraw = True
42.7113 	DATA 	Keypress: r
42.7269 	EXP 	New trial (rep=2, index=0): <Trial 8 (0 in rep 2) data={'word': 'BLUE', 'colour': 'red', 'stim_condition': 'I', 'correct_res': 'r', 'thisN': 8, 'thisTrialN': 0, 'thisRepN': 2}>
42.7421 	EXP 	fixation: autoDraw = False
42.7421 	EXP 	text: autoDraw = False
42.7421 	EXP 	text: foreColor = <psychopy.colors.Color: red, alpha=1.0>
42.7421 	EXP 	text: height = 0.05
42.7421 	EXP 	text: height = 0.05
42.7421 	EXP 	text: height = 0.05
42.7421 	EXP 	text: text = 'BLUE'
42.7421 	EXP 	fixation: autoDraw = True
43.2424 	INFO 	Keyboard events cleared
43.2418 	EXP 	fixation: autoDraw = False
43.2418 	EXP 	text: autoDraw = True
43.6596 	EXP 	New trial (rep=2, index=1): <Trial 9 (1 in rep 2) data={'word': 'RED', 'colour': 'red', 'stim_condition': 'C', 'correct_res': 'r', 'thisN': 9, 'thisTrialN': 1, 'thisRepN': 2}>
43.6670 	DATA 	Keypress: r
43.6747 	EXP 	fixation: autoDraw = False
43.6747 	EXP 	text: autoDraw = False
43.6747 	EXP 	text: foreColor = <psychopy.colors.Color: red, alpha=1.0>
43.6747 	EXP 	text: height = 0.05
43.6747 	EXP 	text: height = 0.05
43.6747 	EXP 	text: height = 0.05
43.6747 	EXP 	text: text = 'RED'
43.6747 	EXP 	fixation: autoDraw = True
44.1746 	INFO 	Keyboard events cleared
44.1742 	EXP 	fixation: autoDraw = False
44.1742 	EXP 	text: autoDraw = True
44.5757 	EXP 	New trial (rep=2, index=2): <Trial 10 (2 in rep 2) data={'word': 'RED', 'colour': 'blue', 'stim_condition': 'I', 'correct_res': 'b', 'thisN': 10, 'thisTrialN': 2, 'thisRepN': 2}>
44.5787 	DATA 	Keypress: r
44.5906 	EXP 	fixation: autoDraw = False
44.5906 	EXP 	text: autoDraw = False
44.5906 	EXP 	text: foreColor = <psychopy.colors.Color: blue, alpha=1.0>
44.5906 	EXP 	text: text = 'RED'
44.5906 	EXP 	fixation: autoDraw = True
45.0908 	INFO 	Keyboard events cleared
45.0902 	EXP 	fixation: autoDraw = False
45.0902 	EXP 	text: autoDraw = True
45.6412 	EXP 	New trial (rep=2, index=3): <Trial 11 (3 in rep 2) data={'word': 'BLUE', 'colour': 'blue', 'stim_condition': 'C', 'correct_res': 'b', 'thisN': 11, 'thisTrialN': 3, 'thisRepN': 2}>
45.6472 	DATA 	Keypress: b
45.6563 	EXP 	fixation: autoDraw = False
45.6563 	EXP 	text: autoDraw = False
45.6563 	EXP 	text: foreColor = <psychopy.colors.Color: blue, alpha=1.0>
45.6563 	EXP 	text: height = 0.05
45.6563 	EXP 	text: height = 0.05
45.6563 	EXP 	text: height = 0.05
45.6563 	EXP 	text: text = 'BLUE'
45.6563 	EXP 	fixation: autoDraw = True
46.1563 	INFO 	Keyboard events cleared
46.1559 	EXP 	fixation: autoDraw = False
46.1559 	EXP 	text: autoDraw = True
46.7742 	DATA 	Keypress: b
46.7904 	EXP 	New trial (rep=3, index=0): <Trial 12 (0 in rep 3) data={'word': 'RED', 'colour': 'blue', 'stim_condition': 'I', 'correct_res': 'b', 'thisN': 12, 'thisTrialN': 0, 'thisRepN': 3}>
46.8053 	EXP 	fixation: autoDraw = False
46.8053 	EXP 	text: autoDraw = False
46.8053 	EXP 	text: foreColor = <psychopy.colors.Color: blue, alpha=1.0>
46.8053 	EXP 	text: height = 0.05
46.8053 	EXP 	text: height = 0.05
46.8053 	EXP 	text: height = 0.05
46.8053 	EXP 	text: text = 'RED'
46.8053 	EXP 	fixation: autoDraw = True
47.3055 	INFO 	Keyboard events cleared
47.3050 	EXP 	fixation: autoDraw = False
47.3050 	EXP 	text: autoDraw = True
47.8559 	EXP 	New trial (rep=3, index=1): <Trial 13 (1 in rep 3) data={'word': 'RED', 'colour': 'red', 'stim_condition': 'C', 'correct_res': 'r', 'thisN': 13, 'thisTrialN': 1, 'thisRepN': 3}>
47.8580 	DATA 	Keypress: b
47.8712 	EXP 	fixation: autoDraw = False
47.8712 	EXP 	text: autoDraw = False
47.8712 	EXP 	text: foreColor = <psychopy.colors.Color: red, alpha=1.0>
47.8712 	EXP 	text: text = 'RED'
47.8712 	EXP 	fixation: autoDraw = True
48.3710 	INFO 	Keyboard events cleared
48.3706 	EXP 	fixation: autoDraw = False
48.3706 	EXP 	text: autoDraw = True
48.8393 	EXP 	New trial (rep=3, index=2): <Trial 14 (2 in rep 3) data={'word': 'BLUE', 'colour': 'red', 'stim_condition': 'I', 'correct_res': 'r', 'thisN': 14, 'thisTrialN': 2, 'thisRepN': 3}>
48.8475 	DATA 	Keypress: r
48.8535 	EXP 	fixation: autoDraw = False
48.8535 	EXP 	text: autoDraw = False
48.8535 	EXP 	text: foreColor = <psychopy.colors.Color: red, alpha=1.0>
48.8535 	EXP 	text: height = 0.05
48.8535 	EXP 	text: height = 0.05
48.8535 	EXP 	text: height = 0.05
48.8535 	EXP 	text: text = 'BLUE'
48.8535 	EXP 	fixation: autoDraw = True
49.3537 	INFO 	Keyboard events cleared
49.3531 	EXP 	fixation: autoDraw = False
49.3531 	EXP 	text: autoDraw = True
50.0708 	EXP 	New trial (rep=3, index=3): <Trial 15 (3 in rep 3) data={'word': 'BLUE', 'colour': 'blue', 'stim_condition': 'C', 'correct_res': 'b', 'thisN': 15, 'thisTrialN': 3, 'thisRepN': 3}>
50.0731 	DATA 	Keypress: r
50.0858 	EXP 	fixation: autoDraw = False
50.0858 	EXP 	text: autoDraw = False
50.0858 	EXP 	text: foreColor = <psychopy.colors.Color: blue, alpha=1.0>
50.0858 	EXP 	text: text = 'BLUE'
50.0858 	EXP 	fixation: autoDraw = True
50.5858 	INFO 	Keyboard events cleared
50.5853 	EXP 	fixation: autoDraw = False
50.5853 	EXP 	text: autoDraw = True
51.2699 	EXP 	New trial (rep=4, index=0): <Trial 16 (0 in rep 4) data={'word': 'RED', 'colour': 'blue', 'stim_condition': 'I', 'correct_res': 'b', 'thisN': 16, 'thisTrialN': 0, 'thisRepN': 4}>
51.2767 	DATA 	Keypress: b
51.2848 	EXP 	fixation: autoDraw = False
51.2848 	EXP 	text: autoDraw = False
51.2848 	EXP 	text: foreColor = <psychopy.colors.Color: blue, alpha=1.0>
51.2848 	EXP 	text: height = 0.05
51.2848 	EXP 	text: height = 0.05
51.2848 	EXP 	text: height = 0.05
51.2848 	EXP 	text: text = 'RED'
51.2848 	EXP 	fixation: autoDraw = True
51.7849 	INFO 	Keyboard events cleared
51.7844 	EXP 	fixation: autoDraw = False
51.7844 	EXP 	text: autoDraw = True
52.1024 	EXP 	New trial (rep=4, index=1): <Trial 17 (1 in rep 4) data={'word': 'BLUE', 'colour': 'red', 'stim_condition': 'I', 'correct_res': 'r', 'thisN': 17, 'thisTrialN': 1, 'thisRepN': 4}>
52.1084 	DATA 	Keypress: b
52.1174 	EXP 	fixation: autoDraw = False
52.1174 	EXP 	text: autoDraw = False
52.1174 	EXP 	text: foreColor = <psychopy.colors.Color: red, alpha=1.0>
52.1174 	EXP 	text: height = 0.05
52.1174 	EXP 	text: height = 0.05
52.1174 	EXP 	text: height = 0.05
52.1174 	EXP 	text: text = 'BLUE'
52.1174 	EXP 	fixation: autoDraw = True
52.6177 	INFO 	Keyboard events cleared
52.6172 	EXP 	fixation: autoDraw = False
52.6172 	EXP 	text: autoDraw = True
53.1679 	EXP 	New trial (rep=4, index=2): <Trial 18 (2 in rep 4) data={'word': 'BLUE', 'colour': 'blue', 'stim_condition': 'C', 'correct_res': 'b', 'thisN': 18, 'thisTrialN': 2, 'thisRepN': 4}>
53.1699 	DATA 	Keypress: r
53.1830 	EXP 	fixation: autoDraw = False
53.1830 	EXP 	text: autoDraw = False
53.1830 	EXP 	text: foreColor = <psychopy.colors.Color: blue, alpha=1.0>
53.1830 	EXP 	text: text = 'BLUE'
53.1830 	EXP 	fixation: autoDraw = True
53.6830 	INFO 	Keyboard events cleared
53.6826 	EXP 	fixation: autoDraw = False
53.6826 	EXP 	text: autoDraw = True
54.5832 	EXP 	New trial (rep=4, index=3): <Trial 19 (3 in rep 4) data={'word': 'RED', 'colour': 'red', 'stim_condition': 'C', 'correct_res': 'r', 'thisN': 19, 'thisTrialN': 3, 'thisRepN': 4}>
54.5895 	DATA 	Keypress: b
54.5984 	EXP 	fixation: autoDraw = False
54.5984 	EXP 	text: autoDraw = False
54.5984 	EXP 	text: foreColor = <psychopy.colors.Color: red, alpha=1.0>
54.5984 	EXP 	text: height = 0.05
54.5984 	EXP 	text: height = 0.05
54.5984 	EXP 	text: height = 0.05
54.5984 	EXP 	text: text = 'RED'
54.5984 	EXP 	fixation: autoDraw = True
55.0986 	INFO 	Keyboard events cleared
55.0982 	EXP 	fixation: autoDraw = False
55.0982 	EXP 	text: autoDraw = True
55.6326 	EXP 	New trial (rep=5, index=0): <Trial 20 (0 in rep 5) data={'word': 'RED', 'colour': 'blue', 'stim_condition': 'I', 'correct_res': 'b', 'thisN': 20, 'thisTrialN': 0, 'thisRepN': 5}>
55.6349 	DATA 	Keypress: r
55.6475 	EXP 	fixation: autoDraw = False
55.6475 	EXP 	text: autoDraw = False
55.6475 	EXP 	text: foreColor = <psychopy.colors.Color: blue, alpha=1.0>
55.6475 	EXP 	text: text = 'RED'
55.6475 	EXP 	fixation: autoDraw = True
56.1476 	INFO 	Keyboard events cleared
56.1472 	EXP 	fixation: autoDraw = False
56.1472 	EXP 	text: autoDraw = True
56.7487 	EXP 	New trial (rep=5, index=1): <Trial 21 (1 in rep 5) data={'word': 'BLUE', 'colour': 'red', 'stim_condition': 'I', 'correct_res': 'r', 'thisN': 21, 'thisTrialN': 1, 'thisRepN': 5}>
56.7548 	DATA 	Keypress: b
56.7634 	EXP 	fixation: autoDraw = False
56.7634 	EXP 	text: autoDraw = False
56.7634 	EXP 	text: foreColor = <psychopy.colors.Color: red, alpha=1.0>
56.7634 	EXP 	text: height = 0.05
56.7634 	EXP 	text: height = 0.05
56.7634 	EXP 	text: height = 0.05
56.7634 	EXP 	text: text = 'BLUE'
56.7634 	EXP 	fixation: autoDraw = True
57.2634 	INFO 	Keyboard events cleared
57.2629 	EXP 	fixation: autoDraw = False
57.2629 	EXP 	text: autoDraw = True
57.9305 	EXP 	New trial (rep=5, index=2): <Trial 22 (2 in rep 5) data={'word': 'RED', 'colour': 'red', 'stim_condition': 'C', 'correct_res': 'r', 'thisN': 22, 'thisTrialN': 2, 'thisRepN': 5}>
57.9371 	DATA 	Keypress: r
57.9455 	EXP 	fixation: autoDraw = False
57.9455 	EXP 	text: autoDraw = False
57.9455 	EXP 	text: foreColor = <psychopy.colors.Color: red, alpha=1.0>
57.9455 	EXP 	text: height = 0.05
57.9455 	EXP 	text: height = 0.05
57.9455 	EXP 	text: height = 0.05
57.9455 	EXP 	text: text = 'RED'
57.9455 	EXP 	fixation: autoDraw = True
58.4456 	INFO 	Keyboard events cleared
58.4451 	EXP 	fixation: autoDraw = False
58.4451 	EXP 	text: autoDraw = True
59.0299 	EXP 	New trial (rep=5, index=3): <Trial 23 (3 in rep 5) data={'word': 'BLUE', 'colour': 'blue', 'stim_condition': 'C', 'correct_res': 'b', 'thisN': 23, 'thisTrialN': 3, 'thisRepN': 5}>
59.0361 	DATA 	Keypress: r
59.0441 	EXP 	fixation: autoDraw = False
59.0441 	EXP 	text: autoDraw = False
59.0441 	EXP 	text: foreColor = <psychopy.colors.Color: blue, alpha=1.0>
59.0441 	EXP 	text: height = 0.05
59.0441 	EXP 	text: height = 0.05
59.0441 	EXP 	text: height = 0.05
59.0441 	EXP 	text: text = 'BLUE'
59.0441 	EXP 	fixation: autoDraw = True
59.5444 	INFO 	Keyboard events cleared
59.5437 	EXP 	fixation: autoDraw = False
59.5437 	EXP 	text: autoDraw = True
59.9120 	EXP 	New trial (rep=6, index=0): <Trial 24 (0 in rep 6) data={'word': 'BLUE', 'colour': 'blue', 'stim_condition': 'C', 'correct_res': 'b', 'thisN': 24, 'thisTrialN': 0, 'thisRepN': 6}>
59.9143 	DATA 	Keypress: b
59.9271 	EXP 	fixation: autoDraw = False
59.9271 	EXP 	text: autoDraw = False
59.9271 	EXP 	text: foreColor = <psychopy.colors.Color: blue, alpha=1.0>
59.9271 	EXP 	text: text = 'BLUE'
59.9271 	EXP 	fixation: autoDraw = True
60.4273 	INFO 	Keyboard events cleared
60.4267 	EXP 	fixation: autoDraw = False
60.4267 	EXP 	text: autoDraw = True
60.8115 	EXP 	New trial (rep=6, index=1): <Trial 25 (1 in rep 6) data={'word': 'RED', 'colour': 'blue', 'stim_condition': 'I', 'correct_res': 'b', 'thisN': 25, 'thisTrialN': 1, 'thisRepN': 6}>
60.8184 	DATA 	Keypress: b
60.8266 	EXP 	fixation: autoDraw = False
60.8266 	EXP 	text: autoDraw = False
60.8266 	EXP 	text: foreColor = <psychopy.colors.Color: blue, alpha=1.0>
60.8266 	EXP 	text: height = 0.05
60.8266 	EXP 	text: height = 0.05
60.8266 	EXP 	text: height = 0.05
60.8266 	EXP 	text: text = 'RED'
60.8266 	EXP 	fixation: autoDraw = True
61.3266 	INFO 	Keyboard events cleared
61.3260 	EXP 	fixation: autoDraw = False
61.3260 	EXP 	text: autoDraw = True
61.7439 	EXP 	New trial (rep=6, index=2): <Trial 26 (2 in rep 6) data={'word': 'RED', 'colour': 'red', 'stim_condition': 'C', 'correct_res': 'r', 'thisN': 26, 'thisTrialN': 2, 'thisRepN': 6}>
61.7462 	DATA 	Keypress: r
61.7590 	EXP 	fixation: autoDraw = False
61.7590 	EXP 	text: autoDraw = False
61.7590 	EXP 	text: foreColor = <psychopy.colors.Color: red, alpha=1.0>
61.7590 	EXP 	text: text = 'RED'
61.7590 	EXP 	fixation: autoDraw = True
62.2592 	INFO 	Keyboard events cleared
62.2586 	EXP 	fixation: autoDraw = False
62.2586 	EXP 	text: autoDraw = True
62.9271 	DATA 	Keypress: b
62.9431 	EXP 	New trial (rep=6, index=3): <Trial 27 (3 in rep 6) data={'word': 'BLUE', 'colour': 'red', 'stim_condition': 'I', 'correct_res': 'r', 'thisN': 27, 'thisTrialN': 3, 'thisRepN': 6}>
62.9580 	EXP 	fixation: autoDraw = False
62.9580 	EXP 	text: autoDraw = False
62.9580 	EXP 	text: foreColor = <psychopy.colors.Color: red, alpha=1.0>
62.9580 	EXP 	text: height = 0.05
62.9580 	EXP 	text: height = 0.05
62.9580 	EXP 	text: height = 0.05
62.9580 	EXP 	text: text = 'BLUE'
62.9580 	EXP 	fixation: autoDraw = True
63.4579 	INFO 	Keyboard events cleared
63.4574 	EXP 	fixation: autoDraw = False
63.4574 	EXP 	text: autoDraw = True
65.1409 	EXP 	New trial (rep=7, index=0): <Trial 28 (0 in rep 7) data={'word': 'BLUE', 'colour': 'red', 'stim_condition': 'I', 'correct_res': 'r', 'thisN': 28, 'thisTrialN': 0, 'thisRepN': 7}>
65.1434 	DATA 	Keypress: r
65.1560 	EXP 	fixation: autoDraw = False
65.1560 	EXP 	text: autoDraw = False
65.1560 	EXP 	text: foreColor = <psychopy.colors.Color: red, alpha=1.0>
65.1560 	EXP 	text: text = 'BLUE'
65.1560 	EXP 	fixation: autoDraw = True
65.6560 	INFO 	Keyboard events cleared
65.6556 	EXP 	fixation: autoDraw = False
65.6556 	EXP 	text: autoDraw = True
65.9735 	EXP 	New trial (rep=7, index=1): <Trial 29 (1 in rep 7) data={'word': 'BLUE', 'colour': 'blue', 'stim_condition': 'C', 'correct_res': 'b', 'thisN': 29, 'thisTrialN': 1, 'thisRepN': 7}>
65.9754 	DATA 	Keypress: r
65.9886 	EXP 	fixation: autoDraw = False
65.9886 	EXP 	text: autoDraw = False
65.9886 	EXP 	text: foreColor = <psychopy.colors.Color: blue, alpha=1.0>
65.9886 	EXP 	text: text = 'BLUE'
65.9886 	EXP 	fixation: autoDraw = True
66.4886 	INFO 	Keyboard events cleared
66.4881 	EXP 	fixation: autoDraw = False
66.4881 	EXP 	text: autoDraw = True
67.1558 	EXP 	New trial (rep=7, index=2): <Trial 30 (2 in rep 7) data={'word': 'RED', 'colour': 'blue', 'stim_condition': 'I', 'correct_res': 'b', 'thisN': 30, 'thisTrialN': 2, 'thisRepN': 7}>
67.1623 	DATA 	Keypress: b
67.1710 	EXP 	fixation: autoDraw = False
67.1710 	EXP 	text: autoDraw = False
67.1710 	EXP 	text: foreColor = <psychopy.colors.Color: blue, alpha=1.0>
67.1710 	EXP 	text: height = 0.05
67.1710 	EXP 	text: height = 0.05
67.1710 	EXP 	text: height = 0.05
67.1710 	EXP 	text: text = 'RED'
67.1710 	EXP 	fixation: autoDraw = True
67.6711 	INFO 	Keyboard events cleared
67.6706 	EXP 	fixation: autoDraw = False
67.6706 	EXP 	text: autoDraw = True
68.1715 	EXP 	New trial (rep=7, index=3): <Trial 31 (3 in rep 7) data={'word': 'RED', 'colour': 'red', 'stim_condition': 'C', 'correct_res': 'r', 'thisN': 31, 'thisTrialN': 3, 'thisRepN': 7}>
68.1737 	DATA 	Keypress: b
68.1867 	EXP 	fixation: autoDraw = False
68.1867 	EXP 	text: autoDraw = False
68.1867 	EXP 	text: foreColor = <psychopy.colors.Color: red, alpha=1.0>
68.1867 	EXP 	text: text = 'RED'
68.1867 	EXP 	fixation: autoDraw = True
68.6869 	INFO 	Keyboard events cleared
68.6864 	EXP 	fixation: autoDraw = False
68.6864 	EXP 	text: autoDraw = True
69.2209 	EXP 	New trial (rep=8, index=0): <Trial 32 (0 in rep 8) data={'word': 'BLUE', 'colour': 'red', 'stim_condition': 'I', 'correct_res': 'r', 'thisN': 32, 'thisTrialN': 0, 'thisRepN': 8}>
69.2268 	DATA 	Keypress: r
69.2357 	EXP 	fixation: autoDraw = False
69.2357 	EXP 	text: autoDraw = False
69.2357 	EXP 	text: foreColor = <psychopy.colors.Color: red, alpha=1.0>
69.2357 	EXP 	text: height = 0.05
69.2357 	EXP 	text: height = 0.05
69.2357 	EXP 	text: height = 0.05
69.2357 	EXP 	text: text = 'BLUE'
69.2357 	EXP 	fixation: autoDraw = True
69.7357 	INFO 	Keyboard events cleared
69.7352 	EXP 	fixation: autoDraw = False
69.7352 	EXP 	text: autoDraw = True
70.6528 	EXP 	New trial (rep=8, index=1): <Trial 33 (1 in rep 8) data={'word': 'RED', 'colour': 'blue', 'stim_condition': 'I', 'correct_res': 'b', 'thisN': 33, 'thisTrialN': 1, 'thisRepN': 8}>
70.6595 	DATA 	Keypress: b
70.6678 	EXP 	fixation: autoDraw = False
70.6678 	EXP 	text: autoDraw = False
70.6678 	EXP 	text: foreColor = <psychopy.colors.Color: blue, alpha=1.0>
70.6678 	EXP 	text: height = 0.05
70.6678 	EXP 	text: height = 0.05
70.6678 	EXP 	text: height = 0.05
70.6678 	EXP 	text: text = 'RED'
70.6678 	EXP 	fixation: autoDraw = True
71.1679 	INFO 	Keyboard events cleared
71.1674 	EXP 	fixation: autoDraw = False
71.1674 	EXP 	text: autoDraw = True
71.9026 	EXP 	New trial (rep=8, index=2): <Trial 34 (2 in rep 8) data={'word': 'RED', 'colour': 'red', 'stim_condition': 'C', 'correct_res': 'r', 'thisN': 34, 'thisTrialN': 2, 'thisRepN': 8}>
71.9053 	DATA 	Keypress: b
71.9168 	EXP 	fixation: autoDraw = False
71.9168 	EXP 	text: autoDraw = False
71.9168 	EXP 	text: foreColor = <psychopy.colors.Color: red, alpha=1.0>
71.9168 	EXP 	text: text = 'RED'
71.9168 	EXP 	fixation: autoDraw = True
72.4169 	INFO 	Keyboard events cleared
72.4164 	EXP 	fixation: autoDraw = False
72.4164 	EXP 	text: autoDraw = True
72.9011 	EXP 	New trial (rep=8, index=3): <Trial 35 (3 in rep 8) data={'word': 'BLUE', 'colour': 'blue', 'stim_condition': 'C', 'correct_res': 'b', 'thisN': 35, 'thisTrialN': 3, 'thisRepN': 8}>
72.9069 	DATA 	Keypress: r
72.9160 	EXP 	fixation: autoDraw = False
72.9160 	EXP 	text: autoDraw = False
72.9160 	EXP 	text: foreColor = <psychopy.colors.Color: blue, alpha=1.0>
72.9160 	EXP 	text: height = 0.05
72.9160 	EXP 	text: height = 0.05
72.9160 	EXP 	text: height = 0.05
72.9160 	EXP 	text: text = 'BLUE'
72.9160 	EXP 	fixation: autoDraw = True
73.4158 	INFO 	Keyboard events cleared
73.4154 	EXP 	fixation: autoDraw = False
73.4154 	EXP 	text: autoDraw = True
74.0329 	EXP 	New trial (rep=9, index=0): <Trial 36 (0 in rep 9) data={'word': 'RED', 'colour': 'blue', 'stim_condition': 'I', 'correct_res': 'b', 'thisN': 36, 'thisTrialN': 0, 'thisRepN': 9}>
74.0401 	DATA 	Keypress: b
74.0481 	EXP 	fixation: autoDraw = False
74.0481 	EXP 	text: autoDraw = False
74.0481 	EXP 	text: foreColor = <psychopy.colors.Color: blue, alpha=1.0>
74.0481 	EXP 	text: height = 0.05
74.0481 	EXP 	text: height = 0.05
74.0481 	EXP 	text: height = 0.05
74.0481 	EXP 	text: text = 'RED'
74.0481 	EXP 	fixation: autoDraw = True
74.5482 	INFO 	Keyboard events cleared
74.5477 	EXP 	fixation: autoDraw = False
74.5477 	EXP 	text: autoDraw = True
74.9327 	EXP 	New trial (rep=9, index=1): <Trial 37 (1 in rep 9) data={'word': 'BLUE', 'colour': 'red', 'stim_condition': 'I', 'correct_res': 'r', 'thisN': 37, 'thisTrialN': 1, 'thisRepN': 9}>
74.9390 	DATA 	Keypress: b
74.9474 	EXP 	fixation: autoDraw = False
74.9474 	EXP 	text: autoDraw = False
74.9474 	EXP 	text: foreColor = <psychopy.colors.Color: red, alpha=1.0>
74.9474 	EXP 	text: height = 0.05
74.9474 	EXP 	text: height = 0.05
74.9474 	EXP 	text: height = 0.05
74.9474 	EXP 	text: text = 'BLUE'
74.9474 	EXP 	fixation: autoDraw = True
75.4473 	INFO 	Keyboard events cleared
75.4469 	EXP 	fixation: autoDraw = False
75.4469 	EXP 	text: autoDraw = True
75.8148 	EXP 	New trial (rep=9, index=2): <Trial 38 (2 in rep 9) data={'word': 'BLUE', 'colour': 'blue', 'stim_condition': 'C', 'correct_res': 'b', 'thisN': 38, 'thisTrialN': 2, 'thisRepN': 9}>
75.8170 	DATA 	Keypress: r
75.8301 	EXP 	fixation: autoDraw = False
75.8301 	EXP 	text: autoDraw = False
75.8301 	EXP 	text: foreColor = <psychopy.colors.Color: blue, alpha=1.0>
75.8301 	EXP 	text: text = 'BLUE'
75.8301 	EXP 	fixation: autoDraw = True
76.3304 	INFO 	Keyboard events cleared
76.3297 	EXP 	fixation: autoDraw = False
76.3297 	EXP 	text: autoDraw = True
76.8639 	EXP 	New trial (rep=9, index=3): <Trial 39 (3 in rep 9) data={'word': 'RED', 'colour': 'red', 'stim_condition': 'C', 'correct_res': 'r', 'thisN': 39, 'thisTrialN': 3, 'thisRepN': 9}>
76.8701 	DATA 	Keypress: b
76.8791 	EXP 	fixation: autoDraw = False
76.8791 	EXP 	text: autoDraw = False
76.8791 	EXP 	text: foreColor = <psychopy.colors.Color: red, alpha=1.0>
76.8791 	EXP 	text: height = 0.05
76.8791 	EXP 	text: height = 0.05
76.8791 	EXP 	text: height = 0.05
76.8791 	EXP 	text: text = 'RED'
76.8791 	EXP 	fixation: autoDraw = True
77.3793 	INFO 	Keyboard events cleared
77.3787 	EXP 	fixation: autoDraw = False
77.3787 	EXP 	text: autoDraw = True
77.9299 	EXP 	New trial (rep=10, index=0): <Trial 40 (0 in rep 10) data={'word': 'RED', 'colour': 'blue', 'stim_condition': 'I', 'correct_res': 'b', 'thisN': 40, 'thisTrialN': 0, 'thisRepN': 10}>
77.9321 	DATA 	Keypress: r
77.9449 	EXP 	fixation: autoDraw = False
77.9449 	EXP 	text: autoDraw = False
77.9449 	EXP 	text: foreColor = <psychopy.colors.Color: blue, alpha=1.0>
77.9449 	EXP 	text: text = 'RED'
77.9449 	EXP 	fixation: autoDraw = True
78.4449 	INFO 	Keyboard events cleared
78.4443 	EXP 	fixation: autoDraw = False
78.4443 	EXP 	text: autoDraw = True
79.0620 	EXP 	New trial (rep=10, index=1): <Trial 41 (1 in rep 10) data={'word': 'RED', 'colour': 'red', 'stim_condition': 'C', 'correct_res': 'r', 'thisN': 41, 'thisTrialN': 1, 'thisRepN': 10}>
79.0643 	DATA 	Keypress: b
79.0771 	EXP 	fixation: autoDraw = False
79.0771 	EXP 	text: autoDraw = False
79.0771 	EXP 	text: foreColor = <psychopy.colors.Color: red, alpha=1.0>
79.0771 	EXP 	text: text = 'RED'
79.0771 	EXP 	fixation: autoDraw = True
79.5773 	INFO 	Keyboard events cleared
79.5767 	EXP 	fixation: autoDraw = False
79.5767 	EXP 	text: autoDraw = True
80.0944 	EXP 	New trial (rep=10, index=2): <Trial 42 (2 in rep 10) data={'word': 'BLUE', 'colour': 'blue', 'stim_condition': 'C', 'correct_res': 'b', 'thisN': 42, 'thisTrialN': 2, 'thisRepN': 10}>
80.1006 	DATA 	Keypress: r
80.1096 	EXP 	fixation: autoDraw = False
80.1096 	EXP 	text: autoDraw = False
80.1096 	EXP 	text: foreColor = <psychopy.colors.Color: blue, alpha=1.0>
80.1096 	EXP 	text: height = 0.05
80.1096 	EXP 	text: height = 0.05
80.1096 	EXP 	text: height = 0.05
80.1096 	EXP 	text: text = 'BLUE'
80.1096 	EXP 	fixation: autoDraw = True
80.6097 	INFO 	Keyboard events cleared
80.6091 	EXP 	fixation: autoDraw = False
80.6091 	EXP 	text: autoDraw = True
81.1615 	DATA 	Keypress: b
81.1767 	EXP 	New trial (rep=10, index=3): <Trial 43 (3 in rep 10) data={'word': 'BLUE', 'colour': 'red', 'stim_condition': 'I', 'correct_res': 'r', 'thisN': 43, 'thisTrialN': 3, 'thisRepN': 10}>
81.1920 	EXP 	fixation: autoDraw = False
81.1920 	EXP 	text: autoDraw = False
81.1920 	EXP 	text: foreColor = <psychopy.colors.Color: red, alpha=1.0>
81.1920 	EXP 	text: text = 'BLUE'
81.1920 	EXP 	fixation: autoDraw = True
81.6921 	INFO 	Keyboard events cleared
81.6916 	EXP 	fixation: autoDraw = False
81.6916 	EXP 	text: autoDraw = True
82.1595 	EXP 	New trial (rep=11, index=0): <Trial 44 (0 in rep 11) data={'word': 'RED', 'colour': 'red', 'stim_condition': 'C', 'correct_res': 'r', 'thisN': 44, 'thisTrialN': 0, 'thisRepN': 11}>
82.1667 	DATA 	Keypress: r
82.1745 	EXP 	fixation: autoDraw = False
82.1745 	EXP 	text: autoDraw = False
82.1745 	EXP 	text: foreColor = <psychopy.colors.Color: red, alpha=1.0>
82.1745 	EXP 	text: height = 0.05
82.1745 	EXP 	text: height = 0.05
82.1745 	EXP 	text: height = 0.05
82.1745 	EXP 	text: text = 'RED'
82.1745 	EXP 	fixation: autoDraw = True
82.6746 	INFO 	Keyboard events cleared
82.6742 	EXP 	fixation: autoDraw = False
82.6742 	EXP 	text: autoDraw = True
83.0762 	DATA 	Keypress: r
83.0921 	EXP 	New trial (rep=11, index=1): <Trial 45 (1 in rep 11) data={'word': 'RED', 'colour': 'blue', 'stim_condition': 'I', 'correct_res': 'b', 'thisN': 45, 'thisTrialN': 1, 'thisRepN': 11}>
83.1071 	EXP 	fixation: autoDraw = False
83.1071 	EXP 	text: autoDraw = False
83.1071 	EXP 	text: foreColor = <psychopy.colors.Color: blue, alpha=1.0>
83.1071 	EXP 	text: text = 'RED'
83.1071 	EXP 	fixation: autoDraw = True
83.6072 	INFO 	Keyboard events cleared
83.6066 	EXP 	fixation: autoDraw = False
83.6066 	EXP 	text: autoDraw = True
84.2243 	EXP 	New trial (rep=11, index=2): <Trial 46 (2 in rep 11) data={'word': 'BLUE', 'colour': 'blue', 'stim_condition': 'C', 'correct_res': 'b', 'thisN': 46, 'thisTrialN': 2, 'thisRepN': 11}>
84.2306 	DATA 	Keypress: b
84.2392 	EXP 	fixation: autoDraw = False
84.2392 	EXP 	text: autoDraw = False
84.2392 	EXP 	text: foreColor = <psychopy.colors.Color: blue, alpha=1.0>
84.2392 	EXP 	text: height = 0.05
84.2392 	EXP 	text: height = 0.05
84.2392 	EXP 	text: height = 0.05
84.2392 	EXP 	text: text = 'BLUE'
84.2392 	EXP 	fixation: autoDraw = True
84.7393 	INFO 	Keyboard events cleared
84.7388 	EXP 	fixation: autoDraw = False
84.7388 	EXP 	text: autoDraw = True
85.1403 	EXP 	New trial (rep=11, index=3): <Trial 47 (3 in rep 11) data={'word': 'BLUE', 'colour': 'red', 'stim_condition': 'I', 'correct_res': 'r', 'thisN': 47, 'thisTrialN': 3, 'thisRepN': 11}>
85.1425 	DATA 	Keypress: b
85.1551 	EXP 	fixation: autoDraw = False
85.1551 	EXP 	text: autoDraw = False
85.1551 	EXP 	text: foreColor = <psychopy.colors.Color: red, alpha=1.0>
85.1551 	EXP 	text: text = 'BLUE'
85.1551 	EXP 	fixation: autoDraw = True
85.6552 	INFO 	Keyboard events cleared
85.6547 	EXP 	fixation: autoDraw = False
85.6547 	EXP 	text: autoDraw = True
86.0226 	EXP 	New trial (rep=12, index=0): <Trial 48 (0 in rep 12) data={'word': 'RED', 'colour': 'red', 'stim_condition': 'C', 'correct_res': 'r', 'thisN': 48, 'thisTrialN': 0, 'thisRepN': 12}>
86.0296 	DATA 	Keypress: r
86.0377 	EXP 	fixation: autoDraw = False
86.0377 	EXP 	text: autoDraw = False
86.0377 	EXP 	text: foreColor = <psychopy.colors.Color: red, alpha=1.0>
86.0377 	EXP 	text: height = 0.05
86.0377 	EXP 	text: height = 0.05
86.0377 	EXP 	text: height = 0.05
86.0377 	EXP 	text: text = 'RED'
86.0377 	EXP 	fixation: autoDraw = True
86.5378 	INFO 	Keyboard events cleared
86.5373 	EXP 	fixation: autoDraw = False
86.5373 	EXP 	text: autoDraw = True
86.8899 	DATA 	Keypress: r
86.9051 	EXP 	New trial (rep=12, index=1): <Trial 49 (1 in rep 12) data={'word': 'BLUE', 'colour': 'blue', 'stim_condition': 'C', 'correct_res': 'b', 'thisN': 49, 'thisTrialN': 1, 'thisRepN': 12}>
86.9203 	EXP 	fixation: autoDraw = False
86.9203 	EXP 	text: autoDraw = False
86.9203 	EXP 	text: foreColor = <psychopy.colors.Color: blue, alpha=1.0>
86.9203 	EXP 	text: height = 0.05
86.9203 	EXP 	text: height = 0.05
86.9203 	EXP 	text: height = 0.05
86.9203 	EXP 	text: text = 'BLUE'
86.9203 	EXP 	fixation: autoDraw = True
87.4206 	INFO 	Keyboard events cleared
87.4201 	EXP 	fixation: autoDraw = False
87.4201 	EXP 	text: autoDraw = True
87.8716 	EXP 	New trial (rep=12, index=2): <Trial 50 (2 in rep 12) data={'word': 'BLUE', 'colour': 'red', 'stim_condition': 'I', 'correct_res': 'r', 'thisN': 50, 'thisTrialN': 2, 'thisRepN': 12}>
87.8738 	DATA 	Keypress: b
87.8864 	EXP 	fixation: autoDraw = False
87.8864 	EXP 	text: autoDraw = False
87.8864 	EXP 	text: foreColor = <psychopy.colors.Color: red, alpha=1.0>
87.8864 	EXP 	text: text = 'BLUE'
87.8864 	EXP 	fixation: autoDraw = True
88.3861 	INFO 	Keyboard events cleared
88.3856 	EXP 	fixation: autoDraw = False
88.3856 	EXP 	text: autoDraw = True
88.9702 	EXP 	New trial (rep=12, index=3): <Trial 51 (3 in rep 12) data={'word': 'RED', 'colour': 'blue', 'stim_condition': 'I', 'correct_res': 'b', 'thisN': 51, 'thisTrialN': 3, 'thisRepN': 12}>
88.9765 	DATA 	Keypress: r
88.9851 	EXP 	fixation: autoDraw = False
88.9851 	EXP 	text: autoDraw = False
88.9851 	EXP 	text: foreColor = <psychopy.colors.Color: blue, alpha=1.0>
88.9851 	EXP 	text: height = 0.05
88.9851 	EXP 	text: height = 0.05
88.9851 	EXP 	text: height = 0.05
88.9851 	EXP 	text: text = 'RED'
88.9851 	EXP 	fixation: autoDraw = True
89.4852 	INFO 	Keyboard events cleared
89.4847 	EXP 	fixation: autoDraw = False
89.4847 	EXP 	text: autoDraw = True
90.1529 	EXP 	New trial (rep=13, index=0): <Trial 52 (0 in rep 13) data={'word': 'BLUE', 'colour': 'red', 'stim_condition': 'I', 'correct_res': 'r', 'thisN': 52, 'thisTrialN': 0, 'thisRepN': 13}>
90.1584 	DATA 	Keypress: b
90.1676 	EXP 	fixation: autoDraw = False
90.1676 	EXP 	text: autoDraw = False
90.1676 	EXP 	text: foreColor = <psychopy.colors.Color: red, alpha=1.0>
90.1676 	EXP 	text: height = 0.05
90.1676 	EXP 	text: height = 0.05
90.1676 	EXP 	text: height = 0.05
90.1676 	EXP 	text: text = 'BLUE'
90.1676 	EXP 	fixation: autoDraw = True
90.6677 	INFO 	Keyboard events cleared
90.6672 	EXP 	fixation: autoDraw = False
90.6672 	EXP 	text: autoDraw = True
91.0514 	EXP 	New trial (rep=13, index=1): <Trial 53 (1 in rep 13) data={'word': 'RED', 'colour': 'blue', 'stim_condition': 'I', 'correct_res': 'b', 'thisN': 53, 'thisTrialN': 1, 'thisRepN': 13}>
91.0577 	DATA 	Keypress: r
91.0667 	EXP 	fixation: autoDraw = False
91.0667 	EXP 	text: autoDraw = False
91.0667 	EXP 	text: foreColor = <psychopy.colors.Color: blue, alpha=1.0>
91.0667 	EXP 	text: height = 0.05
91.0667 	EXP 	text: height = 0.05
91.0667 	EXP 	text: height = 0.05
91.0667 	EXP 	text: text = 'RED'
91.0667 	EXP 	fixation: autoDraw = True
91.5668 	INFO 	Keyboard events cleared
91.5663 	EXP 	fixation: autoDraw = False
91.5663 	EXP 	text: autoDraw = True
92.1675 	EXP 	New trial (rep=13, index=2): <Trial 54 (2 in rep 13) data={'word': 'RED', 'colour': 'red', 'stim_condition': 'C', 'correct_res': 'r', 'thisN': 54, 'thisTrialN': 2, 'thisRepN': 13}>
92.1700 	DATA 	Keypress: b
92.1826 	EXP 	fixation: autoDraw = False
92.1826 	EXP 	text: autoDraw = False
92.1826 	EXP 	text: foreColor = <psychopy.colors.Color: red, alpha=1.0>
92.1826 	EXP 	text: text = 'RED'
92.1826 	EXP 	fixation: autoDraw = True
92.6825 	INFO 	Keyboard events cleared
92.6821 	EXP 	fixation: autoDraw = False
92.6821 	EXP 	text: autoDraw = True
93.2500 	EXP 	New trial (rep=13, index=3): <Trial 55 (3 in rep 13) data={'word': 'BLUE', 'colour': 'blue', 'stim_condition': 'C', 'correct_res': 'b', 'thisN': 55, 'thisTrialN': 3, 'thisRepN': 13}>
93.2568 	DATA 	Keypress: r
93.2649 	EXP 	fixation: autoDraw = False
93.2649 	EXP 	text: autoDraw = False
93.2649 	EXP 	text: foreColor = <psychopy.colors.Color: blue, alpha=1.0>
93.2649 	EXP 	text: height = 0.05
93.2649 	EXP 	text: height = 0.05
93.2649 	EXP 	text: height = 0.05
93.2649 	EXP 	text: text = 'BLUE'
93.2649 	EXP 	fixation: autoDraw = True
93.7648 	INFO 	Keyboard events cleared
93.7644 	EXP 	fixation: autoDraw = False
93.7644 	EXP 	text: autoDraw = True
94.4153 	EXP 	New trial (rep=14, index=0): <Trial 56 (0 in rep 14) data={'word': 'BLUE', 'colour': 'blue', 'stim_condition': 'C', 'correct_res': 'b', 'thisN': 56, 'thisTrialN': 0, 'thisRepN': 14}>
94.4175 	DATA 	Keypress: b
94.4304 	EXP 	fixation: autoDraw = False
94.4304 	EXP 	text: autoDraw = False
94.4304 	EXP 	text: foreColor = <psychopy.colors.Color: blue, alpha=1.0>
94.4304 	EXP 	text: text = 'BLUE'
94.4304 	EXP 	fixation: autoDraw = True
94.9304 	INFO 	Keyboard events cleared
94.9300 	EXP 	fixation: autoDraw = False
94.9300 	EXP 	text: autoDraw = True
95.4143 	EXP 	New trial (rep=14, index=1): <Trial 57 (1 in rep 14) data={'word': 'BLUE', 'colour': 'red', 'stim_condition': 'I', 'correct_res': 'r', 'thisN': 57, 'thisTrialN': 1, 'thisRepN': 14}>
95.4165 	DATA 	Keypress: b
95.4295 	EXP 	fixation: autoDraw = False
95.4295 	EXP 	text: autoDraw = False
95.4295 	EXP 	text: foreColor = <psychopy.colors.Color: red, alpha=1.0>
95.4295 	EXP 	text: text = 'BLUE'
95.4295 	EXP 	fixation: autoDraw = True
95.9297 	INFO 	Keyboard events cleared
95.9292 	EXP 	fixation: autoDraw = False
95.9292 	EXP 	text: autoDraw = True
96.5802 	EXP 	New trial (rep=14, index=2): <Trial 58 (2 in rep 14) data={'word': 'RED', 'colour': 'blue', 'stim_condition': 'I', 'correct_res': 'b', 'thisN': 58, 'thisTrialN': 2, 'thisRepN': 14}>
96.5875 	DATA 	Keypress: r
96.5952 	EXP 	fixation: autoDraw = False
96.5952 	EXP 	text: autoDraw = False
96.5952 	EXP 	text: foreColor = <psychopy.colors.Color: blue, alpha=1.0>
96.5952 	EXP 	text: height = 0.05
96.5952 	EXP 	text: height = 0.05
96.5952 	EXP 	text: height = 0.05
96.5952 	EXP 	text: text = 'RED'
96.5952 	EXP 	fixation: autoDraw = True
97.0953 	INFO 	Keyboard events cleared
97.0948 	EXP 	fixation: autoDraw = False
97.0948 	EXP 	text: autoDraw = True
97.6960 	EXP 	New trial (rep=14, index=3): <Trial 59 (3 in rep 14) data={'word': 'RED', 'colour': 'red', 'stim_condition': 'C', 'correct_res': 'r', 'thisN': 59, 'thisTrialN': 3, 'thisRepN': 14}>
97.6983 	DATA 	Keypress: b
97.7110 	EXP 	fixation: autoDraw = False
97.7110 	EXP 	text: autoDraw = False
97.7110 	EXP 	text: foreColor = <psychopy.colors.Color: red, alpha=1.0>
97.7110 	EXP 	text: text = 'RED'
97.7110 	EXP 	fixation: autoDraw = True
98.2110 	INFO 	Keyboard events cleared
98.2106 	EXP 	fixation: autoDraw = False
98.2106 	EXP 	text: autoDraw = True
98.7951 	EXP 	New trial (rep=15, index=0): <Trial 60 (0 in rep 15) data={'word': 'RED', 'colour': 'red', 'stim_condition': 'C', 'correct_res': 'r', 'thisN': 60, 'thisTrialN': 0, 'thisRepN': 15}>
98.7971 	DATA 	Keypress: r
98.8099 	EXP 	fixation: autoDraw = False
98.8099 	EXP 	text: autoDraw = False
98.8099 	EXP 	text: foreColor = <psychopy.colors.Color: red, alpha=1.0>
98.8099 	EXP 	text: text = 'RED'
98.8099 	EXP 	fixation: autoDraw = True
99.3101 	INFO 	Keyboard events cleared
99.3095 	EXP 	fixation: autoDraw = False
99.3095 	EXP 	text: autoDraw = True
99.7273 	EXP 	New trial (rep=15, index=1): <Trial 61 (1 in rep 15) data={'word': 'BLUE', 'colour': 'red', 'stim_condition': 'I', 'correct_res': 'r', 'thisN': 61, 'thisTrialN': 1, 'thisRepN': 15}>
99.7340 	DATA 	Keypress: r
99.7424 	EXP 	fixation: autoDraw = False
99.7424 	EXP 	text: autoDraw = False
99.7424 	EXP 	text: foreColor = <psychopy.colors.Color: red, alpha=1.0>
99.7424 	EXP 	text: height = 0.05
99.7424 	EXP 	text: height = 0.05
99.7424 	EXP 	text: height = 0.05
99.7424 	EXP 	text: text = 'BLUE'
99.7424 	EXP 	fixation: autoDraw = True
100.2423 	INFO 	Keyboard events cleared
100.2420 	EXP 	fixation: autoDraw = False
100.2420 	EXP 	text: autoDraw = True
100.7599 	EXP 	New trial (rep=15, index=2): <Trial 62 (2 in rep 15) data={'word': 'BLUE', 'colour': 'blue', 'stim_condition': 'C', 'correct_res': 'b', 'thisN': 62, 'thisTrialN': 2, 'thisRepN': 15}>
100.7623 	DATA 	Keypress: b
100.7749 	EXP 	fixation: autoDraw = False
100.7749 	EXP 	text: autoDraw = False
100.7749 	EXP 	text: foreColor = <psychopy.colors.Color: blue, alpha=1.0>
100.7749 	EXP 	text: text = 'BLUE'
100.7749 	EXP 	fixation: autoDraw = True
101.2750 	INFO 	Keyboard events cleared
101.2745 	EXP 	fixation: autoDraw = False
101.2745 	EXP 	text: autoDraw = True
102.5252 	EXP 	New trial (rep=15, index=3): <Trial 63 (3 in rep 15) data={'word': 'RED', 'colour': 'blue', 'stim_condition': 'I', 'correct_res': 'b', 'thisN': 63, 'thisTrialN': 3, 'thisRepN': 15}>
102.5328 	DATA 	Keypress: b
102.5401 	EXP 	fixation: autoDraw = False
102.5401 	EXP 	text: autoDraw = False
102.5401 	EXP 	text: foreColor = <psychopy.colors.Color: blue, alpha=1.0>
102.5401 	EXP 	text: height = 0.05
102.5401 	EXP 	text: height = 0.05
102.5401 	EXP 	text: height = 0.05
102.5401 	EXP 	text: text = 'RED'
102.5401 	EXP 	fixation: autoDraw = True
103.0404 	INFO 	Keyboard events cleared
103.0398 	EXP 	fixation: autoDraw = False
103.0398 	EXP 	text: autoDraw = True
103.5743 	EXP 	New trial (rep=16, index=0): <Trial 64 (0 in rep 16) data={'word': 'BLUE', 'colour': 'red', 'stim_condition': 'I', 'correct_res': 'r', 'thisN': 64, 'thisTrialN': 0, 'thisRepN': 16}>
103.5810 	DATA 	Keypress: b
103.5893 	EXP 	fixation: autoDraw = False
103.5893 	EXP 	text: autoDraw = False
103.5893 	EXP 	text: foreColor = <psychopy.colors.Color: red, alpha=1.0>
103.5893 	EXP 	text: height = 0.05
103.5893 	EXP 	text: height = 0.05
103.5893 	EXP 	text: height = 0.05
103.5893 	EXP 	text: text = 'BLUE'
103.5893 	EXP 	fixation: autoDraw = True
104.0891 	INFO 	Keyboard events cleared
104.0886 	EXP 	fixation: autoDraw = False
104.0886 	EXP 	text: autoDraw = True
104.5242 	DATA 	Keypress: r
104.5398 	EXP 	New trial (rep=16, index=1): <Trial 65 (1 in rep 16) data={'word': 'BLUE', 'colour': 'blue', 'stim_condition': 'C', 'correct_res': 'b', 'thisN': 65, 'thisTrialN': 1, 'thisRepN': 16}>
104.5549 	EXP 	fixation: autoDraw = False
104.5549 	EXP 	text: autoDraw = False
104.5549 	EXP 	text: foreColor = <psychopy.colors.Color: blue, alpha=1.0>
104.5549 	EXP 	text: text = 'BLUE'
104.5549 	EXP 	fixation: autoDraw = True
105.0551 	INFO 	Keyboard events cleared
105.0545 	EXP 	fixation: autoDraw = False
105.0545 	EXP 	text: autoDraw = True
105.4726 	EXP 	New trial (rep=16, index=2): <Trial 66 (2 in rep 16) data={'word': 'RED', 'colour': 'blue', 'stim_condition': 'I', 'correct_res': 'b', 'thisN': 66, 'thisTrialN': 2, 'thisRepN': 16}>
105.4793 	DATA 	Keypress: b
105.4874 	EXP 	fixation: autoDraw = False
105.4874 	EXP 	text: autoDraw = False
105.4874 	EXP 	text: foreColor = <psychopy.colors.Color: blue, alpha=1.0>
105.4874 	EXP 	text: height = 0.05
105.4874 	EXP 	text: height = 0.05
105.4874 	EXP 	text: height = 0.05
105.4874 	EXP 	text: text = 'RED'
105.4874 	EXP 	fixation: autoDraw = True
105.9874 	INFO 	Keyboard events cleared
105.9870 	EXP 	fixation: autoDraw = False
105.9870 	EXP 	text: autoDraw = True
106.8553 	DATA 	Keypress: b
106.8712 	EXP 	New trial (rep=16, index=3): <Trial 67 (3 in rep 16) data={'word': 'RED', 'colour': 'red', 'stim_condition': 'C', 'correct_res': 'r', 'thisN': 67, 'thisTrialN': 3, 'thisRepN': 16}>
106.8863 	EXP 	fixation: autoDraw = False
106.8863 	EXP 	text: autoDraw = False
106.8863 	EXP 	text: foreColor = <psychopy.colors.Color: red, alpha=1.0>
106.8863 	EXP 	text: text = 'RED'
106.8863 	EXP 	fixation: autoDraw = True
107.3863 	INFO 	Keyboard events cleared
107.3859 	EXP 	fixation: autoDraw = False
107.3859 	EXP 	text: autoDraw = True
107.8540 	EXP 	New trial (rep=17, index=0): <Trial 68 (0 in rep 17) data={'word': 'BLUE', 'colour': 'red', 'stim_condition': 'I', 'correct_res': 'r', 'thisN': 68, 'thisTrialN': 0, 'thisRepN': 17}>
107.8608 	DATA 	Keypress: r
107.8688 	EXP 	fixation: autoDraw = False
107.8688 	EXP 	text: autoDraw = False
107.8688 	EXP 	text: foreColor = <psychopy.colors.Color: red, alpha=1.0>
107.8688 	EXP 	text: height = 0.05
107.8688 	EXP 	text: height = 0.05
107.8688 	EXP 	text: height = 0.05
107.8688 	EXP 	text: text = 'BLUE'
107.8688 	EXP 	fixation: autoDraw = True
108.3689 	INFO 	Keyboard events cleared
108.3684 	EXP 	fixation: autoDraw = False
108.3684 	EXP 	text: autoDraw = True
109.2191 	EXP 	New trial (rep=17, index=1): <Trial 69 (1 in rep 17) data={'word': 'BLUE', 'colour': 'blue', 'stim_condition': 'C', 'correct_res': 'b', 'thisN': 69, 'thisTrialN': 1, 'thisRepN': 17}>
109.2219 	DATA 	Keypress: r
109.2341 	EXP 	fixation: autoDraw = False
109.2341 	EXP 	text: autoDraw = False
109.2341 	EXP 	text: foreColor = <psychopy.colors.Color: blue, alpha=1.0>
109.2341 	EXP 	text: text = 'BLUE'
109.2341 	EXP 	fixation: autoDraw = True
109.7342 	INFO 	Keyboard events cleared
109.7337 	EXP 	fixation: autoDraw = False
109.7337 	EXP 	text: autoDraw = True
110.5014 	EXP 	New trial (rep=17, index=2): <Trial 70 (2 in rep 17) data={'word': 'RED', 'colour': 'blue', 'stim_condition': 'I', 'correct_res': 'b', 'thisN': 70, 'thisTrialN': 2, 'thisRepN': 17}>
110.5082 	DATA 	Keypress: b
110.5164 	EXP 	fixation: autoDraw = False
110.5164 	EXP 	text: autoDraw = False
110.5164 	EXP 	text: foreColor = <psychopy.colors.Color: blue, alpha=1.0>
110.5164 	EXP 	text: height = 0.05
110.5164 	EXP 	text: height = 0.05
110.5164 	EXP 	text: height = 0.05
110.5164 	EXP 	text: text = 'RED'
110.5164 	EXP 	fixation: autoDraw = True
111.0165 	INFO 	Keyboard events cleared
111.0160 	EXP 	fixation: autoDraw = False
111.0160 	EXP 	text: autoDraw = True
111.6517 	DATA 	Keypress: r
111.6667 	EXP 	New trial (rep=17, index=3): <Trial 71 (3 in rep 17) data={'word': 'RED', 'colour': 'red', 'stim_condition': 'C', 'correct_res': 'r', 'thisN': 71, 'thisTrialN': 3, 'thisRepN': 17}>
111.6821 	EXP 	fixation: autoDraw = False
111.6821 	EXP 	text: autoDraw = False
111.6821 	EXP 	text: foreColor = <psychopy.colors.Color: red, alpha=1.0>
111.6821 	EXP 	text: text = 'RED'
111.6821 	EXP 	fixation: autoDraw = True
112.1822 	INFO 	Keyboard events cleared
112.1817 	EXP 	fixation: autoDraw = False
112.1817 	EXP 	text: autoDraw = True
113.6154 	EXP 	New trial (rep=18, index=0): <Trial 72 (0 in rep 18) data={'word': 'RED', 'colour': 'blue', 'stim_condition': 'I', 'correct_res': 'b', 'thisN': 72, 'thisTrialN': 0, 'thisRepN': 18}>
113.6176 	DATA 	Keypress: r
113.6305 	EXP 	fixation: autoDraw = False
113.6305 	EXP 	text: autoDraw = False
113.6305 	EXP 	text: foreColor = <psychopy.colors.Color: blue, alpha=1.0>
113.6305 	EXP 	text: text = 'RED'
113.6305 	EXP 	fixation: autoDraw = True
114.1304 	INFO 	Keyboard events cleared
114.1299 	EXP 	fixation: autoDraw = False
114.1299 	EXP 	text: autoDraw = True
114.4979 	EXP 	New trial (rep=18, index=1): <Trial 73 (1 in rep 18) data={'word': 'BLUE', 'colour': 'blue', 'stim_condition': 'C', 'correct_res': 'b', 'thisN': 73, 'thisTrialN': 1, 'thisRepN': 18}>
114.5039 	DATA 	Keypress: b
114.5129 	EXP 	fixation: autoDraw = False
114.5129 	EXP 	text: autoDraw = False
114.5129 	EXP 	text: foreColor = <psychopy.colors.Color: blue, alpha=1.0>
114.5129 	EXP 	text: height = 0.05
114.5129 	EXP 	text: height = 0.05
114.5129 	EXP 	text: height = 0.05
114.5129 	EXP 	text: text = 'BLUE'
114.5129 	EXP 	fixation: autoDraw = True
115.0129 	INFO 	Keyboard events cleared
115.0125 	EXP 	fixation: autoDraw = False
115.0125 	EXP 	text: autoDraw = True
115.3305 	EXP 	New trial (rep=18, index=2): <Trial 74 (2 in rep 18) data={'word': 'RED', 'colour': 'red', 'stim_condition': 'C', 'correct_res': 'r', 'thisN': 74, 'thisTrialN': 2, 'thisRepN': 18}>
115.3372 	DATA 	Keypress: b
115.3455 	EXP 	fixation: autoDraw = False
115.3455 	EXP 	text: autoDraw = False
115.3455 	EXP 	text: foreColor = <psychopy.colors.Color: red, alpha=1.0>
115.3455 	EXP 	text: height = 0.05
115.3455 	EXP 	text: height = 0.05
115.3455 	EXP 	text: height = 0.05
115.3455 	EXP 	text: text = 'RED'
115.3455 	EXP 	fixation: autoDraw = True
115.8455 	INFO 	Keyboard events cleared
115.8451 	EXP 	fixation: autoDraw = False
115.8451 	EXP 	text: autoDraw = True
116.2128 	EXP 	New trial (rep=18, index=3): <Trial 75 (3 in rep 18) data={'word': 'BLUE', 'colour': 'red', 'stim_condition': 'I', 'correct_res': 'r', 'thisN': 75, 'thisTrialN': 3, 'thisRepN': 18}>
116.2190 	DATA 	Keypress: r
116.2281 	EXP 	fixation: autoDraw = False
116.2281 	EXP 	text: autoDraw = False
116.2281 	EXP 	text: foreColor = <psychopy.colors.Color: red, alpha=1.0>
116.2281 	EXP 	text: height = 0.05
116.2281 	EXP 	text: height = 0.05
116.2281 	EXP 	text: height = 0.05
116.2281 	EXP 	text: text = 'BLUE'
116.2281 	EXP 	fixation: autoDraw = True
116.7281 	INFO 	Keyboard events cleared
116.7276 	EXP 	fixation: autoDraw = False
116.7276 	EXP 	text: autoDraw = True
117.1288 	EXP 	New trial (rep=19, index=0): <Trial 76 (0 in rep 19) data={'word': 'BLUE', 'colour': 'red', 'stim_condition': 'I', 'correct_res': 'r', 'thisN': 76, 'thisTrialN': 0, 'thisRepN': 19}>
117.1313 	DATA 	Keypress: r
117.1440 	EXP 	fixation: autoDraw = False
117.1440 	EXP 	text: autoDraw = False
117.1440 	EXP 	text: foreColor = <psychopy.colors.Color: red, alpha=1.0>
117.1440 	EXP 	text: text = 'BLUE'
117.1440 	EXP 	fixation: autoDraw = True
117.6441 	INFO 	Keyboard events cleared
117.6436 	EXP 	fixation: autoDraw = False
117.6436 	EXP 	text: autoDraw = True
117.9783 	EXP 	New trial (rep=19, index=1): <Trial 77 (1 in rep 19) data={'word': 'BLUE', 'colour': 'blue', 'stim_condition': 'C', 'correct_res': 'b', 'thisN': 77, 'thisTrialN': 1, 'thisRepN': 19}>
117.9804 	DATA 	Keypress: r
117.9933 	EXP 	fixation: autoDraw = False
117.9933 	EXP 	text: autoDraw = False
117.9933 	EXP 	text: foreColor = <psychopy.colors.Color: blue, alpha=1.0>
117.9933 	EXP 	text: text = 'BLUE'
117.9933 	EXP 	fixation: autoDraw = True
118.4934 	INFO 	Keyboard events cleared
118.4930 	EXP 	fixation: autoDraw = False
118.4930 	EXP 	text: autoDraw = True
119.1108 	EXP 	New trial (rep=19, index=2): <Trial 78 (2 in rep 19) data={'word': 'RED', 'colour': 'red', 'stim_condition': 'C', 'correct_res': 'r', 'thisN': 78, 'thisTrialN': 2, 'thisRepN': 19}>
119.1171 	DATA 	Keypress: b
119.1255 	EXP 	fixation: autoDraw = False
119.1255 	EXP 	text: autoDraw = False
119.1255 	EXP 	text: foreColor = <psychopy.colors.Color: red, alpha=1.0>
119.1255 	EXP 	text: height = 0.05
119.1255 	EXP 	text: height = 0.05
119.1255 	EXP 	text: height = 0.05
119.1255 	EXP 	text: text = 'RED'
119.1255 	EXP 	fixation: autoDraw = True
119.6256 	INFO 	Keyboard events cleared
119.6251 	EXP 	fixation: autoDraw = False
119.6251 	EXP 	text: autoDraw = True
120.2095 	EXP 	New trial (rep=19, index=3): <Trial 79 (3 in rep 19) data={'word': 'RED', 'colour': 'blue', 'stim_condition': 'I', 'correct_res': 'b', 'thisN': 79, 'thisTrialN': 3, 'thisRepN': 19}>
120.2119 	DATA 	Keypress: r
120.2247 	EXP 	fixation: autoDraw = False
120.2247 	EXP 	text: autoDraw = False
120.2247 	EXP 	text: foreColor = <psychopy.colors.Color: blue, alpha=1.0>
120.2247 	EXP 	text: text = 'RED'
120.2247 	EXP 	fixation: autoDraw = True
120.7248 	INFO 	Keyboard events cleared
120.7242 	EXP 	fixation: autoDraw = False
120.7242 	EXP 	text: autoDraw = True
121.3085 	EXP 	New trial (rep=20, index=0): <Trial 80 (0 in rep 20) data={'word': 'BLUE', 'colour': 'blue', 'stim_condition': 'C', 'correct_res': 'b', 'thisN': 80, 'thisTrialN': 0, 'thisRepN': 20}>
121.3147 	DATA 	Keypress: b
121.3236 	EXP 	fixation: autoDraw = False
121.3236 	EXP 	text: autoDraw = False
121.3236 	EXP 	text: foreColor = <psychopy.colors.Color: blue, alpha=1.0>
121.3236 	EXP 	text: height = 0.05
121.3236 	EXP 	text: height = 0.05
121.3236 	EXP 	text: height = 0.05
121.3236 	EXP 	text: text = 'BLUE'
121.3236 	EXP 	fixation: autoDraw = True
121.8237 	INFO 	Keyboard events cleared
121.8232 	EXP 	fixation: autoDraw = False
121.8232 	EXP 	text: autoDraw = True
122.1914 	EXP 	New trial (rep=20, index=1): <Trial 81 (1 in rep 20) data={'word': 'RED', 'colour': 'red', 'stim_condition': 'C', 'correct_res': 'r', 'thisN': 81, 'thisTrialN': 1, 'thisRepN': 20}>
122.1981 	DATA 	Keypress: b
122.2063 	EXP 	fixation: autoDraw = False
122.2063 	EXP 	text: autoDraw = False
122.2063 	EXP 	text: foreColor = <psychopy.colors.Color: red, alpha=1.0>
122.2063 	EXP 	text: height = 0.05
122.2063 	EXP 	text: height = 0.05
122.2063 	EXP 	text: height = 0.05
122.2063 	EXP 	text: text = 'RED'
122.2063 	EXP 	fixation: autoDraw = True
122.7063 	INFO 	Keyboard events cleared
122.7058 	EXP 	fixation: autoDraw = False
122.7058 	EXP 	text: autoDraw = True
123.1569 	EXP 	New trial (rep=20, index=2): <Trial 82 (2 in rep 20) data={'word': 'BLUE', 'colour': 'red', 'stim_condition': 'I', 'correct_res': 'r', 'thisN': 82, 'thisTrialN': 2, 'thisRepN': 20}>
123.1632 	DATA 	Keypress: r
123.1721 	EXP 	fixation: autoDraw = False
123.1721 	EXP 	text: autoDraw = False
123.1721 	EXP 	text: foreColor = <psychopy.colors.Color: red, alpha=1.0>
123.1721 	EXP 	text: height = 0.05
123.1721 	EXP 	text: height = 0.05
123.1721 	EXP 	text: height = 0.05
123.1721 	EXP 	text: text = 'BLUE'
123.1721 	EXP 	fixation: autoDraw = True
123.6724 	INFO 	Keyboard events cleared
123.6718 	EXP 	fixation: autoDraw = False
123.6718 	EXP 	text: autoDraw = True
124.1071 	DATA 	Keypress: r
124.1236 	EXP 	New trial (rep=20, index=3): <Trial 83 (3 in rep 20) data={'word': 'RED', 'colour': 'blue', 'stim_condition': 'I', 'correct_res': 'b', 'thisN': 83, 'thisTrialN': 3, 'thisRepN': 20}>
124.1378 	EXP 	fixation: autoDraw = False
124.1378 	EXP 	text: autoDraw = False
124.1378 	EXP 	text: foreColor = <psychopy.colors.Color: blue, alpha=1.0>
124.1378 	EXP 	text: height = 0.05
124.1378 	EXP 	text: height = 0.05
124.1378 	EXP 	text: height = 0.05
124.1378 	EXP 	text: text = 'RED'
124.1378 	EXP 	fixation: autoDraw = True
124.6378 	INFO 	Keyboard events cleared
124.6374 	EXP 	fixation: autoDraw = False
124.6374 	EXP 	text: autoDraw = True
125.1724 	EXP 	New trial (rep=21, index=0): <Trial 84 (0 in rep 21) data={'word': 'RED', 'colour': 'blue', 'stim_condition': 'I', 'correct_res': 'b', 'thisN': 84, 'thisTrialN': 0, 'thisRepN': 21}>
125.1746 	DATA 	Keypress: b
125.1869 	EXP 	fixation: autoDraw = False
125.1869 	EXP 	text: autoDraw = False
125.1869 	EXP 	text: foreColor = <psychopy.colors.Color: blue, alpha=1.0>
125.1869 	EXP 	text: text = 'RED'
125.1869 	EXP 	fixation: autoDraw = True
125.6869 	INFO 	Keyboard events cleared
125.6865 	EXP 	fixation: autoDraw = False
125.6865 	EXP 	text: autoDraw = True
126.2375 	EXP 	New trial (rep=21, index=1): <Trial 85 (1 in rep 21) data={'word': 'BLUE', 'colour': 'red', 'stim_condition': 'I', 'correct_res': 'r', 'thisN': 85, 'thisTrialN': 1, 'thisRepN': 21}>
126.2436 	DATA 	Keypress: b
126.2527 	EXP 	fixation: autoDraw = False
126.2527 	EXP 	text: autoDraw = False
126.2527 	EXP 	text: foreColor = <psychopy.colors.Color: red, alpha=1.0>
126.2527 	EXP 	text: height = 0.05
126.2527 	EXP 	text: height = 0.05
126.2527 	EXP 	text: height = 0.05
126.2527 	EXP 	text: text = 'BLUE'
126.2527 	EXP 	fixation: autoDraw = True
126.7527 	INFO 	Keyboard events cleared
126.7523 	EXP 	fixation: autoDraw = False
126.7523 	EXP 	text: autoDraw = True
127.1206 	EXP 	New trial (rep=21, index=2): <Trial 86 (2 in rep 21) data={'word': 'RED', 'colour': 'red', 'stim_condition': 'C', 'correct_res': 'r', 'thisN': 86, 'thisTrialN': 2, 'thisRepN': 21}>
127.1267 	DATA 	Keypress: r
127.1353 	EXP 	fixation: autoDraw = False
127.1353 	EXP 	text: autoDraw = False
127.1353 	EXP 	text: foreColor = <psychopy.colors.Color: red, alpha=1.0>
127.1353 	EXP 	text: height = 0.05
127.1353 	EXP 	text: height = 0.05
127.1353 	EXP 	text: height = 0.05
127.1353 	EXP 	text: text = 'RED'
127.1353 	EXP 	fixation: autoDraw = True
127.6354 	INFO 	Keyboard events cleared
127.6349 	EXP 	fixation: autoDraw = False
127.6349 	EXP 	text: autoDraw = True
128.0859 	EXP 	New trial (rep=21, index=3): <Trial 87 (3 in rep 21) data={'word': 'BLUE', 'colour': 'blue', 'stim_condition': 'C', 'correct_res': 'b', 'thisN': 87, 'thisTrialN': 3, 'thisRepN': 21}>
128.0921 	DATA 	Keypress: r
128.1012 	EXP 	fixation: autoDraw = False
128.1012 	EXP 	text: autoDraw = False
128.1012 	EXP 	text: foreColor = <psychopy.colors.Color: blue, alpha=1.0>
128.1012 	EXP 	text: height = 0.05
128.1012 	EXP 	text: height = 0.05
128.1012 	EXP 	text: height = 0.05
128.1012 	EXP 	text: text = 'BLUE'
128.1012 	EXP 	fixation: autoDraw = True
128.6014 	INFO 	Keyboard events cleared
128.6009 	EXP 	fixation: autoDraw = False
128.6009 	EXP 	text: autoDraw = True
128.9688 	EXP 	New trial (rep=22, index=0): <Trial 88 (0 in rep 22) data={'word': 'BLUE', 'colour': 'red', 'stim_condition': 'I', 'correct_res': 'r', 'thisN': 88, 'thisTrialN': 0, 'thisRepN': 22}>
128.9713 	DATA 	Keypress: b
128.9836 	EXP 	fixation: autoDraw = False
128.9836 	EXP 	text: autoDraw = False
128.9836 	EXP 	text: foreColor = <psychopy.colors.Color: red, alpha=1.0>
128.9836 	EXP 	text: text = 'BLUE'
128.9836 	EXP 	fixation: autoDraw = True
129.4837 	INFO 	Keyboard events cleared
129.4832 	EXP 	fixation: autoDraw = False
129.4832 	EXP 	text: autoDraw = True
130.0013 	EXP 	New trial (rep=22, index=1): <Trial 89 (1 in rep 22) data={'word': 'RED', 'colour': 'blue', 'stim_condition': 'I', 'correct_res': 'b', 'thisN': 89, 'thisTrialN': 1, 'thisRepN': 22}>
130.0079 	DATA 	Keypress: r
130.0160 	EXP 	fixation: autoDraw = False
130.0160 	EXP 	text: autoDraw = False
130.0160 	EXP 	text: foreColor = <psychopy.colors.Color: blue, alpha=1.0>
130.0160 	EXP 	text: height = 0.05
130.0160 	EXP 	text: height = 0.05
130.0160 	EXP 	text: height = 0.05
130.0160 	EXP 	text: text = 'RED'
130.0160 	EXP 	fixation: autoDraw = True
130.5162 	INFO 	Keyboard events cleared
130.5156 	EXP 	fixation: autoDraw = False
130.5156 	EXP 	text: autoDraw = True
130.8003 	EXP 	New trial (rep=22, index=2): <Trial 90 (2 in rep 22) data={'word': 'BLUE', 'colour': 'blue', 'stim_condition': 'C', 'correct_res': 'b', 'thisN': 90, 'thisTrialN': 2, 'thisRepN': 22}>
130.8068 	DATA 	Keypress: b
130.8153 	EXP 	fixation: autoDraw = False
130.8153 	EXP 	text: autoDraw = False
130.8153 	EXP 	text: foreColor = <psychopy.colors.Color: blue, alpha=1.0>
130.8153 	EXP 	text: height = 0.05
130.8153 	EXP 	text: height = 0.05
130.8153 	EXP 	text: height = 0.05
130.8153 	EXP 	text: text = 'BLUE'
130.8153 	EXP 	fixation: autoDraw = True
131.3154 	INFO 	Keyboard events cleared
131.3149 	EXP 	fixation: autoDraw = False
131.3149 	EXP 	text: autoDraw = True
131.6162 	EXP 	New trial (rep=22, index=3): <Trial 91 (3 in rep 22) data={'word': 'RED', 'colour': 'red', 'stim_condition': 'C', 'correct_res': 'r', 'thisN': 91, 'thisTrialN': 3, 'thisRepN': 22}>
131.6233 	DATA 	Keypress: b
131.6313 	EXP 	fixation: autoDraw = False
131.6313 	EXP 	text: autoDraw = False
131.6313 	EXP 	text: foreColor = <psychopy.colors.Color: red, alpha=1.0>
131.6313 	EXP 	text: height = 0.05
131.6313 	EXP 	text: height = 0.05
131.6313 	EXP 	text: height = 0.05
131.6313 	EXP 	text: text = 'RED'
131.6313 	EXP 	fixation: autoDraw = True
132.1314 	INFO 	Keyboard events cleared
132.1309 	EXP 	fixation: autoDraw = False
132.1309 	EXP 	text: autoDraw = True
132.5488 	EXP 	New trial (rep=23, index=0): <Trial 92 (0 in rep 23) data={'word': 'BLUE', 'colour': 'blue', 'stim_condition': 'C', 'correct_res': 'b', 'thisN': 92, 'thisTrialN': 0, 'thisRepN': 23}>
132.5546 	DATA 	Keypress: r
132.5639 	EXP 	fixation: autoDraw = False
132.5639 	EXP 	text: autoDraw = False
132.5639 	EXP 	text: foreColor = <psychopy.colors.Color: blue, alpha=1.0>
132.5639 	EXP 	text: height = 0.05
132.5639 	EXP 	text: height = 0.05
132.5639 	EXP 	text: height = 0.05
132.5639 	EXP 	text: text = 'BLUE'
132.5639 	EXP 	fixation: autoDraw = True
133.0639 	INFO 	Keyboard events cleared
133.0635 	EXP 	fixation: autoDraw = False
133.0635 	EXP 	text: autoDraw = True
133.3818 	EXP 	New trial (rep=23, index=1): <Trial 93 (1 in rep 23) data={'word': 'BLUE', 'colour': 'red', 'stim_condition': 'I', 'correct_res': 'r', 'thisN': 93, 'thisTrialN': 1, 'thisRepN': 23}>
133.3841 	DATA 	Keypress: b
133.3966 	EXP 	fixation: autoDraw = False
133.3966 	EXP 	text: autoDraw = False
133.3966 	EXP 	text: foreColor = <psychopy.colors.Color: red, alpha=1.0>
133.3966 	EXP 	text: text = 'BLUE'
133.3966 	EXP 	fixation: autoDraw = True
133.8967 	INFO 	Keyboard events cleared
133.8962 	EXP 	fixation: autoDraw = False
133.8962 	EXP 	text: autoDraw = True
134.1140 	EXP 	New trial (rep=23, index=2): <Trial 94 (2 in rep 23) data={'word': 'RED', 'colour': 'blue', 'stim_condition': 'I', 'correct_res': 'b', 'thisN': 94, 'thisTrialN': 2, 'thisRepN': 23}>
134.1213 	DATA 	Keypress: b
134.1291 	EXP 	fixation: autoDraw = False
134.1291 	EXP 	text: autoDraw = False
134.1291 	EXP 	text: foreColor = <psychopy.colors.Color: blue, alpha=1.0>
134.1291 	EXP 	text: height = 0.05
134.1291 	EXP 	text: height = 0.05
134.1291 	EXP 	text: height = 0.05
134.1291 	EXP 	text: text = 'RED'
134.1291 	EXP 	fixation: autoDraw = True
134.6291 	INFO 	Keyboard events cleared
134.6287 	EXP 	fixation: autoDraw = False
134.6287 	EXP 	text: autoDraw = True
136.4287 	EXP 	New trial (rep=23, index=3): <Trial 95 (3 in rep 23) data={'word': 'RED', 'colour': 'red', 'stim_condition': 'C', 'correct_res': 'r', 'thisN': 95, 'thisTrialN': 3, 'thisRepN': 23}>
136.4312 	DATA 	Keypress: r
136.4438 	EXP 	fixation: autoDraw = False
136.4438 	EXP 	text: autoDraw = False
136.4438 	EXP 	text: foreColor = <psychopy.colors.Color: red, alpha=1.0>
136.4438 	EXP 	text: text = 'RED'
136.4438 	EXP 	fixation: autoDraw = True
136.9438 	INFO 	Keyboard events cleared
136.9434 	EXP 	fixation: autoDraw = False
136.9434 	EXP 	text: autoDraw = True
137.8942 	EXP 	New trial (rep=24, index=0): <Trial 96 (0 in rep 24) data={'word': 'BLUE', 'colour': 'blue', 'stim_condition': 'C', 'correct_res': 'b', 'thisN': 96, 'thisTrialN': 0, 'thisRepN': 24}>
137.9003 	DATA 	Keypress: r
137.9092 	EXP 	fixation: autoDraw = False
137.9092 	EXP 	text: autoDraw = False
137.9092 	EXP 	text: foreColor = <psychopy.colors.Color: blue, alpha=1.0>
137.9092 	EXP 	text: height = 0.05
137.9092 	EXP 	text: height = 0.05
137.9092 	EXP 	text: height = 0.05
137.9092 	EXP 	text: text = 'BLUE'
137.9092 	EXP 	fixation: autoDraw = True
138.4093 	INFO 	Keyboard events cleared
138.4088 	EXP 	fixation: autoDraw = False
138.4088 	EXP 	text: autoDraw = True
138.9432 	EXP 	New trial (rep=24, index=1): <Trial 97 (1 in rep 24) data={'word': 'BLUE', 'colour': 'red', 'stim_condition': 'I', 'correct_res': 'r', 'thisN': 97, 'thisTrialN': 1, 'thisRepN': 24}>
138.9452 	DATA 	Keypress: b
138.9585 	EXP 	fixation: autoDraw = False
138.9585 	EXP 	text: autoDraw = False
138.9585 	EXP 	text: foreColor = <psychopy.colors.Color: red, alpha=1.0>
138.9585 	EXP 	text: text = 'BLUE'
138.9585 	EXP 	fixation: autoDraw = True
139.4582 	INFO 	Keyboard events cleared
139.4578 	EXP 	fixation: autoDraw = False
139.4578 	EXP 	text: autoDraw = True
140.1587 	EXP 	New trial (rep=24, index=2): <Trial 98 (2 in rep 24) data={'word': 'RED', 'colour': 'blue', 'stim_condition': 'I', 'correct_res': 'b', 'thisN': 98, 'thisTrialN': 2, 'thisRepN': 24}>
140.1661 	DATA 	Keypress: r
140.1738 	EXP 	fixation: autoDraw = False
140.1738 	EXP 	text: autoDraw = False
140.1738 	EXP 	text: foreColor = <psychopy.colors.Color: blue, alpha=1.0>
140.1738 	EXP 	text: height = 0.05
140.1738 	EXP 	text: height = 0.05
140.1738 	EXP 	text: height = 0.05
140.1738 	EXP 	text: text = 'RED'
140.1738 	EXP 	fixation: autoDraw = True
140.6740 	INFO 	Keyboard events cleared
140.6734 	EXP 	fixation: autoDraw = False
140.6734 	EXP 	text: autoDraw = True
141.2079 	EXP 	New trial (rep=24, index=3): <Trial 99 (3 in rep 24) data={'word': 'RED', 'colour': 'red', 'stim_condition': 'C', 'correct_res': 'r', 'thisN': 99, 'thisTrialN': 3, 'thisRepN': 24}>
141.2105 	DATA 	Keypress: b
141.2229 	EXP 	fixation: autoDraw = False
141.2229 	EXP 	text: autoDraw = False
141.2229 	EXP 	text: foreColor = <psychopy.colors.Color: red, alpha=1.0>
141.2229 	EXP 	text: text = 'RED'
141.2229 	EXP 	fixation: autoDraw = True
141.7230 	INFO 	Keyboard events cleared
141.7225 	EXP 	fixation: autoDraw = False
141.7225 	EXP 	text: autoDraw = True
142.2236 	EXP 	New trial (rep=25, index=0): <Trial 100 (0 in rep 25) data={'word': 'BLUE', 'colour': 'red', 'stim_condition': 'I', 'correct_res': 'r', 'thisN': 100, 'thisTrialN': 0, 'thisRepN': 25}>
142.2299 	DATA 	Keypress: r
142.2388 	EXP 	fixation: autoDraw = False
142.2388 	EXP 	text: autoDraw = False
142.2388 	EXP 	text: foreColor = <psychopy.colors.Color: red, alpha=1.0>
142.2388 	EXP 	text: height = 0.05
142.2388 	EXP 	text: height = 0.05
142.2388 	EXP 	text: height = 0.05
142.2388 	EXP 	text: text = 'BLUE'
142.2388 	EXP 	fixation: autoDraw = True
142.7389 	INFO 	Keyboard events cleared
142.7384 	EXP 	fixation: autoDraw = False
142.7384 	EXP 	text: autoDraw = True
143.2560 	EXP 	New trial (rep=25, index=1): <Trial 101 (1 in rep 25) data={'word': 'RED', 'colour': 'blue', 'stim_condition': 'I', 'correct_res': 'b', 'thisN': 101, 'thisTrialN': 1, 'thisRepN': 25}>
143.2622 	DATA 	Keypress: r
143.2713 	EXP 	fixation: autoDraw = False
143.2713 	EXP 	text: autoDraw = False
143.2713 	EXP 	text: foreColor = <psychopy.colors.Color: blue, alpha=1.0>
143.2713 	EXP 	text: height = 0.05
143.2713 	EXP 	text: height = 0.05
143.2713 	EXP 	text: height = 0.05
143.2713 	EXP 	text: text = 'RED'
143.2713 	EXP 	fixation: autoDraw = True
143.7713 	INFO 	Keyboard events cleared
143.7709 	EXP 	fixation: autoDraw = False
143.7709 	EXP 	text: autoDraw = True
144.2055 	EXP 	New trial (rep=25, index=2): <Trial 102 (2 in rep 25) data={'word': 'BLUE', 'colour': 'blue', 'stim_condition': 'C', 'correct_res': 'b', 'thisN': 102, 'thisTrialN': 2, 'thisRepN': 25}>
144.2121 	DATA 	Keypress: b
144.2205 	EXP 	fixation: autoDraw = False
144.2205 	EXP 	text: autoDraw = False
144.2205 	EXP 	text: foreColor = <psychopy.colors.Color: blue, alpha=1.0>
144.2205 	EXP 	text: height = 0.05
144.2205 	EXP 	text: height = 0.05
144.2205 	EXP 	text: height = 0.05
144.2205 	EXP 	text: text = 'BLUE'
144.2205 	EXP 	fixation: autoDraw = True
144.7205 	INFO 	Keyboard events cleared
144.7199 	EXP 	fixation: autoDraw = False
144.7199 	EXP 	text: autoDraw = True
145.0051 	DATA 	Keypress: b
145.0214 	EXP 	New trial (rep=25, index=3): <Trial 103 (3 in rep 25) data={'word': 'RED', 'colour': 'red', 'stim_condition': 'C', 'correct_res': 'r', 'thisN': 103, 'thisTrialN': 3, 'thisRepN': 25}>
145.0363 	EXP 	fixation: autoDraw = False
145.0363 	EXP 	text: autoDraw = False
145.0363 	EXP 	text: foreColor = <psychopy.colors.Color: red, alpha=1.0>
145.0363 	EXP 	text: height = 0.05
145.0363 	EXP 	text: height = 0.05
145.0363 	EXP 	text: height = 0.05
145.0363 	EXP 	text: text = 'RED'
145.0363 	EXP 	fixation: autoDraw = True
145.5363 	INFO 	Keyboard events cleared
145.5358 	EXP 	fixation: autoDraw = False
145.5358 	EXP 	text: autoDraw = True
146.0205 	EXP 	New trial (rep=26, index=0): <Trial 104 (0 in rep 26) data={'word': 'RED', 'colour': 'red', 'stim_condition': 'C', 'correct_res': 'r', 'thisN': 104, 'thisTrialN': 0, 'thisRepN': 26}>
146.0230 	DATA 	Keypress: r
146.0354 	EXP 	fixation: autoDraw = False
146.0354 	EXP 	text: autoDraw = False
146.0354 	EXP 	text: foreColor = <psychopy.colors.Color: red, alpha=1.0>
146.0354 	EXP 	text: text = 'RED'
146.0354 	EXP 	fixation: autoDraw = True
146.5355 	INFO 	Keyboard events cleared
146.5350 	EXP 	fixation: autoDraw = False
146.5350 	EXP 	text: autoDraw = True
147.2361 	EXP 	New trial (rep=26, index=1): <Trial 105 (1 in rep 26) data={'word': 'BLUE', 'colour': 'blue', 'stim_condition': 'C', 'correct_res': 'b', 'thisN': 105, 'thisTrialN': 1, 'thisRepN': 26}>
147.2434 	DATA 	Keypress: r
147.2511 	EXP 	fixation: autoDraw = False
147.2511 	EXP 	text: autoDraw = False
147.2511 	EXP 	text: foreColor = <psychopy.colors.Color: blue, alpha=1.0>
147.2511 	EXP 	text: height = 0.05
147.2511 	EXP 	text: height = 0.05
147.2511 	EXP 	text: height = 0.05
147.2511 	EXP 	text: text = 'BLUE'
147.2511 	EXP 	fixation: autoDraw = True
147.7515 	INFO 	Keyboard events cleared
147.7508 	EXP 	fixation: autoDraw = False
147.7508 	EXP 	text: autoDraw = True
148.3852 	EXP 	New trial (rep=26, index=2): <Trial 106 (2 in rep 26) data={'word': 'RED', 'colour': 'blue', 'stim_condition': 'I', 'correct_res': 'b', 'thisN': 106, 'thisTrialN': 2, 'thisRepN': 26}>
148.3922 	DATA 	Keypress: b
148.4001 	EXP 	fixation: autoDraw = False
148.4001 	EXP 	text: autoDraw = False
148.4001 	EXP 	text: foreColor = <psychopy.colors.Color: blue, alpha=1.0>
148.4001 	EXP 	text: height = 0.05
148.4001 	EXP 	text: height = 0.05
148.4001 	EXP 	text: height = 0.05
148.4001 	EXP 	text: text = 'RED'
148.4001 	EXP 	fixation: autoDraw = True
148.9003 	INFO 	Keyboard events cleared
148.8999 	EXP 	fixation: autoDraw = False
148.8999 	EXP 	text: autoDraw = True
149.6171 	EXP 	New trial (rep=26, index=3): <Trial 107 (3 in rep 26) data={'word': 'BLUE', 'colour': 'red', 'stim_condition': 'I', 'correct_res': 'r', 'thisN': 107, 'thisTrialN': 3, 'thisRepN': 26}>
149.6233 	DATA 	Keypress: b
149.6323 	EXP 	fixation: autoDraw = False
149.6323 	EXP 	text: autoDraw = False
149.6323 	EXP 	text: foreColor = <psychopy.colors.Color: red, alpha=1.0>
149.6323 	EXP 	text: height = 0.05
149.6323 	EXP 	text: height = 0.05
149.6323 	EXP 	text: height = 0.05
149.6323 	EXP 	text: text = 'BLUE'
149.6323 	EXP 	fixation: autoDraw = True
150.1324 	INFO 	Keyboard events cleared
150.1320 	EXP 	fixation: autoDraw = False
150.1320 	EXP 	text: autoDraw = True
150.7165 	EXP 	New trial (rep=27, index=0): <Trial 108 (0 in rep 27) data={'word': 'RED', 'colour': 'red', 'stim_condition': 'C', 'correct_res': 'r', 'thisN': 108, 'thisTrialN': 0, 'thisRepN': 27}>
150.7246 	DATA 	Keypress: r
150.7313 	EXP 	fixation: autoDraw = False
150.7313 	EXP 	text: autoDraw = False
150.7313 	EXP 	text: foreColor = <psychopy.colors.Color: red, alpha=1.0>
150.7313 	EXP 	text: height = 0.05
150.7313 	EXP 	text: height = 0.05
150.7313 	EXP 	text: height = 0.05
150.7313 	EXP 	text: text = 'RED'
150.7313 	EXP 	fixation: autoDraw = True
151.2314 	INFO 	Keyboard events cleared
151.2309 	EXP 	fixation: autoDraw = False
151.2309 	EXP 	text: autoDraw = True
152.0984 	EXP 	New trial (rep=27, index=1): <Trial 109 (1 in rep 27) data={'word': 'RED', 'colour': 'blue', 'stim_condition': 'I', 'correct_res': 'b', 'thisN': 109, 'thisTrialN': 1, 'thisRepN': 27}>
152.1009 	DATA 	Keypress: b
152.1135 	EXP 	fixation: autoDraw = False
152.1135 	EXP 	text: autoDraw = False
152.1135 	EXP 	text: foreColor = <psychopy.colors.Color: blue, alpha=1.0>
152.1135 	EXP 	text: text = 'RED'
152.1135 	EXP 	fixation: autoDraw = True
152.6136 	INFO 	Keyboard events cleared
152.6131 	EXP 	fixation: autoDraw = False
152.6131 	EXP 	text: autoDraw = True
154.0966 	EXP 	New trial (rep=27, index=2): <Trial 110 (2 in rep 27) data={'word': 'BLUE', 'colour': 'red', 'stim_condition': 'I', 'correct_res': 'r', 'thisN': 110, 'thisTrialN': 2, 'thisRepN': 27}>
154.1027 	DATA 	Keypress: r
154.1119 	EXP 	fixation: autoDraw = False
154.1119 	EXP 	text: autoDraw = False
154.1119 	EXP 	text: foreColor = <psychopy.colors.Color: red, alpha=1.0>
154.1119 	EXP 	text: height = 0.05
154.1119 	EXP 	text: height = 0.05
154.1119 	EXP 	text: height = 0.05
154.1119 	EXP 	text: text = 'BLUE'
154.1119 	EXP 	fixation: autoDraw = True
154.6119 	INFO 	Keyboard events cleared
154.6114 	EXP 	fixation: autoDraw = False
154.6114 	EXP 	text: autoDraw = True
156.7127 	EXP 	New trial (rep=27, index=3): <Trial 111 (3 in rep 27) data={'word': 'BLUE', 'colour': 'blue', 'stim_condition': 'C', 'correct_res': 'b', 'thisN': 111, 'thisTrialN': 3, 'thisRepN': 27}>
156.7148 	DATA 	Keypress: r
156.7261 	EXP 	fixation: autoDraw = False
156.7261 	EXP 	text: autoDraw = False
156.7261 	EXP 	text: foreColor = <psychopy.colors.Color: blue, alpha=1.0>
156.7261 	EXP 	text: text = 'BLUE'
156.7261 	EXP 	fixation: autoDraw = True
157.2262 	INFO 	Keyboard events cleared
157.2257 	EXP 	fixation: autoDraw = False
157.2257 	EXP 	text: autoDraw = True
157.7114 	DATA 	Keypress: b
157.7267 	EXP 	New trial (rep=28, index=0): <Trial 112 (0 in rep 28) data={'word': 'BLUE', 'colour': 'red', 'stim_condition': 'I', 'correct_res': 'r', 'thisN': 112, 'thisTrialN': 0, 'thisRepN': 28}>
157.7420 	EXP 	fixation: autoDraw = False
157.7420 	EXP 	text: autoDraw = False
157.7420 	EXP 	text: foreColor = <psychopy.colors.Color: red, alpha=1.0>
157.7420 	EXP 	text: text = 'BLUE'
157.7420 	EXP 	fixation: autoDraw = True
158.2420 	INFO 	Keyboard events cleared
158.2415 	EXP 	fixation: autoDraw = False
158.2415 	EXP 	text: autoDraw = True
159.0922 	EXP 	New trial (rep=28, index=1): <Trial 113 (1 in rep 28) data={'word': 'BLUE', 'colour': 'blue', 'stim_condition': 'C', 'correct_res': 'b', 'thisN': 113, 'thisTrialN': 1, 'thisRepN': 28}>
159.0944 	DATA 	Keypress: b
159.1075 	EXP 	fixation: autoDraw = False
159.1075 	EXP 	text: autoDraw = False
159.1075 	EXP 	text: foreColor = <psychopy.colors.Color: blue, alpha=1.0>
159.1075 	EXP 	text: text = 'BLUE'
159.1075 	EXP 	fixation: autoDraw = True
159.6074 	INFO 	Keyboard events cleared
159.6069 	EXP 	fixation: autoDraw = False
159.6069 	EXP 	text: autoDraw = True
160.3913 	EXP 	New trial (rep=28, index=2): <Trial 114 (2 in rep 28) data={'word': 'RED', 'colour': 'red', 'stim_condition': 'C', 'correct_res': 'r', 'thisN': 114, 'thisTrialN': 2, 'thisRepN': 28}>
160.3980 	DATA 	Keypress: b
160.4062 	EXP 	fixation: autoDraw = False
160.4062 	EXP 	text: autoDraw = False
160.4062 	EXP 	text: foreColor = <psychopy.colors.Color: red, alpha=1.0>
160.4062 	EXP 	text: height = 0.05
160.4062 	EXP 	text: height = 0.05
160.4062 	EXP 	text: height = 0.05
160.4062 	EXP 	text: text = 'RED'
160.4062 	EXP 	fixation: autoDraw = True
160.9063 	INFO 	Keyboard events cleared
160.9058 	EXP 	fixation: autoDraw = False
160.9058 	EXP 	text: autoDraw = True
161.3072 	EXP 	New trial (rep=28, index=3): <Trial 115 (3 in rep 28) data={'word': 'RED', 'colour': 'blue', 'stim_condition': 'I', 'correct_res': 'b', 'thisN': 115, 'thisTrialN': 3, 'thisRepN': 28}>
161.3096 	DATA 	Keypress: r
161.3221 	EXP 	fixation: autoDraw = False
161.3221 	EXP 	text: autoDraw = False
161.3221 	EXP 	text: foreColor = <psychopy.colors.Color: blue, alpha=1.0>
161.3221 	EXP 	text: text = 'RED'
161.3221 	EXP 	fixation: autoDraw = True
161.8220 	INFO 	Keyboard events cleared
161.8216 	EXP 	fixation: autoDraw = False
161.8216 	EXP 	text: autoDraw = True
162.5061 	EXP 	New trial (rep=29, index=0): <Trial 116 (0 in rep 29) data={'word': 'BLUE', 'colour': 'blue', 'stim_condition': 'C', 'correct_res': 'b', 'thisN': 116, 'thisTrialN': 0, 'thisRepN': 29}>
162.5123 	DATA 	Keypress: b
162.5211 	EXP 	fixation: autoDraw = False
162.5211 	EXP 	text: autoDraw = False
162.5211 	EXP 	text: foreColor = <psychopy.colors.Color: blue, alpha=1.0>
162.5211 	EXP 	text: height = 0.05
162.5211 	EXP 	text: height = 0.05
162.5211 	EXP 	text: height = 0.05
162.5211 	EXP 	text: text = 'BLUE'
162.5211 	EXP 	fixation: autoDraw = True
163.0212 	INFO 	Keyboard events cleared
163.0208 	EXP 	fixation: autoDraw = False
163.0208 	EXP 	text: autoDraw = True
163.5719 	EXP 	New trial (rep=29, index=1): <Trial 117 (1 in rep 29) data={'word': 'BLUE', 'colour': 'red', 'stim_condition': 'I', 'correct_res': 'r', 'thisN': 117, 'thisTrialN': 1, 'thisRepN': 29}>
163.5740 	DATA 	Keypress: b
163.5869 	EXP 	fixation: autoDraw = False
163.5869 	EXP 	text: autoDraw = False
163.5869 	EXP 	text: foreColor = <psychopy.colors.Color: red, alpha=1.0>
163.5869 	EXP 	text: text = 'BLUE'
163.5869 	EXP 	fixation: autoDraw = True
164.0872 	INFO 	Keyboard events cleared
164.0867 	EXP 	fixation: autoDraw = False
164.0867 	EXP 	text: autoDraw = True
164.6375 	EXP 	New trial (rep=29, index=2): <Trial 118 (2 in rep 29) data={'word': 'RED', 'colour': 'red', 'stim_condition': 'C', 'correct_res': 'r', 'thisN': 118, 'thisTrialN': 2, 'thisRepN': 29}>
164.6440 	DATA 	Keypress: r
164.6525 	EXP 	fixation: autoDraw = False
164.6525 	EXP 	text: autoDraw = False
164.6525 	EXP 	text: foreColor = <psychopy.colors.Color: red, alpha=1.0>
164.6525 	EXP 	text: height = 0.05
164.6525 	EXP 	text: height = 0.05
164.6525 	EXP 	text: height = 0.05
164.6525 	EXP 	text: text = 'RED'
164.6525 	EXP 	fixation: autoDraw = True
165.1525 	INFO 	Keyboard events cleared
165.1521 	EXP 	fixation: autoDraw = False
165.1521 	EXP 	text: autoDraw = True
165.6202 	EXP 	New trial (rep=29, index=3): <Trial 119 (3 in rep 29) data={'word': 'RED', 'colour': 'blue', 'stim_condition': 'I', 'correct_res': 'b', 'thisN': 119, 'thisTrialN': 3, 'thisRepN': 29}>
165.6225 	DATA 	Keypress: r
165.6350 	EXP 	fixation: autoDraw = False
165.6350 	EXP 	text: autoDraw = False
165.6350 	EXP 	text: foreColor = <psychopy.colors.Color: blue, alpha=1.0>
165.6350 	EXP 	text: text = 'RED'
165.6350 	EXP 	fixation: autoDraw = True
166.1351 	INFO 	Keyboard events cleared
166.1347 	EXP 	fixation: autoDraw = False
166.1347 	EXP 	text: autoDraw = True
166.5394 	DATA 	Keypress: b
166.5509 	EXP 	fixation: autoDraw = False
166.5509 	EXP 	text: autoDraw = False
166.5509 	EXP 	text_3: autoDraw = True
167.5501 	EXP 	text_3: autoDraw = False
167.5501 	EXP 	text_3: autoDraw = False
167.5502 	EXP 	Stroop Task Data: status = STOPPED
167.6321 	INFO 	saved data to 'C:\\Users\\DELL\\OneDrive\\Desktop\\PsychoPy\\data/0003_Stroop Task Data_2025-08-26_16h33.37.158.csv'
167.6383 	INFO 	saved data to C:\Users\DELL\OneDrive\Desktop\PsychoPy\data/0003_Stroop Task Data_2025-08-26_16h33.37.158.psydat
