16.6282 	INFO 	Loaded monitor calibration from ['2025_02_12 09:50']
16.6612 	WARNING 	User requested fullscreen with size [1024  768], but screen is actually [1920, 1080]. Using actual size
19.0746 	EXP 	Created window1 = Window(allowGUI=False, allowStencil=False, autoLog=True, backendConf=UNKNOWN, backgroundFit=<method-wrapper '__getattribute__' of attributeSetter object at 0x0000020B4CD1A170>, backgroundImage=<method-wrapper '__getattribute__' of attributeSetter object at 0x0000020B4CD1A800>, bitsMode=UNKNOWN, blendMode='avg', bpc=(8, 8, 8), color=array([0, 0, 0]), colorSpace='rgb', depthBits=8, fullscr=True, gamma=None, gammaErrorPolicy='raise', infoMsg=UNKNOWN, lms=UNKNOWN, monitor=<psychopy.monitors.calibTools.Monitor object at 0x0000020B5613B8B0>, multiSample=False, name='window1', numSamples=2, pos=[0.0, 0.0], screen=0, size=array([1920, 1080]), stencilBits=0, stereo=False, title='PsychoPy', units='height', useFBO=True, useRetina=False, viewOri=0.0, viewPos=None, viewScale=None, waitBlanking=True, winType='pyglet')
19.0747 	EXP 	window1: backgroundImage = ''
19.0747 	EXP 	window1: backgroundFit = 'none'
19.2665 	EXP 	window1: Attempting to measure frame rate of screen (0) ...
19.2666 	EXP 	window1: recordFrameIntervals = False
19.4218 	EXP 	window1: recordFrameIntervals = True
19.6047 	EXP 	Screen (0) actual frame rate measured at 60.23Hz
19.6047 	EXP 	window1: recordFrameIntervals = False
24.8038 	INFO 	keyboard.Keyboard is using iohub backend.
24.8039 	INFO 	keyboard.Keyboard is using iohub backend.
24.8039 	EXP 	untitled: status = STARTED
24.8214 	EXP 	Created fixation = ShapeStim(__class__=<class 'psychopy.visual.shape.ShapeStim'>, anchor=('center', 'center'), autoDraw=False, autoLog=True, closeShape=True, color=method-wrapper(...), colorSpace='rgb', contrast=None, depth=0.0, draggable=True, fillColor=array([1, 1, 1]), fillColorSpace='rgb', fillRGB=array([1, 1, 1]), interpolate=True, lineColor=array([1., 1., 1.]), lineColorSpace='rgb', lineRGB=array([1, 1, 1]), lineWidth=1.0, name='fixation', opacity=1, ori=0.0, pos=array([0., 0.]), size=array([10., 10.]), units='pix', vertices=ndarray(...), win=Window(...), windingRule=None)
24.8261 	EXP 	Created grating = GratingStim(__class__=<class 'psychopy.visual.grating.GratingStim'>, anchor='center', autoDraw=False, autoLog=True, blendmode='avg', color=array([0.3, 0.3, 0.3]), colorSpace='rgb', contrast=0.3, depth=-1.0, draggable=False, interpolate=True, mask='gauss', maskParams=None, name='grating', opacity=1, ori=1.0, phase=array([0., 0.]), pos=array([0., 0.]), rgbPedestal=array([0., 0., 0.]), sf=array([5., 5.]), size=array([0.2, 0.2]), tex='sin', texRes=128.0, units='height', win=Window(...))
0.0086 	EXP 	New trial (rep=0, index=0): <Trial 0 (0 in rep 0) data={'thisN': 0, 'thisTrialN': 0, 'thisRepN': 0}>
0.0146 	INFO 	Keyboard events cleared
0.0142 	EXP 	grating: ori = 4.0
0.0142 	EXP 	fixation: autoDraw = True
1.0464 	EXP 	grating: autoDraw = True
1.0464 	EXP 	grating: tex = 'sin'
1.0505 	EXP 	fixation: autoDraw = False
1.3557 	EXP 	grating: autoDraw = False
1.8280 	DATA 	Keypress: right
4.1715 	EXP 	New trial (rep=1, index=0): <Trial 1 (0 in rep 1) data={'thisN': 1, 'thisTrialN': 0, 'thisRepN': 1}>
4.1727 	DATA 	Keypress: down
4.1873 	INFO 	Keyboard events cleared
4.1868 	EXP 	fixation: autoDraw = False
4.1868 	EXP 	grating: autoDraw = False
4.1868 	EXP 	grating: ori = 3.0
4.1868 	EXP 	fixation: autoDraw = True
5.1858 	EXP 	grating: autoDraw = True
5.2024 	EXP 	fixation: autoDraw = False
5.4853 	EXP 	grating: autoDraw = False
5.8535 	EXP 	New trial (rep=2, index=0): <Trial 2 (0 in rep 2) data={'thisN': 2, 'thisTrialN': 0, 'thisRepN': 2}>
5.8549 	DATA 	Keypress: down
5.8690 	INFO 	Keyboard events cleared
5.8685 	EXP 	fixation: autoDraw = False
5.8685 	EXP 	grating: autoDraw = False
5.8685 	EXP 	grating: ori = -1.0
5.8685 	EXP 	fixation: autoDraw = True
6.8677 	EXP 	fixation: autoDraw = False
6.8677 	EXP 	grating: autoDraw = True
7.0698 	DATA 	Mouse: Left button down, pos=(808,722)
7.1672 	EXP 	grating: autoDraw = False
7.2858 	DATA 	Mouse:  Left button up, pos=(808,722)
7.4690 	EXP 	New trial (rep=3, index=0): <Trial 3 (0 in rep 3) data={'thisN': 3, 'thisTrialN': 0, 'thisRepN': 3}>
7.4707 	DATA 	Keypress: up
7.4844 	INFO 	Keyboard events cleared
7.4838 	EXP 	fixation: autoDraw = False
7.4838 	EXP 	grating: autoDraw = False
7.4838 	EXP 	grating: ori = 0.0
7.4838 	EXP 	fixation: autoDraw = True
8.4832 	EXP 	fixation: autoDraw = False
8.4832 	EXP 	grating: autoDraw = True
8.7826 	EXP 	grating: autoDraw = False
9.4672 	EXP 	New trial (rep=4, index=0): <Trial 4 (0 in rep 4) data={'thisN': 4, 'thisTrialN': 0, 'thisRepN': 4}>
9.4687 	DATA 	Keypress: up
9.4825 	INFO 	Keyboard events cleared
9.4820 	EXP 	fixation: autoDraw = False
9.4820 	EXP 	grating: autoDraw = False
9.4820 	EXP 	grating: ori = 0.0
9.4820 	EXP 	fixation: autoDraw = True
10.4812 	EXP 	fixation: autoDraw = False
10.4812 	EXP 	grating: autoDraw = True
10.7810 	EXP 	grating: autoDraw = False
10.9826 	EXP 	New trial (rep=5, index=0): <Trial 5 (0 in rep 5) data={'thisN': 5, 'thisTrialN': 0, 'thisRepN': 5}>
10.9843 	DATA 	Keypress: up
10.9981 	INFO 	Keyboard events cleared
10.9974 	EXP 	fixation: autoDraw = False
10.9974 	EXP 	grating: autoDraw = False
10.9974 	EXP 	grating: ori = 0.0
10.9974 	EXP 	fixation: autoDraw = True
11.9965 	EXP 	grating: autoDraw = True
12.0134 	EXP 	fixation: autoDraw = False
12.2963 	EXP 	grating: autoDraw = False
12.6141 	EXP 	New trial (rep=6, index=0): <Trial 6 (0 in rep 6) data={'thisN': 6, 'thisTrialN': 0, 'thisRepN': 6}>
12.6154 	DATA 	Keypress: up
12.6297 	INFO 	Keyboard events cleared
12.6292 	EXP 	fixation: autoDraw = False
12.6292 	EXP 	grating: autoDraw = False
12.6292 	EXP 	grating: ori = 0.0
12.6292 	EXP 	fixation: autoDraw = True
13.6287 	EXP 	fixation: autoDraw = False
13.6287 	EXP 	grating: autoDraw = True
13.9282 	EXP 	grating: autoDraw = False
14.3960 	EXP 	New trial (rep=7, index=0): <Trial 7 (0 in rep 7) data={'thisN': 7, 'thisTrialN': 0, 'thisRepN': 7}>
14.3973 	DATA 	Keypress: up
14.4114 	INFO 	Keyboard events cleared
14.4109 	EXP 	fixation: autoDraw = False
14.4109 	EXP 	grating: autoDraw = False
14.4109 	EXP 	grating: ori = 0.0
14.4109 	EXP 	fixation: autoDraw = True
15.4102 	EXP 	fixation: autoDraw = False
15.4102 	EXP 	grating: autoDraw = True
15.7098 	EXP 	grating: autoDraw = False
16.4776 	EXP 	New trial (rep=8, index=0): <Trial 8 (0 in rep 8) data={'thisN': 8, 'thisTrialN': 0, 'thisRepN': 8}>
16.4792 	DATA 	Keypress: up
16.4932 	INFO 	Keyboard events cleared
16.4927 	EXP 	fixation: autoDraw = False
16.4927 	EXP 	grating: autoDraw = False
16.4927 	EXP 	grating: ori = -5.0
16.4927 	EXP 	fixation: autoDraw = True
17.4917 	EXP 	grating: autoDraw = True
17.5084 	EXP 	fixation: autoDraw = False
17.7915 	EXP 	grating: autoDraw = False
18.0595 	EXP 	New trial (rep=9, index=0): <Trial 9 (0 in rep 9) data={'thisN': 9, 'thisTrialN': 0, 'thisRepN': 9}>
18.0610 	DATA 	Keypress: down
18.0751 	INFO 	Keyboard events cleared
18.0745 	EXP 	fixation: autoDraw = False
18.0745 	EXP 	grating: autoDraw = False
18.0745 	EXP 	grating: ori = 1.0
18.0745 	EXP 	fixation: autoDraw = True
19.0737 	EXP 	fixation: autoDraw = False
19.0737 	EXP 	grating: autoDraw = True
19.3735 	EXP 	grating: autoDraw = False
19.7581 	DATA 	Keypress: up
19.7730 	EXP 	fixation: autoDraw = False
19.7730 	EXP 	grating: autoDraw = False
19.7731 	EXP 	untitled: status = STOPPED
19.7813 	INFO 	saved data to 'C:\\PsychoPy\\Signal Detection\\data/0001_untitled_2025-09-04_09h36.47.187.csv'
19.7835 	INFO 	saved data to C:\PsychoPy\Signal Detection\data/0001_untitled_2025-09-04_09h36.47.187.psydat
