18.4486 	INFO 	Loaded monitor calibration from ['2025_02_12 09:50']
18.4622 	WARNING 	User requested fullscreen with size [1024  768], but screen is actually [1920, 1080]. Using actual size
21.6795 	EXP 	Created window1 = Window(allowGUI=False, allowStencil=False, autoLog=True, backendConf=UNKNOWN, backgroundFit=<method-wrapper '__getattribute__' of attributeSetter object at 0x000001562581C6A0>, backgroundImage=<method-wrapper '__getattribute__' of attributeSetter object at 0x000001562581F5B0>, bitsMode=UNKNOWN, blendMode='avg', bpc=(8, 8, 8), color=array([0, 0, 0]), colorSpace='rgb', depthBits=8, fullscr=True, gamma=None, gammaErrorPolicy='raise', infoMsg=UNKNOWN, lms=UNKNOWN, monitor=<psychopy.monitors.calibTools.Monitor object at 0x000001562FAF6C20>, multiSample=False, name='window1', numSamples=2, pos=[0.0, 0.0], screen=0, size=array([1920, 1080]), stencilBits=0, stereo=False, title='PsychoPy', units='height', useFBO=True, useRetina=False, viewOri=0.0, viewPos=None, viewScale=None, waitBlanking=True, winType='pyglet')
21.6796 	EXP 	window1: backgroundImage = ''
21.6796 	EXP 	window1: backgroundFit = 'none'
22.0826 	EXP 	window1: Attempting to measure frame rate of screen (0) ...
22.0827 	EXP 	window1: recordFrameIntervals = False
22.2521 	EXP 	window1: recordFrameIntervals = True
22.4356 	EXP 	Screen (0) actual frame rate measured at 60.03Hz
22.4357 	EXP 	window1: recordFrameIntervals = False
32.2235 	INFO 	keyboard.Keyboard is using iohub backend.
32.2237 	INFO 	keyboard.Keyboard is using iohub backend.
32.2238 	INFO 	keyboard.Keyboard is using iohub backend.
32.2238 	EXP 	Stroop Task Data: status = STARTED
32.5046 	EXP 	Created text_2 = TextStim(__class__=<class 'psychopy.visual.text.TextStim'>, alignHoriz=method-wrapper(...), alignText='center', alignVert=method-wrapper(...), anchorHoriz='center', anchorVert='center', antialias=True, autoDraw=False, autoLog=True, bold=False, color=array([1., 1., 1.]), colorSpace='rgb', contrast=1.0, depth=0.0, draggable=False, flipHoriz=False, flipVert=False, font='Arial', fontFiles=[], height=0.05, italic=False, languageStyle='LTR', name='text_2', opacity=1, ori=0.0, pos=array([0., 0.]), rgb=UNKNOWN, text=str(...), units='height', win=Window(...), wrapWidth=1)
32.5170 	EXP 	Created fixation = ShapeStim(__class__=<class 'psychopy.visual.shape.ShapeStim'>, anchor=('center', 'center'), autoDraw=False, autoLog=True, closeShape=True, color=method-wrapper(...), colorSpace='rgb', contrast=None, depth=0.0, draggable=False, fillColor=array([1, 1, 1]), fillColorSpace='rgb', fillRGB=array([1, 1, 1]), interpolate=True, lineColor=array([1., 1., 1.]), lineColorSpace='rgb', lineRGB=array([1, 1, 1]), lineWidth=1.0, name='fixation', opacity=1, ori=0.0, pos=array([0., 0.]), size=array([10., 10.]), units='pix', vertices=ndarray(...), win=Window(...), windingRule=None)
32.5195 	EXP 	Created text = TextStim(__class__=<class 'psychopy.visual.text.TextStim'>, alignHoriz=method-wrapper(...), alignText='center', alignVert=method-wrapper(...), anchorHoriz='center', anchorVert='center', antialias=True, autoDraw=False, autoLog=True, bold=False, color=array([1., 1., 1.]), colorSpace='rgb', contrast=1.0, depth=-1.0, draggable=False, flipHoriz=False, flipVert=False, font='Arial', fontFiles=[], height=0.05, italic=False, languageStyle='LTR', name='text', opacity=1, ori=0.0, pos=array([0., 0.]), rgb=UNKNOWN, text='', units='height', win=Window(...), wrapWidth=1)
32.5608 	EXP 	Created text_3 = TextStim(__class__=<class 'psychopy.visual.text.TextStim'>, alignHoriz=method-wrapper(...), alignText='center', alignVert=method-wrapper(...), anchorHoriz='center', anchorVert='center', antialias=True, autoDraw=False, autoLog=True, bold=False, color=array([1., 1., 1.]), colorSpace='rgb', contrast=1.0, depth=0.0, draggable=False, flipHoriz=False, flipVert=False, font='Arial', fontFiles=[], height=0.05, italic=False, languageStyle='LTR', name='text_3', opacity=1, ori=0.0, pos=array([0., 0.]), rgb=UNKNOWN, text='Thank You for Participating!!', units='height', win=Window(...), wrapWidth=1)
0.0133 	INFO 	Keyboard events cleared
0.0128 	EXP 	text_2: autoDraw = True
2.7384 	EXP 	Imported C:/Users/DELL/Downloads/condition_stroop.xlsx as conditions, 4 conditions, 4 params
2.7428 	EXP 	New trial (rep=0, index=0): <Trial 0 (0 in rep 0) data={'word': 'BLUE', 'colour': 'red', 'stim_condition': 'I', 'correct_res': 'r', 'thisN': 0, 'thisTrialN': 0, 'thisRepN': 0}>
2.7524 	DATA 	Keypress: space
2.7544 	EXP 	text_2: autoDraw = False
2.7544 	EXP 	text: foreColor = <psychopy.colors.Color: red, alpha=1.0>
2.7544 	EXP 	text: height = 0.05
2.7544 	EXP 	text: height = 0.05
2.7544 	EXP 	text: height = 0.05
2.7544 	EXP 	text: text = 'BLUE'
2.7544 	EXP 	fixation: autoDraw = True
3.2297 	INFO 	Keyboard events cleared
3.2291 	EXP 	fixation: autoDraw = False
3.2291 	EXP 	text: autoDraw = True
4.8464 	EXP 	New trial (rep=0, index=1): <Trial 1 (1 in rep 0) data={'word': 'RED', 'colour': 'blue', 'stim_condition': 'I', 'correct_res': 'b', 'thisN': 1, 'thisTrialN': 1, 'thisRepN': 0}>
4.8538 	DATA 	Keypress: b
4.8611 	EXP 	fixation: autoDraw = False
4.8611 	EXP 	text: autoDraw = False
4.8611 	EXP 	text: foreColor = <psychopy.colors.Color: blue, alpha=1.0>
4.8611 	EXP 	text: height = 0.05
4.8611 	EXP 	text: height = 0.05
4.8611 	EXP 	text: height = 0.05
4.8611 	EXP 	text: text = 'RED'
4.8611 	EXP 	fixation: autoDraw = True
5.3612 	INFO 	Keyboard events cleared
5.3607 	EXP 	fixation: autoDraw = False
5.3607 	EXP 	text: autoDraw = True
6.9113 	EXP 	New trial (rep=0, index=2): <Trial 2 (2 in rep 0) data={'word': 'BLUE', 'colour': 'blue', 'stim_condition': 'C', 'correct_res': 'b', 'thisN': 2, 'thisTrialN': 2, 'thisRepN': 0}>
6.9177 	DATA 	Keypress: b
6.9262 	EXP 	fixation: autoDraw = False
6.9262 	EXP 	text: autoDraw = False
6.9262 	EXP 	text: foreColor = <psychopy.colors.Color: blue, alpha=1.0>
6.9262 	EXP 	text: height = 0.05
6.9262 	EXP 	text: height = 0.05
6.9262 	EXP 	text: height = 0.05
6.9262 	EXP 	text: text = 'BLUE'
6.9262 	EXP 	fixation: autoDraw = True
7.4261 	INFO 	Keyboard events cleared
7.4255 	EXP 	fixation: autoDraw = False
7.4255 	EXP 	text: autoDraw = True
8.2766 	EXP 	New trial (rep=0, index=3): <Trial 3 (3 in rep 0) data={'word': 'RED', 'colour': 'red', 'stim_condition': 'C', 'correct_res': 'r', 'thisN': 3, 'thisTrialN': 3, 'thisRepN': 0}>
8.2843 	DATA 	Keypress: b
8.2914 	EXP 	fixation: autoDraw = False
8.2914 	EXP 	text: autoDraw = False
8.2914 	EXP 	text: foreColor = <psychopy.colors.Color: red, alpha=1.0>
8.2914 	EXP 	text: height = 0.05
8.2914 	EXP 	text: height = 0.05
8.2914 	EXP 	text: height = 0.05
8.2914 	EXP 	text: text = 'RED'
8.2914 	EXP 	fixation: autoDraw = True
8.7916 	INFO 	Keyboard events cleared
8.7911 	EXP 	fixation: autoDraw = False
8.7911 	EXP 	text: autoDraw = True
9.6252 	EXP 	New trial (rep=1, index=0): <Trial 4 (0 in rep 1) data={'word': 'BLUE', 'colour': 'red', 'stim_condition': 'I', 'correct_res': 'r', 'thisN': 4, 'thisTrialN': 0, 'thisRepN': 1}>
9.6318 	DATA 	Keypress: r
9.6403 	EXP 	fixation: autoDraw = False
9.6403 	EXP 	text: autoDraw = False
9.6403 	EXP 	text: foreColor = <psychopy.colors.Color: red, alpha=1.0>
9.6403 	EXP 	text: height = 0.05
9.6403 	EXP 	text: height = 0.05
9.6403 	EXP 	text: height = 0.05
9.6403 	EXP 	text: text = 'BLUE'
9.6403 	EXP 	fixation: autoDraw = True
10.1404 	INFO 	Keyboard events cleared
10.1399 	EXP 	fixation: autoDraw = False
10.1399 	EXP 	text: autoDraw = True
11.9568 	EXP 	New trial (rep=1, index=1): <Trial 5 (1 in rep 1) data={'word': 'RED', 'colour': 'red', 'stim_condition': 'C', 'correct_res': 'r', 'thisN': 5, 'thisTrialN': 1, 'thisRepN': 1}>
11.9641 	DATA 	Keypress: r
11.9718 	EXP 	fixation: autoDraw = False
11.9718 	EXP 	text: autoDraw = False
11.9718 	EXP 	text: foreColor = <psychopy.colors.Color: red, alpha=1.0>
11.9718 	EXP 	text: height = 0.05
11.9718 	EXP 	text: height = 0.05
11.9718 	EXP 	text: height = 0.05
11.9718 	EXP 	text: text = 'RED'
11.9718 	EXP 	fixation: autoDraw = True
12.4718 	INFO 	Keyboard events cleared
12.4714 	EXP 	fixation: autoDraw = False
12.4714 	EXP 	text: autoDraw = True
13.4385 	EXP 	New trial (rep=1, index=2): <Trial 6 (2 in rep 1) data={'word': 'BLUE', 'colour': 'blue', 'stim_condition': 'C', 'correct_res': 'b', 'thisN': 6, 'thisTrialN': 2, 'thisRepN': 1}>
13.4447 	DATA 	Keypress: r
13.4535 	EXP 	fixation: autoDraw = False
13.4535 	EXP 	text: autoDraw = False
13.4535 	EXP 	text: foreColor = <psychopy.colors.Color: blue, alpha=1.0>
13.4535 	EXP 	text: height = 0.05
13.4535 	EXP 	text: height = 0.05
13.4535 	EXP 	text: height = 0.05
13.4535 	EXP 	text: text = 'BLUE'
13.4535 	EXP 	fixation: autoDraw = True
13.9536 	INFO 	Keyboard events cleared
13.9531 	EXP 	fixation: autoDraw = False
13.9531 	EXP 	text: autoDraw = True
14.7040 	EXP 	New trial (rep=1, index=3): <Trial 7 (3 in rep 1) data={'word': 'RED', 'colour': 'blue', 'stim_condition': 'I', 'correct_res': 'b', 'thisN': 7, 'thisTrialN': 3, 'thisRepN': 1}>
14.7116 	DATA 	Keypress: b
14.7192 	EXP 	fixation: autoDraw = False
14.7192 	EXP 	text: autoDraw = False
14.7192 	EXP 	text: foreColor = <psychopy.colors.Color: blue, alpha=1.0>
14.7192 	EXP 	text: height = 0.05
14.7192 	EXP 	text: height = 0.05
14.7192 	EXP 	text: height = 0.05
14.7192 	EXP 	text: text = 'RED'
14.7192 	EXP 	fixation: autoDraw = True
15.2193 	INFO 	Keyboard events cleared
15.2188 	EXP 	fixation: autoDraw = False
15.2188 	EXP 	text: autoDraw = True
15.8532 	EXP 	New trial (rep=2, index=0): <Trial 8 (0 in rep 2) data={'word': 'BLUE', 'colour': 'red', 'stim_condition': 'I', 'correct_res': 'r', 'thisN': 8, 'thisTrialN': 0, 'thisRepN': 2}>
15.8596 	DATA 	Keypress: b
15.8684 	EXP 	fixation: autoDraw = False
15.8684 	EXP 	text: autoDraw = False
15.8684 	EXP 	text: foreColor = <psychopy.colors.Color: red, alpha=1.0>
15.8684 	EXP 	text: height = 0.05
15.8684 	EXP 	text: height = 0.05
15.8684 	EXP 	text: height = 0.05
15.8684 	EXP 	text: text = 'BLUE'
15.8684 	EXP 	fixation: autoDraw = True
16.3683 	INFO 	Keyboard events cleared
16.3679 	EXP 	fixation: autoDraw = False
16.3679 	EXP 	text: autoDraw = True
17.1521 	EXP 	New trial (rep=2, index=1): <Trial 9 (1 in rep 2) data={'word': 'RED', 'colour': 'red', 'stim_condition': 'C', 'correct_res': 'r', 'thisN': 9, 'thisTrialN': 1, 'thisRepN': 2}>
17.1590 	DATA 	Keypress: r
17.1673 	EXP 	fixation: autoDraw = False
17.1673 	EXP 	text: autoDraw = False
17.1673 	EXP 	text: foreColor = <psychopy.colors.Color: red, alpha=1.0>
17.1673 	EXP 	text: height = 0.05
17.1673 	EXP 	text: height = 0.05
17.1673 	EXP 	text: height = 0.05
17.1673 	EXP 	text: text = 'RED'
17.1673 	EXP 	fixation: autoDraw = True
17.6671 	INFO 	Keyboard events cleared
17.6666 	EXP 	fixation: autoDraw = False
17.6666 	EXP 	text: autoDraw = True
18.3009 	EXP 	New trial (rep=2, index=2): <Trial 10 (2 in rep 2) data={'word': 'BLUE', 'colour': 'blue', 'stim_condition': 'C', 'correct_res': 'b', 'thisN': 10, 'thisTrialN': 2, 'thisRepN': 2}>
18.3076 	DATA 	Keypress: r
18.3160 	EXP 	fixation: autoDraw = False
18.3160 	EXP 	text: autoDraw = False
18.3160 	EXP 	text: foreColor = <psychopy.colors.Color: blue, alpha=1.0>
18.3160 	EXP 	text: height = 0.05
18.3160 	EXP 	text: height = 0.05
18.3160 	EXP 	text: height = 0.05
18.3160 	EXP 	text: text = 'BLUE'
18.3160 	EXP 	fixation: autoDraw = True
18.8160 	INFO 	Keyboard events cleared
18.8155 	EXP 	fixation: autoDraw = False
18.8155 	EXP 	text: autoDraw = True
19.5002 	EXP 	New trial (rep=2, index=3): <Trial 11 (3 in rep 2) data={'word': 'RED', 'colour': 'blue', 'stim_condition': 'I', 'correct_res': 'b', 'thisN': 11, 'thisTrialN': 3, 'thisRepN': 2}>
19.5072 	DATA 	Keypress: b
19.5149 	EXP 	fixation: autoDraw = False
19.5149 	EXP 	text: autoDraw = False
19.5149 	EXP 	text: foreColor = <psychopy.colors.Color: blue, alpha=1.0>
19.5149 	EXP 	text: height = 0.05
19.5149 	EXP 	text: height = 0.05
19.5149 	EXP 	text: height = 0.05
19.5149 	EXP 	text: text = 'RED'
19.5149 	EXP 	fixation: autoDraw = True
20.0150 	INFO 	Keyboard events cleared
20.0145 	EXP 	fixation: autoDraw = False
20.0145 	EXP 	text: autoDraw = True
21.1486 	EXP 	New trial (rep=3, index=0): <Trial 12 (0 in rep 3) data={'word': 'RED', 'colour': 'red', 'stim_condition': 'C', 'correct_res': 'r', 'thisN': 12, 'thisTrialN': 0, 'thisRepN': 3}>
21.1510 	DATA 	Keypress: b
21.1636 	EXP 	fixation: autoDraw = False
21.1636 	EXP 	text: autoDraw = False
21.1636 	EXP 	text: foreColor = <psychopy.colors.Color: red, alpha=1.0>
21.1636 	EXP 	text: text = 'RED'
21.1636 	EXP 	fixation: autoDraw = True
21.6637 	INFO 	Keyboard events cleared
21.6632 	EXP 	fixation: autoDraw = False
21.6632 	EXP 	text: autoDraw = True
22.3807 	EXP 	New trial (rep=3, index=1): <Trial 13 (1 in rep 3) data={'word': 'BLUE', 'colour': 'blue', 'stim_condition': 'C', 'correct_res': 'b', 'thisN': 13, 'thisTrialN': 1, 'thisRepN': 3}>
22.3877 	DATA 	Keypress: r
22.3958 	EXP 	fixation: autoDraw = False
22.3958 	EXP 	text: autoDraw = False
22.3958 	EXP 	text: foreColor = <psychopy.colors.Color: blue, alpha=1.0>
22.3958 	EXP 	text: height = 0.05
22.3958 	EXP 	text: height = 0.05
22.3958 	EXP 	text: height = 0.05
22.3958 	EXP 	text: text = 'BLUE'
22.3958 	EXP 	fixation: autoDraw = True
22.8960 	INFO 	Keyboard events cleared
22.8954 	EXP 	fixation: autoDraw = False
22.8954 	EXP 	text: autoDraw = True
23.6964 	EXP 	New trial (rep=3, index=2): <Trial 14 (2 in rep 3) data={'word': 'RED', 'colour': 'blue', 'stim_condition': 'I', 'correct_res': 'b', 'thisN': 14, 'thisTrialN': 2, 'thisRepN': 3}>
23.7034 	DATA 	Keypress: b
23.7113 	EXP 	fixation: autoDraw = False
23.7113 	EXP 	text: autoDraw = False
23.7113 	EXP 	text: foreColor = <psychopy.colors.Color: blue, alpha=1.0>
23.7113 	EXP 	text: height = 0.05
23.7113 	EXP 	text: height = 0.05
23.7113 	EXP 	text: height = 0.05
23.7113 	EXP 	text: text = 'RED'
23.7113 	EXP 	fixation: autoDraw = True
24.2114 	INFO 	Keyboard events cleared
24.2108 	EXP 	fixation: autoDraw = False
24.2108 	EXP 	text: autoDraw = True
24.8788 	EXP 	New trial (rep=3, index=3): <Trial 15 (3 in rep 3) data={'word': 'BLUE', 'colour': 'red', 'stim_condition': 'I', 'correct_res': 'r', 'thisN': 15, 'thisTrialN': 3, 'thisRepN': 3}>
24.8856 	DATA 	Keypress: b
24.8936 	EXP 	fixation: autoDraw = False
24.8936 	EXP 	text: autoDraw = False
24.8936 	EXP 	text: foreColor = <psychopy.colors.Color: red, alpha=1.0>
24.8936 	EXP 	text: height = 0.05
24.8936 	EXP 	text: height = 0.05
24.8936 	EXP 	text: height = 0.05
24.8936 	EXP 	text: text = 'BLUE'
24.8936 	EXP 	fixation: autoDraw = True
25.3937 	INFO 	Keyboard events cleared
25.3932 	EXP 	fixation: autoDraw = False
25.3932 	EXP 	text: autoDraw = True
26.0280 	EXP 	New trial (rep=4, index=0): <Trial 16 (0 in rep 4) data={'word': 'BLUE', 'colour': 'blue', 'stim_condition': 'C', 'correct_res': 'b', 'thisN': 16, 'thisTrialN': 0, 'thisRepN': 4}>
26.0304 	DATA 	Keypress: r
26.0427 	EXP 	fixation: autoDraw = False
26.0427 	EXP 	text: autoDraw = False
26.0427 	EXP 	text: foreColor = <psychopy.colors.Color: blue, alpha=1.0>
26.0427 	EXP 	text: text = 'BLUE'
26.0427 	EXP 	fixation: autoDraw = True
26.5427 	INFO 	Keyboard events cleared
26.5423 	EXP 	fixation: autoDraw = False
26.5423 	EXP 	text: autoDraw = True
27.2269 	EXP 	New trial (rep=4, index=1): <Trial 17 (1 in rep 4) data={'word': 'BLUE', 'colour': 'red', 'stim_condition': 'I', 'correct_res': 'r', 'thisN': 17, 'thisTrialN': 1, 'thisRepN': 4}>
27.2294 	DATA 	Keypress: b
27.2418 	EXP 	fixation: autoDraw = False
27.2418 	EXP 	text: autoDraw = False
27.2418 	EXP 	text: foreColor = <psychopy.colors.Color: red, alpha=1.0>
27.2418 	EXP 	text: text = 'BLUE'
27.2418 	EXP 	fixation: autoDraw = True
27.7417 	INFO 	Keyboard events cleared
27.7412 	EXP 	fixation: autoDraw = False
27.7412 	EXP 	text: autoDraw = True
28.2925 	EXP 	New trial (rep=4, index=2): <Trial 18 (2 in rep 4) data={'word': 'RED', 'colour': 'red', 'stim_condition': 'C', 'correct_res': 'r', 'thisN': 18, 'thisTrialN': 2, 'thisRepN': 4}>
28.3005 	DATA 	Keypress: r
28.3073 	EXP 	fixation: autoDraw = False
28.3073 	EXP 	text: autoDraw = False
28.3073 	EXP 	text: foreColor = <psychopy.colors.Color: red, alpha=1.0>
28.3073 	EXP 	text: height = 0.05
28.3073 	EXP 	text: height = 0.05
28.3073 	EXP 	text: height = 0.05
28.3073 	EXP 	text: text = 'RED'
28.3073 	EXP 	fixation: autoDraw = True
28.8075 	INFO 	Keyboard events cleared
28.8069 	EXP 	fixation: autoDraw = False
28.8069 	EXP 	text: autoDraw = True
29.4246 	EXP 	New trial (rep=4, index=3): <Trial 19 (3 in rep 4) data={'word': 'RED', 'colour': 'blue', 'stim_condition': 'I', 'correct_res': 'b', 'thisN': 19, 'thisTrialN': 3, 'thisRepN': 4}>
29.4271 	DATA 	Keypress: r
29.4396 	EXP 	fixation: autoDraw = False
29.4396 	EXP 	text: autoDraw = False
29.4396 	EXP 	text: foreColor = <psychopy.colors.Color: blue, alpha=1.0>
29.4396 	EXP 	text: text = 'RED'
29.4396 	EXP 	fixation: autoDraw = True
29.9396 	INFO 	Keyboard events cleared
29.9392 	EXP 	fixation: autoDraw = False
29.9392 	EXP 	text: autoDraw = True
30.5910 	EXP 	New trial (rep=5, index=0): <Trial 20 (0 in rep 5) data={'word': 'RED', 'colour': 'red', 'stim_condition': 'C', 'correct_res': 'r', 'thisN': 20, 'thisTrialN': 0, 'thisRepN': 5}>
30.5936 	DATA 	Keypress: b
30.6053 	EXP 	fixation: autoDraw = False
30.6053 	EXP 	text: autoDraw = False
30.6053 	EXP 	text: foreColor = <psychopy.colors.Color: red, alpha=1.0>
30.6053 	EXP 	text: text = 'RED'
30.6053 	EXP 	fixation: autoDraw = True
31.1056 	INFO 	Keyboard events cleared
31.1049 	EXP 	fixation: autoDraw = False
31.1049 	EXP 	text: autoDraw = True
31.6895 	EXP 	New trial (rep=5, index=1): <Trial 21 (1 in rep 5) data={'word': 'BLUE', 'colour': 'red', 'stim_condition': 'I', 'correct_res': 'r', 'thisN': 21, 'thisTrialN': 1, 'thisRepN': 5}>
31.6968 	DATA 	Keypress: r
31.7044 	EXP 	fixation: autoDraw = False
31.7044 	EXP 	text: autoDraw = False
31.7044 	EXP 	text: foreColor = <psychopy.colors.Color: red, alpha=1.0>
31.7044 	EXP 	text: height = 0.05
31.7044 	EXP 	text: height = 0.05
31.7044 	EXP 	text: height = 0.05
31.7044 	EXP 	text: text = 'BLUE'
31.7044 	EXP 	fixation: autoDraw = True
32.2047 	INFO 	Keyboard events cleared
32.2041 	EXP 	fixation: autoDraw = False
32.2041 	EXP 	text: autoDraw = True
32.7718 	EXP 	New trial (rep=5, index=2): <Trial 22 (2 in rep 5) data={'word': 'BLUE', 'colour': 'blue', 'stim_condition': 'C', 'correct_res': 'b', 'thisN': 22, 'thisTrialN': 2, 'thisRepN': 5}>
32.7741 	DATA 	Keypress: r
32.7867 	EXP 	fixation: autoDraw = False
32.7867 	EXP 	text: autoDraw = False
32.7867 	EXP 	text: foreColor = <psychopy.colors.Color: blue, alpha=1.0>
32.7867 	EXP 	text: text = 'BLUE'
32.7867 	EXP 	fixation: autoDraw = True
33.2868 	INFO 	Keyboard events cleared
33.2863 	EXP 	fixation: autoDraw = False
33.2863 	EXP 	text: autoDraw = True
33.8039 	EXP 	New trial (rep=5, index=3): <Trial 23 (3 in rep 5) data={'word': 'RED', 'colour': 'blue', 'stim_condition': 'I', 'correct_res': 'b', 'thisN': 23, 'thisTrialN': 3, 'thisRepN': 5}>
33.8111 	DATA 	Keypress: b
33.8191 	EXP 	fixation: autoDraw = False
33.8191 	EXP 	text: autoDraw = False
33.8191 	EXP 	text: foreColor = <psychopy.colors.Color: blue, alpha=1.0>
33.8191 	EXP 	text: height = 0.05
33.8191 	EXP 	text: height = 0.05
33.8191 	EXP 	text: height = 0.05
33.8191 	EXP 	text: text = 'RED'
33.8191 	EXP 	fixation: autoDraw = True
34.3192 	INFO 	Keyboard events cleared
34.3187 	EXP 	fixation: autoDraw = False
34.3187 	EXP 	text: autoDraw = True
34.7871 	EXP 	New trial (rep=6, index=0): <Trial 24 (0 in rep 6) data={'word': 'BLUE', 'colour': 'red', 'stim_condition': 'I', 'correct_res': 'r', 'thisN': 24, 'thisTrialN': 0, 'thisRepN': 6}>
34.7938 	DATA 	Keypress: b
34.8017 	EXP 	fixation: autoDraw = False
34.8017 	EXP 	text: autoDraw = False
34.8017 	EXP 	text: foreColor = <psychopy.colors.Color: red, alpha=1.0>
34.8017 	EXP 	text: height = 0.05
34.8017 	EXP 	text: height = 0.05
34.8017 	EXP 	text: height = 0.05
34.8017 	EXP 	text: text = 'BLUE'
34.8017 	EXP 	fixation: autoDraw = True
35.3017 	INFO 	Keyboard events cleared
35.3012 	EXP 	fixation: autoDraw = False
35.3012 	EXP 	text: autoDraw = True
36.0023 	EXP 	New trial (rep=6, index=1): <Trial 25 (1 in rep 6) data={'word': 'RED', 'colour': 'red', 'stim_condition': 'C', 'correct_res': 'r', 'thisN': 25, 'thisTrialN': 1, 'thisRepN': 6}>
36.0092 	DATA 	Keypress: r
36.0173 	EXP 	fixation: autoDraw = False
36.0173 	EXP 	text: autoDraw = False
36.0173 	EXP 	text: foreColor = <psychopy.colors.Color: red, alpha=1.0>
36.0173 	EXP 	text: height = 0.05
36.0173 	EXP 	text: height = 0.05
36.0173 	EXP 	text: height = 0.05
36.0173 	EXP 	text: text = 'RED'
36.0173 	EXP 	fixation: autoDraw = True
36.5176 	INFO 	Keyboard events cleared
36.5169 	EXP 	fixation: autoDraw = False
36.5169 	EXP 	text: autoDraw = True
37.0680 	EXP 	New trial (rep=6, index=2): <Trial 26 (2 in rep 6) data={'word': 'BLUE', 'colour': 'blue', 'stim_condition': 'C', 'correct_res': 'b', 'thisN': 26, 'thisTrialN': 2, 'thisRepN': 6}>
37.0743 	DATA 	Keypress: r
37.0832 	EXP 	fixation: autoDraw = False
37.0832 	EXP 	text: autoDraw = False
37.0832 	EXP 	text: foreColor = <psychopy.colors.Color: blue, alpha=1.0>
37.0832 	EXP 	text: height = 0.05
37.0832 	EXP 	text: height = 0.05
37.0832 	EXP 	text: height = 0.05
37.0832 	EXP 	text: text = 'BLUE'
37.0832 	EXP 	fixation: autoDraw = True
37.5833 	INFO 	Keyboard events cleared
37.5828 	EXP 	fixation: autoDraw = False
37.5828 	EXP 	text: autoDraw = True
38.0504 	EXP 	New trial (rep=6, index=3): <Trial 27 (3 in rep 6) data={'word': 'RED', 'colour': 'blue', 'stim_condition': 'I', 'correct_res': 'b', 'thisN': 27, 'thisTrialN': 3, 'thisRepN': 6}>
38.0569 	DATA 	Keypress: b
38.0654 	EXP 	fixation: autoDraw = False
38.0654 	EXP 	text: autoDraw = False
38.0654 	EXP 	text: foreColor = <psychopy.colors.Color: blue, alpha=1.0>
38.0654 	EXP 	text: height = 0.05
38.0654 	EXP 	text: height = 0.05
38.0654 	EXP 	text: height = 0.05
38.0654 	EXP 	text: text = 'RED'
38.0654 	EXP 	fixation: autoDraw = True
38.5655 	INFO 	Keyboard events cleared
38.5650 	EXP 	fixation: autoDraw = False
38.5650 	EXP 	text: autoDraw = True
39.0995 	EXP 	New trial (rep=7, index=0): <Trial 28 (0 in rep 7) data={'word': 'RED', 'colour': 'blue', 'stim_condition': 'I', 'correct_res': 'b', 'thisN': 28, 'thisTrialN': 0, 'thisRepN': 7}>
39.1020 	DATA 	Keypress: b
39.1145 	EXP 	fixation: autoDraw = False
39.1145 	EXP 	text: autoDraw = False
39.1145 	EXP 	text: foreColor = <psychopy.colors.Color: blue, alpha=1.0>
39.1145 	EXP 	text: text = 'RED'
39.1145 	EXP 	fixation: autoDraw = True
39.6146 	INFO 	Keyboard events cleared
39.6141 	EXP 	fixation: autoDraw = False
39.6141 	EXP 	text: autoDraw = True
40.1486 	EXP 	New trial (rep=7, index=1): <Trial 29 (1 in rep 7) data={'word': 'RED', 'colour': 'red', 'stim_condition': 'C', 'correct_res': 'r', 'thisN': 29, 'thisTrialN': 1, 'thisRepN': 7}>
40.1511 	DATA 	Keypress: r
40.1636 	EXP 	fixation: autoDraw = False
40.1636 	EXP 	text: autoDraw = False
40.1636 	EXP 	text: foreColor = <psychopy.colors.Color: red, alpha=1.0>
40.1636 	EXP 	text: text = 'RED'
40.1636 	EXP 	fixation: autoDraw = True
40.6637 	INFO 	Keyboard events cleared
40.6632 	EXP 	fixation: autoDraw = False
40.6632 	EXP 	text: autoDraw = True
41.7306 	EXP 	New trial (rep=7, index=2): <Trial 30 (2 in rep 7) data={'word': 'BLUE', 'colour': 'blue', 'stim_condition': 'C', 'correct_res': 'b', 'thisN': 30, 'thisTrialN': 2, 'thisRepN': 7}>
41.7369 	DATA 	Keypress: r
41.7457 	EXP 	fixation: autoDraw = False
41.7457 	EXP 	text: autoDraw = False
41.7457 	EXP 	text: foreColor = <psychopy.colors.Color: blue, alpha=1.0>
41.7457 	EXP 	text: height = 0.05
41.7457 	EXP 	text: height = 0.05
41.7457 	EXP 	text: height = 0.05
41.7457 	EXP 	text: text = 'BLUE'
41.7457 	EXP 	fixation: autoDraw = True
42.2458 	INFO 	Keyboard events cleared
42.2453 	EXP 	fixation: autoDraw = False
42.2453 	EXP 	text: autoDraw = True
42.8964 	EXP 	New trial (rep=7, index=3): <Trial 31 (3 in rep 7) data={'word': 'BLUE', 'colour': 'red', 'stim_condition': 'I', 'correct_res': 'r', 'thisN': 31, 'thisTrialN': 3, 'thisRepN': 7}>
42.8990 	DATA 	Keypress: b
42.9112 	EXP 	fixation: autoDraw = False
42.9112 	EXP 	text: autoDraw = False
42.9112 	EXP 	text: foreColor = <psychopy.colors.Color: red, alpha=1.0>
42.9112 	EXP 	text: text = 'BLUE'
42.9112 	EXP 	fixation: autoDraw = True
43.4113 	INFO 	Keyboard events cleared
43.4108 	EXP 	fixation: autoDraw = False
43.4108 	EXP 	text: autoDraw = True
43.9287 	EXP 	New trial (rep=8, index=0): <Trial 32 (0 in rep 8) data={'word': 'RED', 'colour': 'blue', 'stim_condition': 'I', 'correct_res': 'b', 'thisN': 32, 'thisTrialN': 0, 'thisRepN': 8}>
43.9370 	DATA 	Keypress: r
43.9443 	EXP 	fixation: autoDraw = False
43.9443 	EXP 	text: autoDraw = False
43.9443 	EXP 	text: foreColor = <psychopy.colors.Color: blue, alpha=1.0>
43.9443 	EXP 	text: height = 0.05
43.9443 	EXP 	text: height = 0.05
43.9443 	EXP 	text: height = 0.05
43.9443 	EXP 	text: text = 'RED'
43.9443 	EXP 	fixation: autoDraw = True
44.4438 	INFO 	Keyboard events cleared
44.4433 	EXP 	fixation: autoDraw = False
44.4433 	EXP 	text: autoDraw = True
44.9944 	EXP 	New trial (rep=8, index=1): <Trial 33 (1 in rep 8) data={'word': 'BLUE', 'colour': 'red', 'stim_condition': 'I', 'correct_res': 'r', 'thisN': 33, 'thisTrialN': 1, 'thisRepN': 8}>
45.0010 	DATA 	Keypress: b
45.0094 	EXP 	fixation: autoDraw = False
45.0094 	EXP 	text: autoDraw = False
45.0094 	EXP 	text: foreColor = <psychopy.colors.Color: red, alpha=1.0>
45.0094 	EXP 	text: height = 0.05
45.0094 	EXP 	text: height = 0.05
45.0094 	EXP 	text: height = 0.05
45.0094 	EXP 	text: text = 'BLUE'
45.0094 	EXP 	fixation: autoDraw = True
45.5094 	INFO 	Keyboard events cleared
45.5089 	EXP 	fixation: autoDraw = False
45.5089 	EXP 	text: autoDraw = True
46.0599 	EXP 	New trial (rep=8, index=2): <Trial 34 (2 in rep 8) data={'word': 'RED', 'colour': 'red', 'stim_condition': 'C', 'correct_res': 'r', 'thisN': 34, 'thisTrialN': 2, 'thisRepN': 8}>
46.0677 	DATA 	Keypress: r
46.0751 	EXP 	fixation: autoDraw = False
46.0751 	EXP 	text: autoDraw = False
46.0751 	EXP 	text: foreColor = <psychopy.colors.Color: red, alpha=1.0>
46.0751 	EXP 	text: height = 0.05
46.0751 	EXP 	text: height = 0.05
46.0751 	EXP 	text: height = 0.05
46.0751 	EXP 	text: text = 'RED'
46.0751 	EXP 	fixation: autoDraw = True
46.5753 	INFO 	Keyboard events cleared
46.5748 	EXP 	fixation: autoDraw = False
46.5748 	EXP 	text: autoDraw = True
47.1097 	EXP 	New trial (rep=8, index=3): <Trial 35 (3 in rep 8) data={'word': 'BLUE', 'colour': 'blue', 'stim_condition': 'C', 'correct_res': 'b', 'thisN': 35, 'thisTrialN': 3, 'thisRepN': 8}>
47.1171 	DATA 	Keypress: r
47.1244 	EXP 	fixation: autoDraw = False
47.1244 	EXP 	text: autoDraw = False
47.1244 	EXP 	text: foreColor = <psychopy.colors.Color: blue, alpha=1.0>
47.1244 	EXP 	text: height = 0.05
47.1244 	EXP 	text: height = 0.05
47.1244 	EXP 	text: height = 0.05
47.1244 	EXP 	text: text = 'BLUE'
47.1244 	EXP 	fixation: autoDraw = True
47.6245 	INFO 	Keyboard events cleared
47.6240 	EXP 	fixation: autoDraw = False
47.6240 	EXP 	text: autoDraw = True
48.1415 	EXP 	New trial (rep=9, index=0): <Trial 36 (0 in rep 9) data={'word': 'BLUE', 'colour': 'blue', 'stim_condition': 'C', 'correct_res': 'b', 'thisN': 36, 'thisTrialN': 0, 'thisRepN': 9}>
48.1439 	DATA 	Keypress: b
48.1566 	EXP 	fixation: autoDraw = False
48.1566 	EXP 	text: autoDraw = False
48.1566 	EXP 	text: foreColor = <psychopy.colors.Color: blue, alpha=1.0>
48.1566 	EXP 	text: text = 'BLUE'
48.1566 	EXP 	fixation: autoDraw = True
48.6568 	INFO 	Keyboard events cleared
48.6562 	EXP 	fixation: autoDraw = False
48.6562 	EXP 	text: autoDraw = True
53.1523 	EXP 	text: autoDraw = False
59.9648 	EXP 	New trial (rep=9, index=1): <Trial 37 (1 in rep 9) data={'word': 'RED', 'colour': 'blue', 'stim_condition': 'I', 'correct_res': 'b', 'thisN': 37, 'thisTrialN': 1, 'thisRepN': 9}>
59.9720 	DATA 	Keypress: b
59.9796 	EXP 	fixation: autoDraw = False
59.9796 	EXP 	text: autoDraw = False
59.9796 	EXP 	text: foreColor = <psychopy.colors.Color: blue, alpha=1.0>
59.9796 	EXP 	text: height = 0.05
59.9796 	EXP 	text: height = 0.05
59.9796 	EXP 	text: height = 0.05
59.9796 	EXP 	text: text = 'RED'
59.9796 	EXP 	fixation: autoDraw = True
60.4799 	INFO 	Keyboard events cleared
60.4793 	EXP 	fixation: autoDraw = False
60.4793 	EXP 	text: autoDraw = True
61.4137 	EXP 	New trial (rep=9, index=2): <Trial 38 (2 in rep 9) data={'word': 'BLUE', 'colour': 'red', 'stim_condition': 'I', 'correct_res': 'r', 'thisN': 38, 'thisTrialN': 2, 'thisRepN': 9}>
61.4205 	DATA 	Keypress: b
61.4285 	EXP 	fixation: autoDraw = False
61.4285 	EXP 	text: autoDraw = False
61.4285 	EXP 	text: foreColor = <psychopy.colors.Color: red, alpha=1.0>
61.4285 	EXP 	text: height = 0.05
61.4285 	EXP 	text: height = 0.05
61.4285 	EXP 	text: height = 0.05
61.4285 	EXP 	text: text = 'BLUE'
61.4285 	EXP 	fixation: autoDraw = True
61.9287 	INFO 	Keyboard events cleared
61.9283 	EXP 	fixation: autoDraw = False
61.9283 	EXP 	text: autoDraw = True
65.6933 	EXP 	New trial (rep=9, index=3): <Trial 39 (3 in rep 9) data={'word': 'RED', 'colour': 'red', 'stim_condition': 'C', 'correct_res': 'r', 'thisN': 39, 'thisTrialN': 3, 'thisRepN': 9}>
65.7014 	DATA 	Keypress: b
65.7081 	EXP 	fixation: autoDraw = False
65.7081 	EXP 	text: autoDraw = False
65.7081 	EXP 	text: foreColor = <psychopy.colors.Color: red, alpha=1.0>
65.7081 	EXP 	text: height = 0.05
65.7081 	EXP 	text: height = 0.05
65.7081 	EXP 	text: height = 0.05
65.7081 	EXP 	text: text = 'RED'
65.7081 	EXP 	fixation: autoDraw = True
66.2082 	INFO 	Keyboard events cleared
66.2077 	EXP 	fixation: autoDraw = False
66.2077 	EXP 	text: autoDraw = True
67.7248 	EXP 	New trial (rep=10, index=0): <Trial 40 (0 in rep 10) data={'word': 'RED', 'colour': 'red', 'stim_condition': 'C', 'correct_res': 'r', 'thisN': 40, 'thisTrialN': 0, 'thisRepN': 10}>
67.7276 	DATA 	Keypress: r
67.7397 	EXP 	fixation: autoDraw = False
67.7397 	EXP 	text: autoDraw = False
67.7397 	EXP 	text: foreColor = <psychopy.colors.Color: red, alpha=1.0>
67.7397 	EXP 	text: text = 'RED'
67.7397 	EXP 	fixation: autoDraw = True
68.2398 	INFO 	Keyboard events cleared
68.2394 	EXP 	fixation: autoDraw = False
68.2394 	EXP 	text: autoDraw = True
69.6728 	EXP 	New trial (rep=10, index=1): <Trial 41 (1 in rep 10) data={'word': 'BLUE', 'colour': 'blue', 'stim_condition': 'C', 'correct_res': 'b', 'thisN': 41, 'thisTrialN': 1, 'thisRepN': 10}>
69.6795 	DATA 	Keypress: r
69.6879 	EXP 	fixation: autoDraw = False
69.6879 	EXP 	text: autoDraw = False
69.6879 	EXP 	text: foreColor = <psychopy.colors.Color: blue, alpha=1.0>
69.6879 	EXP 	text: height = 0.05
69.6879 	EXP 	text: height = 0.05
69.6879 	EXP 	text: height = 0.05
69.6879 	EXP 	text: text = 'BLUE'
69.6879 	EXP 	fixation: autoDraw = True
70.1882 	INFO 	Keyboard events cleared
70.1877 	EXP 	fixation: autoDraw = False
70.1877 	EXP 	text: autoDraw = True
70.9385 	EXP 	New trial (rep=10, index=2): <Trial 42 (2 in rep 10) data={'word': 'BLUE', 'colour': 'red', 'stim_condition': 'I', 'correct_res': 'r', 'thisN': 42, 'thisTrialN': 2, 'thisRepN': 10}>
70.9409 	DATA 	Keypress: b
70.9534 	EXP 	fixation: autoDraw = False
70.9534 	EXP 	text: autoDraw = False
70.9534 	EXP 	text: foreColor = <psychopy.colors.Color: red, alpha=1.0>
70.9534 	EXP 	text: text = 'BLUE'
70.9534 	EXP 	fixation: autoDraw = True
71.4540 	INFO 	Keyboard events cleared
71.4534 	EXP 	fixation: autoDraw = False
71.4534 	EXP 	text: autoDraw = True
72.2540 	EXP 	New trial (rep=10, index=3): <Trial 43 (3 in rep 10) data={'word': 'RED', 'colour': 'blue', 'stim_condition': 'I', 'correct_res': 'b', 'thisN': 43, 'thisTrialN': 3, 'thisRepN': 10}>
72.2615 	DATA 	Keypress: r
72.2691 	EXP 	fixation: autoDraw = False
72.2691 	EXP 	text: autoDraw = False
72.2691 	EXP 	text: foreColor = <psychopy.colors.Color: blue, alpha=1.0>
72.2691 	EXP 	text: height = 0.05
72.2691 	EXP 	text: height = 0.05
72.2691 	EXP 	text: height = 0.05
72.2691 	EXP 	text: text = 'RED'
72.2691 	EXP 	fixation: autoDraw = True
72.7692 	INFO 	Keyboard events cleared
72.7687 	EXP 	fixation: autoDraw = False
72.7687 	EXP 	text: autoDraw = True
73.6364 	EXP 	New trial (rep=11, index=0): <Trial 44 (0 in rep 11) data={'word': 'BLUE', 'colour': 'blue', 'stim_condition': 'C', 'correct_res': 'b', 'thisN': 44, 'thisTrialN': 0, 'thisRepN': 11}>
73.6429 	DATA 	Keypress: b
73.6511 	EXP 	fixation: autoDraw = False
73.6511 	EXP 	text: autoDraw = False
73.6511 	EXP 	text: foreColor = <psychopy.colors.Color: blue, alpha=1.0>
73.6511 	EXP 	text: height = 0.05
73.6511 	EXP 	text: height = 0.05
73.6511 	EXP 	text: height = 0.05
73.6511 	EXP 	text: text = 'BLUE'
73.6511 	EXP 	fixation: autoDraw = True
74.1523 	INFO 	Keyboard events cleared
74.1515 	EXP 	fixation: autoDraw = False
74.1515 	EXP 	text: autoDraw = True
74.6198 	DATA 	Keypress: b
74.6352 	EXP 	New trial (rep=11, index=1): <Trial 45 (1 in rep 11) data={'word': 'RED', 'colour': 'blue', 'stim_condition': 'I', 'correct_res': 'b', 'thisN': 45, 'thisTrialN': 1, 'thisRepN': 11}>
74.6502 	EXP 	fixation: autoDraw = False
74.6502 	EXP 	text: autoDraw = False
74.6502 	EXP 	text: foreColor = <psychopy.colors.Color: blue, alpha=1.0>
74.6502 	EXP 	text: height = 0.05
74.6502 	EXP 	text: height = 0.05
74.6502 	EXP 	text: height = 0.05
74.6502 	EXP 	text: text = 'RED'
74.6502 	EXP 	fixation: autoDraw = True
75.1505 	INFO 	Keyboard events cleared
75.1498 	EXP 	fixation: autoDraw = False
75.1498 	EXP 	text: autoDraw = True
76.5503 	EXP 	New trial (rep=11, index=2): <Trial 46 (2 in rep 11) data={'word': 'RED', 'colour': 'red', 'stim_condition': 'C', 'correct_res': 'r', 'thisN': 46, 'thisTrialN': 2, 'thisRepN': 11}>
76.5529 	DATA 	Keypress: b
76.5653 	EXP 	fixation: autoDraw = False
76.5653 	EXP 	text: autoDraw = False
76.5653 	EXP 	text: foreColor = <psychopy.colors.Color: red, alpha=1.0>
76.5653 	EXP 	text: text = 'RED'
76.5653 	EXP 	fixation: autoDraw = True
77.0655 	INFO 	Keyboard events cleared
77.0650 	EXP 	fixation: autoDraw = False
77.0650 	EXP 	text: autoDraw = True
77.7160 	EXP 	New trial (rep=11, index=3): <Trial 47 (3 in rep 11) data={'word': 'BLUE', 'colour': 'red', 'stim_condition': 'I', 'correct_res': 'r', 'thisN': 47, 'thisTrialN': 3, 'thisRepN': 11}>
77.7223 	DATA 	Keypress: r
77.7310 	EXP 	fixation: autoDraw = False
77.7310 	EXP 	text: autoDraw = False
77.7310 	EXP 	text: foreColor = <psychopy.colors.Color: red, alpha=1.0>
77.7310 	EXP 	text: height = 0.05
77.7310 	EXP 	text: height = 0.05
77.7310 	EXP 	text: height = 0.05
77.7310 	EXP 	text: text = 'BLUE'
77.7310 	EXP 	fixation: autoDraw = True
78.2312 	INFO 	Keyboard events cleared
78.2307 	EXP 	fixation: autoDraw = False
78.2307 	EXP 	text: autoDraw = True
79.9971 	EXP 	New trial (rep=12, index=0): <Trial 48 (0 in rep 12) data={'word': 'BLUE', 'colour': 'blue', 'stim_condition': 'C', 'correct_res': 'b', 'thisN': 48, 'thisTrialN': 0, 'thisRepN': 12}>
79.9995 	DATA 	Keypress: r
80.0122 	EXP 	fixation: autoDraw = False
80.0122 	EXP 	text: autoDraw = False
80.0122 	EXP 	text: foreColor = <psychopy.colors.Color: blue, alpha=1.0>
80.0122 	EXP 	text: text = 'BLUE'
80.0122 	EXP 	fixation: autoDraw = True
80.5124 	INFO 	Keyboard events cleared
80.5118 	EXP 	fixation: autoDraw = False
80.5118 	EXP 	text: autoDraw = True
81.0129 	EXP 	New trial (rep=12, index=1): <Trial 49 (1 in rep 12) data={'word': 'BLUE', 'colour': 'red', 'stim_condition': 'I', 'correct_res': 'r', 'thisN': 49, 'thisTrialN': 1, 'thisRepN': 12}>
81.0153 	DATA 	Keypress: b
81.0280 	EXP 	fixation: autoDraw = False
81.0280 	EXP 	text: autoDraw = False
81.0280 	EXP 	text: foreColor = <psychopy.colors.Color: red, alpha=1.0>
81.0280 	EXP 	text: text = 'BLUE'
81.0280 	EXP 	fixation: autoDraw = True
81.5283 	INFO 	Keyboard events cleared
81.5276 	EXP 	fixation: autoDraw = False
81.5276 	EXP 	text: autoDraw = True
82.1455 	EXP 	New trial (rep=12, index=2): <Trial 50 (2 in rep 12) data={'word': 'RED', 'colour': 'red', 'stim_condition': 'C', 'correct_res': 'r', 'thisN': 50, 'thisTrialN': 2, 'thisRepN': 12}>
82.1528 	DATA 	Keypress: r
82.1604 	EXP 	fixation: autoDraw = False
82.1604 	EXP 	text: autoDraw = False
82.1604 	EXP 	text: foreColor = <psychopy.colors.Color: red, alpha=1.0>
82.1604 	EXP 	text: height = 0.05
82.1604 	EXP 	text: height = 0.05
82.1604 	EXP 	text: height = 0.05
82.1604 	EXP 	text: text = 'RED'
82.1604 	EXP 	fixation: autoDraw = True
82.6607 	INFO 	Keyboard events cleared
82.6601 	EXP 	fixation: autoDraw = False
82.6601 	EXP 	text: autoDraw = True
83.5114 	EXP 	New trial (rep=12, index=3): <Trial 51 (3 in rep 12) data={'word': 'RED', 'colour': 'blue', 'stim_condition': 'I', 'correct_res': 'b', 'thisN': 51, 'thisTrialN': 3, 'thisRepN': 12}>
83.5143 	DATA 	Keypress: r
83.5261 	EXP 	fixation: autoDraw = False
83.5261 	EXP 	text: autoDraw = False
83.5261 	EXP 	text: foreColor = <psychopy.colors.Color: blue, alpha=1.0>
83.5261 	EXP 	text: text = 'RED'
83.5261 	EXP 	fixation: autoDraw = True
84.0258 	INFO 	Keyboard events cleared
84.0254 	EXP 	fixation: autoDraw = False
84.0254 	EXP 	text: autoDraw = True
84.5449 	DATA 	Keypress: b
84.5599 	EXP 	New trial (rep=13, index=0): <Trial 52 (0 in rep 13) data={'word': 'RED', 'colour': 'red', 'stim_condition': 'C', 'correct_res': 'r', 'thisN': 52, 'thisTrialN': 0, 'thisRepN': 13}>
84.5749 	EXP 	fixation: autoDraw = False
84.5749 	EXP 	text: autoDraw = False
84.5749 	EXP 	text: foreColor = <psychopy.colors.Color: red, alpha=1.0>
84.5749 	EXP 	text: text = 'RED'
84.5749 	EXP 	fixation: autoDraw = True
85.0750 	INFO 	Keyboard events cleared
85.0745 	EXP 	fixation: autoDraw = False
85.0745 	EXP 	text: autoDraw = True
85.7925 	EXP 	New trial (rep=13, index=1): <Trial 53 (1 in rep 13) data={'word': 'BLUE', 'colour': 'red', 'stim_condition': 'I', 'correct_res': 'r', 'thisN': 53, 'thisTrialN': 1, 'thisRepN': 13}>
85.7993 	DATA 	Keypress: r
85.8072 	EXP 	fixation: autoDraw = False
85.8072 	EXP 	text: autoDraw = False
85.8072 	EXP 	text: foreColor = <psychopy.colors.Color: red, alpha=1.0>
85.8072 	EXP 	text: height = 0.05
85.8072 	EXP 	text: height = 0.05
85.8072 	EXP 	text: height = 0.05
85.8072 	EXP 	text: text = 'BLUE'
85.8072 	EXP 	fixation: autoDraw = True
86.3074 	INFO 	Keyboard events cleared
86.3068 	EXP 	fixation: autoDraw = False
86.3068 	EXP 	text: autoDraw = True
87.1581 	EXP 	New trial (rep=13, index=2): <Trial 54 (2 in rep 13) data={'word': 'RED', 'colour': 'blue', 'stim_condition': 'I', 'correct_res': 'b', 'thisN': 54, 'thisTrialN': 2, 'thisRepN': 13}>
87.1657 	DATA 	Keypress: r
87.1727 	EXP 	fixation: autoDraw = False
87.1727 	EXP 	text: autoDraw = False
87.1727 	EXP 	text: foreColor = <psychopy.colors.Color: blue, alpha=1.0>
87.1727 	EXP 	text: height = 0.05
87.1727 	EXP 	text: height = 0.05
87.1727 	EXP 	text: height = 0.05
87.1727 	EXP 	text: text = 'RED'
87.1727 	EXP 	fixation: autoDraw = True
87.6728 	INFO 	Keyboard events cleared
87.6723 	EXP 	fixation: autoDraw = False
87.6723 	EXP 	text: autoDraw = True
88.3236 	EXP 	New trial (rep=13, index=3): <Trial 55 (3 in rep 13) data={'word': 'BLUE', 'colour': 'blue', 'stim_condition': 'C', 'correct_res': 'b', 'thisN': 55, 'thisTrialN': 3, 'thisRepN': 13}>
88.3304 	DATA 	Keypress: b
88.3385 	EXP 	fixation: autoDraw = False
88.3385 	EXP 	text: autoDraw = False
88.3385 	EXP 	text: foreColor = <psychopy.colors.Color: blue, alpha=1.0>
88.3385 	EXP 	text: height = 0.05
88.3385 	EXP 	text: height = 0.05
88.3385 	EXP 	text: height = 0.05
88.3385 	EXP 	text: text = 'BLUE'
88.3385 	EXP 	fixation: autoDraw = True
88.8393 	INFO 	Keyboard events cleared
88.8384 	EXP 	fixation: autoDraw = False
88.8384 	EXP 	text: autoDraw = True
89.3398 	DATA 	Keypress: b
89.3557 	EXP 	New trial (rep=14, index=0): <Trial 56 (0 in rep 14) data={'word': 'RED', 'colour': 'red', 'stim_condition': 'C', 'correct_res': 'r', 'thisN': 56, 'thisTrialN': 0, 'thisRepN': 14}>
89.3708 	EXP 	fixation: autoDraw = False
89.3708 	EXP 	text: autoDraw = False
89.3708 	EXP 	text: foreColor = <psychopy.colors.Color: red, alpha=1.0>
89.3708 	EXP 	text: height = 0.05
89.3708 	EXP 	text: height = 0.05
89.3708 	EXP 	text: height = 0.05
89.3708 	EXP 	text: text = 'RED'
89.3708 	EXP 	fixation: autoDraw = True
89.8708 	INFO 	Keyboard events cleared
89.8703 	EXP 	fixation: autoDraw = False
89.8703 	EXP 	text: autoDraw = True
90.7240 	DATA 	Keypress: r
90.7380 	EXP 	New trial (rep=14, index=1): <Trial 57 (1 in rep 14) data={'word': 'BLUE', 'colour': 'red', 'stim_condition': 'I', 'correct_res': 'r', 'thisN': 57, 'thisTrialN': 1, 'thisRepN': 14}>
90.7528 	EXP 	fixation: autoDraw = False
90.7528 	EXP 	text: autoDraw = False
90.7528 	EXP 	text: foreColor = <psychopy.colors.Color: red, alpha=1.0>
90.7528 	EXP 	text: height = 0.05
90.7528 	EXP 	text: height = 0.05
90.7528 	EXP 	text: height = 0.05
90.7528 	EXP 	text: text = 'BLUE'
90.7528 	EXP 	fixation: autoDraw = True
91.2529 	INFO 	Keyboard events cleared
91.2524 	EXP 	fixation: autoDraw = False
91.2524 	EXP 	text: autoDraw = True
92.3866 	EXP 	New trial (rep=14, index=2): <Trial 58 (2 in rep 14) data={'word': 'BLUE', 'colour': 'blue', 'stim_condition': 'C', 'correct_res': 'b', 'thisN': 58, 'thisTrialN': 2, 'thisRepN': 14}>
92.3889 	DATA 	Keypress: r
92.4015 	EXP 	fixation: autoDraw = False
92.4015 	EXP 	text: autoDraw = False
92.4015 	EXP 	text: foreColor = <psychopy.colors.Color: blue, alpha=1.0>
92.4015 	EXP 	text: text = 'BLUE'
92.4015 	EXP 	fixation: autoDraw = True
92.9016 	INFO 	Keyboard events cleared
92.9011 	EXP 	fixation: autoDraw = False
92.9011 	EXP 	text: autoDraw = True
93.4687 	EXP 	New trial (rep=14, index=3): <Trial 59 (3 in rep 14) data={'word': 'RED', 'colour': 'blue', 'stim_condition': 'I', 'correct_res': 'b', 'thisN': 59, 'thisTrialN': 3, 'thisRepN': 14}>
93.4764 	DATA 	Keypress: b
93.4840 	EXP 	fixation: autoDraw = False
93.4840 	EXP 	text: autoDraw = False
93.4840 	EXP 	text: foreColor = <psychopy.colors.Color: blue, alpha=1.0>
93.4840 	EXP 	text: height = 0.05
93.4840 	EXP 	text: height = 0.05
93.4840 	EXP 	text: height = 0.05
93.4840 	EXP 	text: text = 'RED'
93.4840 	EXP 	fixation: autoDraw = True
93.9838 	INFO 	Keyboard events cleared
93.9834 	EXP 	fixation: autoDraw = False
93.9834 	EXP 	text: autoDraw = True
94.5183 	EXP 	New trial (rep=15, index=0): <Trial 60 (0 in rep 15) data={'word': 'BLUE', 'colour': 'blue', 'stim_condition': 'C', 'correct_res': 'b', 'thisN': 60, 'thisTrialN': 0, 'thisRepN': 15}>
94.5251 	DATA 	Keypress: b
94.5328 	EXP 	fixation: autoDraw = False
94.5328 	EXP 	text: autoDraw = False
94.5328 	EXP 	text: foreColor = <psychopy.colors.Color: blue, alpha=1.0>
94.5328 	EXP 	text: height = 0.05
94.5328 	EXP 	text: height = 0.05
94.5328 	EXP 	text: height = 0.05
94.5328 	EXP 	text: text = 'BLUE'
94.5328 	EXP 	fixation: autoDraw = True
95.0329 	INFO 	Keyboard events cleared
95.0324 	EXP 	fixation: autoDraw = False
95.0324 	EXP 	text: autoDraw = True
95.6503 	EXP 	New trial (rep=15, index=1): <Trial 61 (1 in rep 15) data={'word': 'RED', 'colour': 'red', 'stim_condition': 'C', 'correct_res': 'r', 'thisN': 61, 'thisTrialN': 1, 'thisRepN': 15}>
95.6583 	DATA 	Keypress: b
95.6652 	EXP 	fixation: autoDraw = False
95.6652 	EXP 	text: autoDraw = False
95.6652 	EXP 	text: foreColor = <psychopy.colors.Color: red, alpha=1.0>
95.6652 	EXP 	text: height = 0.05
95.6652 	EXP 	text: height = 0.05
95.6652 	EXP 	text: height = 0.05
95.6652 	EXP 	text: text = 'RED'
95.6652 	EXP 	fixation: autoDraw = True
96.1655 	INFO 	Keyboard events cleared
96.1648 	EXP 	fixation: autoDraw = False
96.1648 	EXP 	text: autoDraw = True
96.6493 	EXP 	New trial (rep=15, index=2): <Trial 62 (2 in rep 15) data={'word': 'BLUE', 'colour': 'red', 'stim_condition': 'I', 'correct_res': 'r', 'thisN': 62, 'thisTrialN': 2, 'thisRepN': 15}>
96.6555 	DATA 	Keypress: r
96.6643 	EXP 	fixation: autoDraw = False
96.6643 	EXP 	text: autoDraw = False
96.6643 	EXP 	text: foreColor = <psychopy.colors.Color: red, alpha=1.0>
96.6643 	EXP 	text: height = 0.05
96.6643 	EXP 	text: height = 0.05
96.6643 	EXP 	text: height = 0.05
96.6643 	EXP 	text: text = 'BLUE'
96.6643 	EXP 	fixation: autoDraw = True
97.1649 	INFO 	Keyboard events cleared
97.1640 	EXP 	fixation: autoDraw = False
97.1640 	EXP 	text: autoDraw = True
98.6144 	EXP 	New trial (rep=15, index=3): <Trial 63 (3 in rep 15) data={'word': 'RED', 'colour': 'blue', 'stim_condition': 'I', 'correct_res': 'b', 'thisN': 63, 'thisTrialN': 3, 'thisRepN': 15}>
98.6217 	DATA 	Keypress: r
98.6294 	EXP 	fixation: autoDraw = False
98.6294 	EXP 	text: autoDraw = False
98.6294 	EXP 	text: foreColor = <psychopy.colors.Color: blue, alpha=1.0>
98.6294 	EXP 	text: height = 0.05
98.6294 	EXP 	text: height = 0.05
98.6294 	EXP 	text: height = 0.05
98.6294 	EXP 	text: text = 'RED'
98.6294 	EXP 	fixation: autoDraw = True
99.1294 	INFO 	Keyboard events cleared
99.1289 	EXP 	fixation: autoDraw = False
99.1289 	EXP 	text: autoDraw = True
99.6134 	EXP 	New trial (rep=16, index=0): <Trial 64 (0 in rep 16) data={'word': 'BLUE', 'colour': 'blue', 'stim_condition': 'C', 'correct_res': 'b', 'thisN': 64, 'thisTrialN': 0, 'thisRepN': 16}>
99.6214 	DATA 	Keypress: b
99.6289 	EXP 	fixation: autoDraw = False
99.6289 	EXP 	text: autoDraw = False
99.6289 	EXP 	text: foreColor = <psychopy.colors.Color: blue, alpha=1.0>
99.6289 	EXP 	text: height = 0.05
99.6289 	EXP 	text: height = 0.05
99.6289 	EXP 	text: height = 0.05
99.6289 	EXP 	text: text = 'BLUE'
99.6289 	EXP 	fixation: autoDraw = True
100.1285 	INFO 	Keyboard events cleared
100.1280 	EXP 	fixation: autoDraw = False
100.1280 	EXP 	text: autoDraw = True
100.5460 	EXP 	New trial (rep=16, index=1): <Trial 65 (1 in rep 16) data={'word': 'RED', 'colour': 'blue', 'stim_condition': 'I', 'correct_res': 'b', 'thisN': 65, 'thisTrialN': 1, 'thisRepN': 16}>
100.5528 	DATA 	Keypress: b
100.5612 	EXP 	fixation: autoDraw = False
100.5612 	EXP 	text: autoDraw = False
100.5612 	EXP 	text: foreColor = <psychopy.colors.Color: blue, alpha=1.0>
100.5612 	EXP 	text: height = 0.05
100.5612 	EXP 	text: height = 0.05
100.5612 	EXP 	text: height = 0.05
100.5612 	EXP 	text: text = 'RED'
100.5612 	EXP 	fixation: autoDraw = True
101.0610 	INFO 	Keyboard events cleared
101.0605 	EXP 	fixation: autoDraw = False
101.0605 	EXP 	text: autoDraw = True
101.4619 	EXP 	New trial (rep=16, index=2): <Trial 66 (2 in rep 16) data={'word': 'RED', 'colour': 'red', 'stim_condition': 'C', 'correct_res': 'r', 'thisN': 66, 'thisTrialN': 2, 'thisRepN': 16}>
101.4641 	DATA 	Keypress: b
101.4768 	EXP 	fixation: autoDraw = False
101.4768 	EXP 	text: autoDraw = False
101.4768 	EXP 	text: foreColor = <psychopy.colors.Color: red, alpha=1.0>
101.4768 	EXP 	text: text = 'RED'
101.4768 	EXP 	fixation: autoDraw = True
101.9768 	INFO 	Keyboard events cleared
101.9764 	EXP 	fixation: autoDraw = False
101.9764 	EXP 	text: autoDraw = True
102.4443 	EXP 	New trial (rep=16, index=3): <Trial 67 (3 in rep 16) data={'word': 'BLUE', 'colour': 'red', 'stim_condition': 'I', 'correct_res': 'r', 'thisN': 67, 'thisTrialN': 3, 'thisRepN': 16}>
102.4504 	DATA 	Keypress: r
102.4593 	EXP 	fixation: autoDraw = False
102.4593 	EXP 	text: autoDraw = False
102.4593 	EXP 	text: foreColor = <psychopy.colors.Color: red, alpha=1.0>
102.4593 	EXP 	text: height = 0.05
102.4593 	EXP 	text: height = 0.05
102.4593 	EXP 	text: height = 0.05
102.4593 	EXP 	text: text = 'BLUE'
102.4593 	EXP 	fixation: autoDraw = True
102.9596 	INFO 	Keyboard events cleared
102.9590 	EXP 	fixation: autoDraw = False
102.9590 	EXP 	text: autoDraw = True
103.3274 	EXP 	New trial (rep=17, index=0): <Trial 68 (0 in rep 17) data={'word': 'RED', 'colour': 'red', 'stim_condition': 'C', 'correct_res': 'r', 'thisN': 68, 'thisTrialN': 0, 'thisRepN': 17}>
103.3342 	DATA 	Keypress: r
103.3420 	EXP 	fixation: autoDraw = False
103.3420 	EXP 	text: autoDraw = False
103.3420 	EXP 	text: foreColor = <psychopy.colors.Color: red, alpha=1.0>
103.3420 	EXP 	text: height = 0.05
103.3420 	EXP 	text: height = 0.05
103.3420 	EXP 	text: height = 0.05
103.3420 	EXP 	text: text = 'RED'
103.3420 	EXP 	fixation: autoDraw = True
103.8421 	INFO 	Keyboard events cleared
103.8416 	EXP 	fixation: autoDraw = False
103.8416 	EXP 	text: autoDraw = True
104.3925 	EXP 	New trial (rep=17, index=1): <Trial 69 (1 in rep 17) data={'word': 'BLUE', 'colour': 'red', 'stim_condition': 'I', 'correct_res': 'r', 'thisN': 69, 'thisTrialN': 1, 'thisRepN': 17}>
104.3989 	DATA 	Keypress: r
104.4076 	EXP 	fixation: autoDraw = False
104.4076 	EXP 	text: autoDraw = False
104.4076 	EXP 	text: foreColor = <psychopy.colors.Color: red, alpha=1.0>
104.4076 	EXP 	text: height = 0.05
104.4076 	EXP 	text: height = 0.05
104.4076 	EXP 	text: height = 0.05
104.4076 	EXP 	text: text = 'BLUE'
104.4076 	EXP 	fixation: autoDraw = True
104.9078 	INFO 	Keyboard events cleared
104.9072 	EXP 	fixation: autoDraw = False
104.9072 	EXP 	text: autoDraw = True
105.3086 	EXP 	New trial (rep=17, index=2): <Trial 70 (2 in rep 17) data={'word': 'RED', 'colour': 'blue', 'stim_condition': 'I', 'correct_res': 'b', 'thisN': 70, 'thisTrialN': 2, 'thisRepN': 17}>
105.3161 	DATA 	Keypress: r
105.3235 	EXP 	fixation: autoDraw = False
105.3235 	EXP 	text: autoDraw = False
105.3235 	EXP 	text: foreColor = <psychopy.colors.Color: blue, alpha=1.0>
105.3235 	EXP 	text: height = 0.05
105.3235 	EXP 	text: height = 0.05
105.3235 	EXP 	text: height = 0.05
105.3235 	EXP 	text: text = 'RED'
105.3235 	EXP 	fixation: autoDraw = True
105.8236 	INFO 	Keyboard events cleared
105.8230 	EXP 	fixation: autoDraw = False
105.8230 	EXP 	text: autoDraw = True
106.3084 	DATA 	Keypress: b
106.3244 	EXP 	New trial (rep=17, index=3): <Trial 71 (3 in rep 17) data={'word': 'BLUE', 'colour': 'blue', 'stim_condition': 'C', 'correct_res': 'b', 'thisN': 71, 'thisTrialN': 3, 'thisRepN': 17}>
106.3393 	EXP 	fixation: autoDraw = False
106.3393 	EXP 	text: autoDraw = False
106.3393 	EXP 	text: foreColor = <psychopy.colors.Color: blue, alpha=1.0>
106.3393 	EXP 	text: height = 0.05
106.3393 	EXP 	text: height = 0.05
106.3393 	EXP 	text: height = 0.05
106.3393 	EXP 	text: text = 'BLUE'
106.3393 	EXP 	fixation: autoDraw = True
106.8394 	INFO 	Keyboard events cleared
106.8389 	EXP 	fixation: autoDraw = False
106.8389 	EXP 	text: autoDraw = True
107.2906 	EXP 	New trial (rep=18, index=0): <Trial 72 (0 in rep 18) data={'word': 'RED', 'colour': 'red', 'stim_condition': 'C', 'correct_res': 'r', 'thisN': 72, 'thisTrialN': 0, 'thisRepN': 18}>
107.2975 	DATA 	Keypress: b
107.3052 	EXP 	fixation: autoDraw = False
107.3052 	EXP 	text: autoDraw = False
107.3052 	EXP 	text: foreColor = <psychopy.colors.Color: red, alpha=1.0>
107.3052 	EXP 	text: height = 0.05
107.3052 	EXP 	text: height = 0.05
107.3052 	EXP 	text: height = 0.05
107.3052 	EXP 	text: text = 'RED'
107.3052 	EXP 	fixation: autoDraw = True
107.8053 	INFO 	Keyboard events cleared
107.8048 	EXP 	fixation: autoDraw = False
107.8048 	EXP 	text: autoDraw = True
108.2897 	EXP 	New trial (rep=18, index=1): <Trial 73 (1 in rep 18) data={'word': 'BLUE', 'colour': 'red', 'stim_condition': 'I', 'correct_res': 'r', 'thisN': 73, 'thisTrialN': 1, 'thisRepN': 18}>
108.2968 	DATA 	Keypress: r
108.3044 	EXP 	fixation: autoDraw = False
108.3044 	EXP 	text: autoDraw = False
108.3044 	EXP 	text: foreColor = <psychopy.colors.Color: red, alpha=1.0>
108.3044 	EXP 	text: height = 0.05
108.3044 	EXP 	text: height = 0.05
108.3044 	EXP 	text: height = 0.05
108.3044 	EXP 	text: text = 'BLUE'
108.3044 	EXP 	fixation: autoDraw = True
108.8045 	INFO 	Keyboard events cleared
108.8040 	EXP 	fixation: autoDraw = False
108.8040 	EXP 	text: autoDraw = True
109.3884 	EXP 	New trial (rep=18, index=2): <Trial 74 (2 in rep 18) data={'word': 'BLUE', 'colour': 'blue', 'stim_condition': 'C', 'correct_res': 'b', 'thisN': 74, 'thisTrialN': 2, 'thisRepN': 18}>
109.3907 	DATA 	Keypress: b
109.4033 	EXP 	fixation: autoDraw = False
109.4033 	EXP 	text: autoDraw = False
109.4033 	EXP 	text: foreColor = <psychopy.colors.Color: blue, alpha=1.0>
109.4033 	EXP 	text: text = 'BLUE'
109.4033 	EXP 	fixation: autoDraw = True
109.9034 	INFO 	Keyboard events cleared
109.9028 	EXP 	fixation: autoDraw = False
109.9028 	EXP 	text: autoDraw = True
110.4381 	DATA 	Keypress: b
110.4540 	EXP 	New trial (rep=18, index=3): <Trial 75 (3 in rep 18) data={'word': 'RED', 'colour': 'blue', 'stim_condition': 'I', 'correct_res': 'b', 'thisN': 75, 'thisTrialN': 3, 'thisRepN': 18}>
110.4690 	EXP 	fixation: autoDraw = False
110.4690 	EXP 	text: autoDraw = False
110.4690 	EXP 	text: foreColor = <psychopy.colors.Color: blue, alpha=1.0>
110.4690 	EXP 	text: height = 0.05
110.4690 	EXP 	text: height = 0.05
110.4690 	EXP 	text: height = 0.05
110.4690 	EXP 	text: text = 'RED'
110.4690 	EXP 	fixation: autoDraw = True
110.9691 	INFO 	Keyboard events cleared
110.9686 	EXP 	fixation: autoDraw = False
110.9686 	EXP 	text: autoDraw = True
111.3532 	EXP 	New trial (rep=19, index=0): <Trial 76 (0 in rep 19) data={'word': 'BLUE', 'colour': 'blue', 'stim_condition': 'C', 'correct_res': 'b', 'thisN': 76, 'thisTrialN': 0, 'thisRepN': 19}>
111.3597 	DATA 	Keypress: b
111.3682 	EXP 	fixation: autoDraw = False
111.3682 	EXP 	text: autoDraw = False
111.3682 	EXP 	text: foreColor = <psychopy.colors.Color: blue, alpha=1.0>
111.3682 	EXP 	text: height = 0.05
111.3682 	EXP 	text: height = 0.05
111.3682 	EXP 	text: height = 0.05
111.3682 	EXP 	text: text = 'BLUE'
111.3682 	EXP 	fixation: autoDraw = True
111.8682 	INFO 	Keyboard events cleared
111.8678 	EXP 	fixation: autoDraw = False
111.8678 	EXP 	text: autoDraw = True
112.3192 	EXP 	New trial (rep=19, index=1): <Trial 77 (1 in rep 19) data={'word': 'RED', 'colour': 'red', 'stim_condition': 'C', 'correct_res': 'r', 'thisN': 77, 'thisTrialN': 1, 'thisRepN': 19}>
112.3268 	DATA 	Keypress: b
112.3341 	EXP 	fixation: autoDraw = False
112.3341 	EXP 	text: autoDraw = False
112.3341 	EXP 	text: foreColor = <psychopy.colors.Color: red, alpha=1.0>
112.3341 	EXP 	text: height = 0.05
112.3341 	EXP 	text: height = 0.05
112.3341 	EXP 	text: height = 0.05
112.3341 	EXP 	text: text = 'RED'
112.3341 	EXP 	fixation: autoDraw = True
112.8342 	INFO 	Keyboard events cleared
112.8337 	EXP 	fixation: autoDraw = False
112.8337 	EXP 	text: autoDraw = True
113.2684 	EXP 	New trial (rep=19, index=2): <Trial 78 (2 in rep 19) data={'word': 'RED', 'colour': 'blue', 'stim_condition': 'I', 'correct_res': 'b', 'thisN': 78, 'thisTrialN': 2, 'thisRepN': 19}>
113.2711 	DATA 	Keypress: r
113.2833 	EXP 	fixation: autoDraw = False
113.2833 	EXP 	text: autoDraw = False
113.2833 	EXP 	text: foreColor = <psychopy.colors.Color: blue, alpha=1.0>
113.2833 	EXP 	text: text = 'RED'
113.2833 	EXP 	fixation: autoDraw = True
113.7834 	INFO 	Keyboard events cleared
113.7829 	EXP 	fixation: autoDraw = False
113.7829 	EXP 	text: autoDraw = True
114.2511 	EXP 	New trial (rep=19, index=3): <Trial 79 (3 in rep 19) data={'word': 'BLUE', 'colour': 'red', 'stim_condition': 'I', 'correct_res': 'r', 'thisN': 79, 'thisTrialN': 3, 'thisRepN': 19}>
114.2577 	DATA 	Keypress: b
114.2659 	EXP 	fixation: autoDraw = False
114.2659 	EXP 	text: autoDraw = False
114.2659 	EXP 	text: foreColor = <psychopy.colors.Color: red, alpha=1.0>
114.2659 	EXP 	text: height = 0.05
114.2659 	EXP 	text: height = 0.05
114.2659 	EXP 	text: height = 0.05
114.2659 	EXP 	text: text = 'BLUE'
114.2659 	EXP 	fixation: autoDraw = True
114.7659 	INFO 	Keyboard events cleared
114.7652 	EXP 	fixation: autoDraw = False
114.7652 	EXP 	text: autoDraw = True
115.2003 	EXP 	New trial (rep=20, index=0): <Trial 80 (0 in rep 20) data={'word': 'RED', 'colour': 'blue', 'stim_condition': 'I', 'correct_res': 'b', 'thisN': 80, 'thisTrialN': 0, 'thisRepN': 20}>
115.2075 	DATA 	Keypress: r
115.2148 	EXP 	fixation: autoDraw = False
115.2148 	EXP 	text: autoDraw = False
115.2148 	EXP 	text: foreColor = <psychopy.colors.Color: blue, alpha=1.0>
115.2148 	EXP 	text: height = 0.05
115.2148 	EXP 	text: height = 0.05
115.2148 	EXP 	text: height = 0.05
115.2148 	EXP 	text: text = 'RED'
115.2148 	EXP 	fixation: autoDraw = True
115.7149 	INFO 	Keyboard events cleared
115.7144 	EXP 	fixation: autoDraw = False
115.7144 	EXP 	text: autoDraw = True
116.1174 	DATA 	Keypress: b
116.1324 	EXP 	New trial (rep=20, index=1): <Trial 81 (1 in rep 20) data={'word': 'RED', 'colour': 'red', 'stim_condition': 'C', 'correct_res': 'r', 'thisN': 81, 'thisTrialN': 1, 'thisRepN': 20}>
116.1474 	EXP 	fixation: autoDraw = False
116.1474 	EXP 	text: autoDraw = False
116.1474 	EXP 	text: foreColor = <psychopy.colors.Color: red, alpha=1.0>
116.1474 	EXP 	text: text = 'RED'
116.1474 	EXP 	fixation: autoDraw = True
116.6475 	INFO 	Keyboard events cleared
116.6469 	EXP 	fixation: autoDraw = False
116.6469 	EXP 	text: autoDraw = True
117.1319 	EXP 	New trial (rep=20, index=2): <Trial 82 (2 in rep 20) data={'word': 'BLUE', 'colour': 'red', 'stim_condition': 'I', 'correct_res': 'r', 'thisN': 82, 'thisTrialN': 2, 'thisRepN': 20}>
117.1391 	DATA 	Keypress: r
117.1469 	EXP 	fixation: autoDraw = False
117.1469 	EXP 	text: autoDraw = False
117.1469 	EXP 	text: foreColor = <psychopy.colors.Color: red, alpha=1.0>
117.1469 	EXP 	text: height = 0.05
117.1469 	EXP 	text: height = 0.05
117.1469 	EXP 	text: height = 0.05
117.1469 	EXP 	text: text = 'BLUE'
117.1469 	EXP 	fixation: autoDraw = True
117.6467 	INFO 	Keyboard events cleared
117.6461 	EXP 	fixation: autoDraw = False
117.6461 	EXP 	text: autoDraw = True
118.0809 	EXP 	New trial (rep=20, index=3): <Trial 83 (3 in rep 20) data={'word': 'BLUE', 'colour': 'blue', 'stim_condition': 'C', 'correct_res': 'b', 'thisN': 83, 'thisTrialN': 3, 'thisRepN': 20}>
118.0834 	DATA 	Keypress: r
118.0958 	EXP 	fixation: autoDraw = False
118.0958 	EXP 	text: autoDraw = False
118.0958 	EXP 	text: foreColor = <psychopy.colors.Color: blue, alpha=1.0>
118.0958 	EXP 	text: text = 'BLUE'
118.0958 	EXP 	fixation: autoDraw = True
118.5960 	INFO 	Keyboard events cleared
118.5954 	EXP 	fixation: autoDraw = False
118.5954 	EXP 	text: autoDraw = True
119.2467 	EXP 	New trial (rep=21, index=0): <Trial 84 (0 in rep 21) data={'word': 'BLUE', 'colour': 'red', 'stim_condition': 'I', 'correct_res': 'r', 'thisN': 84, 'thisTrialN': 0, 'thisRepN': 21}>
119.2490 	DATA 	Keypress: b
119.2616 	EXP 	fixation: autoDraw = False
119.2616 	EXP 	text: autoDraw = False
119.2616 	EXP 	text: foreColor = <psychopy.colors.Color: red, alpha=1.0>
119.2616 	EXP 	text: text = 'BLUE'
119.2616 	EXP 	fixation: autoDraw = True
119.7614 	INFO 	Keyboard events cleared
119.7609 	EXP 	fixation: autoDraw = False
119.7609 	EXP 	text: autoDraw = True
120.1965 	DATA 	Keypress: r
120.2124 	EXP 	New trial (rep=21, index=1): <Trial 85 (1 in rep 21) data={'word': 'RED', 'colour': 'red', 'stim_condition': 'C', 'correct_res': 'r', 'thisN': 85, 'thisTrialN': 1, 'thisRepN': 21}>
120.2272 	EXP 	fixation: autoDraw = False
120.2272 	EXP 	text: autoDraw = False
120.2272 	EXP 	text: foreColor = <psychopy.colors.Color: red, alpha=1.0>
120.2272 	EXP 	text: height = 0.05
120.2272 	EXP 	text: height = 0.05
120.2272 	EXP 	text: height = 0.05
120.2272 	EXP 	text: text = 'RED'
120.2272 	EXP 	fixation: autoDraw = True
120.7275 	INFO 	Keyboard events cleared
120.7267 	EXP 	fixation: autoDraw = False
120.7267 	EXP 	text: autoDraw = True
121.2957 	DATA 	Keypress: r
121.3110 	EXP 	New trial (rep=21, index=2): <Trial 86 (2 in rep 21) data={'word': 'RED', 'colour': 'blue', 'stim_condition': 'I', 'correct_res': 'b', 'thisN': 86, 'thisTrialN': 2, 'thisRepN': 21}>
121.3262 	EXP 	fixation: autoDraw = False
121.3262 	EXP 	text: autoDraw = False
121.3262 	EXP 	text: foreColor = <psychopy.colors.Color: blue, alpha=1.0>
121.3262 	EXP 	text: text = 'RED'
121.3262 	EXP 	fixation: autoDraw = True
121.8268 	INFO 	Keyboard events cleared
121.8258 	EXP 	fixation: autoDraw = False
121.8258 	EXP 	text: autoDraw = True
122.6434 	EXP 	New trial (rep=21, index=3): <Trial 87 (3 in rep 21) data={'word': 'BLUE', 'colour': 'blue', 'stim_condition': 'C', 'correct_res': 'b', 'thisN': 87, 'thisTrialN': 3, 'thisRepN': 21}>
122.6505 	DATA 	Keypress: b
122.6584 	EXP 	fixation: autoDraw = False
122.6584 	EXP 	text: autoDraw = False
122.6584 	EXP 	text: foreColor = <psychopy.colors.Color: blue, alpha=1.0>
122.6584 	EXP 	text: height = 0.05
122.6584 	EXP 	text: height = 0.05
122.6584 	EXP 	text: height = 0.05
122.6584 	EXP 	text: text = 'BLUE'
122.6584 	EXP 	fixation: autoDraw = True
123.1585 	INFO 	Keyboard events cleared
123.1580 	EXP 	fixation: autoDraw = False
123.1580 	EXP 	text: autoDraw = True
123.7261 	EXP 	New trial (rep=22, index=0): <Trial 88 (0 in rep 22) data={'word': 'BLUE', 'colour': 'red', 'stim_condition': 'I', 'correct_res': 'r', 'thisN': 88, 'thisTrialN': 0, 'thisRepN': 22}>
123.7285 	DATA 	Keypress: b
123.7410 	EXP 	fixation: autoDraw = False
123.7410 	EXP 	text: autoDraw = False
123.7410 	EXP 	text: foreColor = <psychopy.colors.Color: red, alpha=1.0>
123.7410 	EXP 	text: text = 'BLUE'
123.7410 	EXP 	fixation: autoDraw = True
124.2411 	INFO 	Keyboard events cleared
124.2405 	EXP 	fixation: autoDraw = False
124.2405 	EXP 	text: autoDraw = True
124.7248 	EXP 	New trial (rep=22, index=1): <Trial 89 (1 in rep 22) data={'word': 'BLUE', 'colour': 'blue', 'stim_condition': 'C', 'correct_res': 'b', 'thisN': 89, 'thisTrialN': 1, 'thisRepN': 22}>
124.7275 	DATA 	Keypress: r
124.7399 	EXP 	fixation: autoDraw = False
124.7399 	EXP 	text: autoDraw = False
124.7399 	EXP 	text: foreColor = <psychopy.colors.Color: blue, alpha=1.0>
124.7399 	EXP 	text: text = 'BLUE'
124.7399 	EXP 	fixation: autoDraw = True
125.2401 	INFO 	Keyboard events cleared
125.2395 	EXP 	fixation: autoDraw = False
125.2395 	EXP 	text: autoDraw = True
125.6742 	EXP 	New trial (rep=22, index=2): <Trial 90 (2 in rep 22) data={'word': 'RED', 'colour': 'red', 'stim_condition': 'C', 'correct_res': 'r', 'thisN': 90, 'thisTrialN': 2, 'thisRepN': 22}>
125.6812 	DATA 	Keypress: b
125.6890 	EXP 	fixation: autoDraw = False
125.6890 	EXP 	text: autoDraw = False
125.6890 	EXP 	text: foreColor = <psychopy.colors.Color: red, alpha=1.0>
125.6890 	EXP 	text: height = 0.05
125.6890 	EXP 	text: height = 0.05
125.6890 	EXP 	text: height = 0.05
125.6890 	EXP 	text: text = 'RED'
125.6890 	EXP 	fixation: autoDraw = True
126.1892 	INFO 	Keyboard events cleared
126.1886 	EXP 	fixation: autoDraw = False
126.1886 	EXP 	text: autoDraw = True
126.6567 	EXP 	New trial (rep=22, index=3): <Trial 91 (3 in rep 22) data={'word': 'RED', 'colour': 'blue', 'stim_condition': 'I', 'correct_res': 'b', 'thisN': 91, 'thisTrialN': 3, 'thisRepN': 22}>
126.6595 	DATA 	Keypress: r
126.6720 	EXP 	fixation: autoDraw = False
126.6720 	EXP 	text: autoDraw = False
126.6720 	EXP 	text: foreColor = <psychopy.colors.Color: blue, alpha=1.0>
126.6720 	EXP 	text: text = 'RED'
126.6720 	EXP 	fixation: autoDraw = True
127.1716 	INFO 	Keyboard events cleared
127.1711 	EXP 	fixation: autoDraw = False
127.1711 	EXP 	text: autoDraw = True
127.6225 	EXP 	New trial (rep=23, index=0): <Trial 92 (0 in rep 23) data={'word': 'RED', 'colour': 'red', 'stim_condition': 'C', 'correct_res': 'r', 'thisN': 92, 'thisTrialN': 0, 'thisRepN': 23}>
127.6247 	DATA 	Keypress: b
127.6374 	EXP 	fixation: autoDraw = False
127.6374 	EXP 	text: autoDraw = False
127.6374 	EXP 	text: foreColor = <psychopy.colors.Color: red, alpha=1.0>
127.6374 	EXP 	text: text = 'RED'
127.6374 	EXP 	fixation: autoDraw = True
128.1376 	INFO 	Keyboard events cleared
128.1370 	EXP 	fixation: autoDraw = False
128.1370 	EXP 	text: autoDraw = True
128.6550 	EXP 	New trial (rep=23, index=1): <Trial 93 (1 in rep 23) data={'word': 'RED', 'colour': 'blue', 'stim_condition': 'I', 'correct_res': 'b', 'thisN': 93, 'thisTrialN': 1, 'thisRepN': 23}>
128.6577 	DATA 	Keypress: r
128.6699 	EXP 	fixation: autoDraw = False
128.6699 	EXP 	text: autoDraw = False
128.6699 	EXP 	text: foreColor = <psychopy.colors.Color: blue, alpha=1.0>
128.6699 	EXP 	text: text = 'RED'
128.6699 	EXP 	fixation: autoDraw = True
129.1702 	INFO 	Keyboard events cleared
129.1695 	EXP 	fixation: autoDraw = False
129.1695 	EXP 	text: autoDraw = True
129.9036 	EXP 	New trial (rep=23, index=2): <Trial 94 (2 in rep 23) data={'word': 'BLUE', 'colour': 'blue', 'stim_condition': 'C', 'correct_res': 'b', 'thisN': 94, 'thisTrialN': 2, 'thisRepN': 23}>
129.9104 	DATA 	Keypress: b
129.9188 	EXP 	fixation: autoDraw = False
129.9188 	EXP 	text: autoDraw = False
129.9188 	EXP 	text: foreColor = <psychopy.colors.Color: blue, alpha=1.0>
129.9188 	EXP 	text: height = 0.05
129.9188 	EXP 	text: height = 0.05
129.9188 	EXP 	text: height = 0.05
129.9188 	EXP 	text: text = 'BLUE'
129.9188 	EXP 	fixation: autoDraw = True
130.4188 	INFO 	Keyboard events cleared
130.4182 	EXP 	fixation: autoDraw = False
130.4182 	EXP 	text: autoDraw = True
130.9027 	EXP 	New trial (rep=23, index=3): <Trial 95 (3 in rep 23) data={'word': 'BLUE', 'colour': 'red', 'stim_condition': 'I', 'correct_res': 'r', 'thisN': 95, 'thisTrialN': 3, 'thisRepN': 23}>
130.9051 	DATA 	Keypress: b
130.9178 	EXP 	fixation: autoDraw = False
130.9178 	EXP 	text: autoDraw = False
130.9178 	EXP 	text: foreColor = <psychopy.colors.Color: red, alpha=1.0>
130.9178 	EXP 	text: text = 'BLUE'
130.9178 	EXP 	fixation: autoDraw = True
131.4179 	INFO 	Keyboard events cleared
131.4174 	EXP 	fixation: autoDraw = False
131.4174 	EXP 	text: autoDraw = True
132.0185 	EXP 	New trial (rep=24, index=0): <Trial 96 (0 in rep 24) data={'word': 'BLUE', 'colour': 'red', 'stim_condition': 'I', 'correct_res': 'r', 'thisN': 96, 'thisTrialN': 0, 'thisRepN': 24}>
132.0211 	DATA 	Keypress: r
132.0335 	EXP 	fixation: autoDraw = False
132.0335 	EXP 	text: autoDraw = False
132.0335 	EXP 	text: foreColor = <psychopy.colors.Color: red, alpha=1.0>
132.0335 	EXP 	text: text = 'BLUE'
132.0335 	EXP 	fixation: autoDraw = True
132.5336 	INFO 	Keyboard events cleared
132.5331 	EXP 	fixation: autoDraw = False
132.5331 	EXP 	text: autoDraw = True
133.0178 	EXP 	New trial (rep=24, index=1): <Trial 97 (1 in rep 24) data={'word': 'BLUE', 'colour': 'blue', 'stim_condition': 'C', 'correct_res': 'b', 'thisN': 97, 'thisTrialN': 1, 'thisRepN': 24}>
133.0202 	DATA 	Keypress: r
133.0327 	EXP 	fixation: autoDraw = False
133.0327 	EXP 	text: autoDraw = False
133.0327 	EXP 	text: foreColor = <psychopy.colors.Color: blue, alpha=1.0>
133.0327 	EXP 	text: text = 'BLUE'
133.0327 	EXP 	fixation: autoDraw = True
133.5328 	INFO 	Keyboard events cleared
133.5323 	EXP 	fixation: autoDraw = False
133.5323 	EXP 	text: autoDraw = True
134.0511 	EXP 	New trial (rep=24, index=2): <Trial 98 (2 in rep 24) data={'word': 'RED', 'colour': 'red', 'stim_condition': 'C', 'correct_res': 'r', 'thisN': 98, 'thisTrialN': 2, 'thisRepN': 24}>
134.0592 	DATA 	Keypress: b
134.0676 	EXP 	fixation: autoDraw = False
134.0676 	EXP 	text: autoDraw = False
134.0676 	EXP 	text: foreColor = <psychopy.colors.Color: red, alpha=1.0>
134.0676 	EXP 	text: height = 0.05
134.0676 	EXP 	text: height = 0.05
134.0676 	EXP 	text: height = 0.05
134.0676 	EXP 	text: text = 'RED'
134.0676 	EXP 	fixation: autoDraw = True
134.5655 	INFO 	Keyboard events cleared
134.5649 	EXP 	fixation: autoDraw = False
134.5649 	EXP 	text: autoDraw = True
135.0827 	EXP 	New trial (rep=24, index=3): <Trial 99 (3 in rep 24) data={'word': 'RED', 'colour': 'blue', 'stim_condition': 'I', 'correct_res': 'b', 'thisN': 99, 'thisTrialN': 3, 'thisRepN': 24}>
135.0850 	DATA 	Keypress: r
135.0978 	EXP 	fixation: autoDraw = False
135.0978 	EXP 	text: autoDraw = False
135.0978 	EXP 	text: foreColor = <psychopy.colors.Color: blue, alpha=1.0>
135.0978 	EXP 	text: text = 'RED'
135.0978 	EXP 	fixation: autoDraw = True
135.5980 	INFO 	Keyboard events cleared
135.5975 	EXP 	fixation: autoDraw = False
135.5975 	EXP 	text: autoDraw = True
136.2654 	EXP 	New trial (rep=25, index=0): <Trial 100 (0 in rep 25) data={'word': 'BLUE', 'colour': 'red', 'stim_condition': 'I', 'correct_res': 'r', 'thisN': 100, 'thisTrialN': 0, 'thisRepN': 25}>
136.2733 	DATA 	Keypress: b
136.2804 	EXP 	fixation: autoDraw = False
136.2804 	EXP 	text: autoDraw = False
136.2804 	EXP 	text: foreColor = <psychopy.colors.Color: red, alpha=1.0>
136.2804 	EXP 	text: height = 0.05
136.2804 	EXP 	text: height = 0.05
136.2804 	EXP 	text: height = 0.05
136.2804 	EXP 	text: text = 'BLUE'
136.2804 	EXP 	fixation: autoDraw = True
136.7806 	INFO 	Keyboard events cleared
136.7801 	EXP 	fixation: autoDraw = False
136.7801 	EXP 	text: autoDraw = True
137.3646 	EXP 	New trial (rep=25, index=1): <Trial 101 (1 in rep 25) data={'word': 'BLUE', 'colour': 'blue', 'stim_condition': 'C', 'correct_res': 'b', 'thisN': 101, 'thisTrialN': 1, 'thisRepN': 25}>
137.3672 	DATA 	Keypress: r
137.3795 	EXP 	fixation: autoDraw = False
137.3795 	EXP 	text: autoDraw = False
137.3795 	EXP 	text: foreColor = <psychopy.colors.Color: blue, alpha=1.0>
137.3795 	EXP 	text: text = 'BLUE'
137.3795 	EXP 	fixation: autoDraw = True
137.8795 	INFO 	Keyboard events cleared
137.8791 	EXP 	fixation: autoDraw = False
137.8791 	EXP 	text: autoDraw = True
138.7133 	EXP 	New trial (rep=25, index=2): <Trial 102 (2 in rep 25) data={'word': 'RED', 'colour': 'blue', 'stim_condition': 'I', 'correct_res': 'b', 'thisN': 102, 'thisTrialN': 2, 'thisRepN': 25}>
138.7207 	DATA 	Keypress: b
138.7283 	EXP 	fixation: autoDraw = False
138.7283 	EXP 	text: autoDraw = False
138.7283 	EXP 	text: foreColor = <psychopy.colors.Color: blue, alpha=1.0>
138.7283 	EXP 	text: height = 0.05
138.7283 	EXP 	text: height = 0.05
138.7283 	EXP 	text: height = 0.05
138.7283 	EXP 	text: text = 'RED'
138.7283 	EXP 	fixation: autoDraw = True
139.2283 	INFO 	Keyboard events cleared
139.2279 	EXP 	fixation: autoDraw = False
139.2279 	EXP 	text: autoDraw = True
139.6626 	EXP 	New trial (rep=25, index=3): <Trial 103 (3 in rep 25) data={'word': 'RED', 'colour': 'red', 'stim_condition': 'C', 'correct_res': 'r', 'thisN': 103, 'thisTrialN': 3, 'thisRepN': 25}>
139.6649 	DATA 	Keypress: b
139.6775 	EXP 	fixation: autoDraw = False
139.6775 	EXP 	text: autoDraw = False
139.6775 	EXP 	text: foreColor = <psychopy.colors.Color: red, alpha=1.0>
139.6775 	EXP 	text: text = 'RED'
139.6775 	EXP 	fixation: autoDraw = True
140.1770 	INFO 	Keyboard events cleared
140.1764 	EXP 	fixation: autoDraw = False
140.1764 	EXP 	text: autoDraw = True
140.8109 	EXP 	New trial (rep=26, index=0): <Trial 104 (0 in rep 26) data={'word': 'RED', 'colour': 'red', 'stim_condition': 'C', 'correct_res': 'r', 'thisN': 104, 'thisTrialN': 0, 'thisRepN': 26}>
140.8132 	DATA 	Keypress: r
140.8259 	EXP 	fixation: autoDraw = False
140.8259 	EXP 	text: autoDraw = False
140.8259 	EXP 	text: foreColor = <psychopy.colors.Color: red, alpha=1.0>
140.8259 	EXP 	text: text = 'RED'
140.8259 	EXP 	fixation: autoDraw = True
141.3261 	INFO 	Keyboard events cleared
141.3254 	EXP 	fixation: autoDraw = False
141.3254 	EXP 	text: autoDraw = True
141.8100 	EXP 	New trial (rep=26, index=1): <Trial 105 (1 in rep 26) data={'word': 'BLUE', 'colour': 'red', 'stim_condition': 'I', 'correct_res': 'r', 'thisN': 105, 'thisTrialN': 1, 'thisRepN': 26}>
141.8163 	DATA 	Keypress: r
141.8250 	EXP 	fixation: autoDraw = False
141.8250 	EXP 	text: autoDraw = False
141.8250 	EXP 	text: foreColor = <psychopy.colors.Color: red, alpha=1.0>
141.8250 	EXP 	text: height = 0.05
141.8250 	EXP 	text: height = 0.05
141.8250 	EXP 	text: height = 0.05
141.8250 	EXP 	text: text = 'BLUE'
141.8250 	EXP 	fixation: autoDraw = True
142.3255 	INFO 	Keyboard events cleared
142.3245 	EXP 	fixation: autoDraw = False
142.3245 	EXP 	text: autoDraw = True
142.7440 	DATA 	Keypress: r
142.7590 	EXP 	New trial (rep=26, index=2): <Trial 106 (2 in rep 26) data={'word': 'RED', 'colour': 'blue', 'stim_condition': 'I', 'correct_res': 'b', 'thisN': 106, 'thisTrialN': 2, 'thisRepN': 26}>
142.7742 	EXP 	fixation: autoDraw = False
142.7742 	EXP 	text: autoDraw = False
142.7742 	EXP 	text: foreColor = <psychopy.colors.Color: blue, alpha=1.0>
142.7742 	EXP 	text: height = 0.05
142.7742 	EXP 	text: height = 0.05
142.7742 	EXP 	text: height = 0.05
142.7742 	EXP 	text: text = 'RED'
142.7742 	EXP 	fixation: autoDraw = True
143.2745 	INFO 	Keyboard events cleared
143.2739 	EXP 	fixation: autoDraw = False
143.2739 	EXP 	text: autoDraw = True
143.7747 	EXP 	New trial (rep=26, index=3): <Trial 107 (3 in rep 26) data={'word': 'BLUE', 'colour': 'blue', 'stim_condition': 'C', 'correct_res': 'b', 'thisN': 107, 'thisTrialN': 3, 'thisRepN': 26}>
143.7811 	DATA 	Keypress: b
143.7900 	EXP 	fixation: autoDraw = False
143.7900 	EXP 	text: autoDraw = False
143.7900 	EXP 	text: foreColor = <psychopy.colors.Color: blue, alpha=1.0>
143.7900 	EXP 	text: height = 0.05
143.7900 	EXP 	text: height = 0.05
143.7900 	EXP 	text: height = 0.05
143.7900 	EXP 	text: text = 'BLUE'
143.7900 	EXP 	fixation: autoDraw = True
144.2902 	INFO 	Keyboard events cleared
144.2896 	EXP 	fixation: autoDraw = False
144.2896 	EXP 	text: autoDraw = True
144.7412 	EXP 	New trial (rep=27, index=0): <Trial 108 (0 in rep 27) data={'word': 'RED', 'colour': 'red', 'stim_condition': 'C', 'correct_res': 'r', 'thisN': 108, 'thisTrialN': 0, 'thisRepN': 27}>
144.7482 	DATA 	Keypress: b
144.7560 	EXP 	fixation: autoDraw = False
144.7560 	EXP 	text: autoDraw = False
144.7560 	EXP 	text: foreColor = <psychopy.colors.Color: red, alpha=1.0>
144.7560 	EXP 	text: height = 0.05
144.7560 	EXP 	text: height = 0.05
144.7560 	EXP 	text: height = 0.05
144.7560 	EXP 	text: text = 'RED'
144.7560 	EXP 	fixation: autoDraw = True
145.2558 	INFO 	Keyboard events cleared
145.2553 	EXP 	fixation: autoDraw = False
145.2553 	EXP 	text: autoDraw = True
146.5901 	DATA 	Keypress: r
146.6060 	EXP 	New trial (rep=27, index=1): <Trial 109 (1 in rep 27) data={'word': 'RED', 'colour': 'blue', 'stim_condition': 'I', 'correct_res': 'b', 'thisN': 109, 'thisTrialN': 1, 'thisRepN': 27}>
146.6208 	EXP 	fixation: autoDraw = False
146.6208 	EXP 	text: autoDraw = False
146.6208 	EXP 	text: foreColor = <psychopy.colors.Color: blue, alpha=1.0>
146.6208 	EXP 	text: text = 'RED'
146.6208 	EXP 	fixation: autoDraw = True
147.1209 	INFO 	Keyboard events cleared
147.1204 	EXP 	fixation: autoDraw = False
147.1204 	EXP 	text: autoDraw = True
147.6389 	DATA 	Keypress: b
147.6548 	EXP 	New trial (rep=27, index=2): <Trial 110 (2 in rep 27) data={'word': 'BLUE', 'colour': 'red', 'stim_condition': 'I', 'correct_res': 'r', 'thisN': 110, 'thisTrialN': 2, 'thisRepN': 27}>
147.6699 	EXP 	fixation: autoDraw = False
147.6699 	EXP 	text: autoDraw = False
147.6699 	EXP 	text: foreColor = <psychopy.colors.Color: red, alpha=1.0>
147.6699 	EXP 	text: height = 0.05
147.6699 	EXP 	text: height = 0.05
147.6699 	EXP 	text: height = 0.05
147.6699 	EXP 	text: text = 'BLUE'
147.6699 	EXP 	fixation: autoDraw = True
148.1700 	INFO 	Keyboard events cleared
148.1695 	EXP 	fixation: autoDraw = False
148.1695 	EXP 	text: autoDraw = True
148.6540 	EXP 	New trial (rep=27, index=3): <Trial 111 (3 in rep 27) data={'word': 'BLUE', 'colour': 'blue', 'stim_condition': 'C', 'correct_res': 'b', 'thisN': 111, 'thisTrialN': 3, 'thisRepN': 27}>
148.6564 	DATA 	Keypress: r
148.6691 	EXP 	fixation: autoDraw = False
148.6691 	EXP 	text: autoDraw = False
148.6691 	EXP 	text: foreColor = <psychopy.colors.Color: blue, alpha=1.0>
148.6691 	EXP 	text: text = 'BLUE'
148.6691 	EXP 	fixation: autoDraw = True
149.1692 	INFO 	Keyboard events cleared
149.1687 	EXP 	fixation: autoDraw = False
149.1687 	EXP 	text: autoDraw = True
149.6032 	EXP 	New trial (rep=28, index=0): <Trial 112 (0 in rep 28) data={'word': 'BLUE', 'colour': 'red', 'stim_condition': 'I', 'correct_res': 'r', 'thisN': 112, 'thisTrialN': 0, 'thisRepN': 28}>
149.6054 	DATA 	Keypress: b
149.6184 	EXP 	fixation: autoDraw = False
149.6184 	EXP 	text: autoDraw = False
149.6184 	EXP 	text: foreColor = <psychopy.colors.Color: red, alpha=1.0>
149.6184 	EXP 	text: text = 'BLUE'
149.6184 	EXP 	fixation: autoDraw = True
150.1186 	INFO 	Keyboard events cleared
150.1180 	EXP 	fixation: autoDraw = False
150.1180 	EXP 	text: autoDraw = True
150.5192 	EXP 	New trial (rep=28, index=1): <Trial 113 (1 in rep 28) data={'word': 'RED', 'colour': 'red', 'stim_condition': 'C', 'correct_res': 'r', 'thisN': 113, 'thisTrialN': 1, 'thisRepN': 28}>
150.5260 	DATA 	Keypress: r
150.5340 	EXP 	fixation: autoDraw = False
150.5340 	EXP 	text: autoDraw = False
150.5340 	EXP 	text: foreColor = <psychopy.colors.Color: red, alpha=1.0>
150.5340 	EXP 	text: height = 0.05
150.5340 	EXP 	text: height = 0.05
150.5340 	EXP 	text: height = 0.05
150.5340 	EXP 	text: text = 'RED'
150.5340 	EXP 	fixation: autoDraw = True
151.0341 	INFO 	Keyboard events cleared
151.0336 	EXP 	fixation: autoDraw = False
151.0336 	EXP 	text: autoDraw = True
151.5515 	EXP 	New trial (rep=28, index=2): <Trial 114 (2 in rep 28) data={'word': 'BLUE', 'colour': 'blue', 'stim_condition': 'C', 'correct_res': 'b', 'thisN': 114, 'thisTrialN': 2, 'thisRepN': 28}>
151.5576 	DATA 	Keypress: r
151.5665 	EXP 	fixation: autoDraw = False
151.5665 	EXP 	text: autoDraw = False
151.5665 	EXP 	text: foreColor = <psychopy.colors.Color: blue, alpha=1.0>
151.5665 	EXP 	text: height = 0.05
151.5665 	EXP 	text: height = 0.05
151.5665 	EXP 	text: height = 0.05
151.5665 	EXP 	text: text = 'BLUE'
151.5665 	EXP 	fixation: autoDraw = True
152.0665 	INFO 	Keyboard events cleared
152.0661 	EXP 	fixation: autoDraw = False
152.0661 	EXP 	text: autoDraw = True
152.4675 	EXP 	New trial (rep=28, index=3): <Trial 115 (3 in rep 28) data={'word': 'RED', 'colour': 'blue', 'stim_condition': 'I', 'correct_res': 'b', 'thisN': 115, 'thisTrialN': 3, 'thisRepN': 28}>
152.4751 	DATA 	Keypress: b
152.4824 	EXP 	fixation: autoDraw = False
152.4824 	EXP 	text: autoDraw = False
152.4824 	EXP 	text: foreColor = <psychopy.colors.Color: blue, alpha=1.0>
152.4824 	EXP 	text: height = 0.05
152.4824 	EXP 	text: height = 0.05
152.4824 	EXP 	text: height = 0.05
152.4824 	EXP 	text: text = 'RED'
152.4824 	EXP 	fixation: autoDraw = True
152.9825 	INFO 	Keyboard events cleared
152.9820 	EXP 	fixation: autoDraw = False
152.9820 	EXP 	text: autoDraw = True
153.4669 	EXP 	New trial (rep=29, index=0): <Trial 116 (0 in rep 29) data={'word': 'BLUE', 'colour': 'blue', 'stim_condition': 'C', 'correct_res': 'b', 'thisN': 116, 'thisTrialN': 0, 'thisRepN': 29}>
153.4731 	DATA 	Keypress: b
153.4816 	EXP 	fixation: autoDraw = False
153.4816 	EXP 	text: autoDraw = False
153.4816 	EXP 	text: foreColor = <psychopy.colors.Color: blue, alpha=1.0>
153.4816 	EXP 	text: height = 0.05
153.4816 	EXP 	text: height = 0.05
153.4816 	EXP 	text: height = 0.05
153.4816 	EXP 	text: text = 'BLUE'
153.4816 	EXP 	fixation: autoDraw = True
153.9833 	INFO 	Keyboard events cleared
153.9826 	EXP 	fixation: autoDraw = False
153.9826 	EXP 	text: autoDraw = True
154.4492 	EXP 	New trial (rep=29, index=1): <Trial 117 (1 in rep 29) data={'word': 'RED', 'colour': 'red', 'stim_condition': 'C', 'correct_res': 'r', 'thisN': 117, 'thisTrialN': 1, 'thisRepN': 29}>
154.4562 	DATA 	Keypress: b
154.4641 	EXP 	fixation: autoDraw = False
154.4641 	EXP 	text: autoDraw = False
154.4641 	EXP 	text: foreColor = <psychopy.colors.Color: red, alpha=1.0>
154.4641 	EXP 	text: height = 0.05
154.4641 	EXP 	text: height = 0.05
154.4641 	EXP 	text: height = 0.05
154.4641 	EXP 	text: text = 'RED'
154.4641 	EXP 	fixation: autoDraw = True
154.9642 	INFO 	Keyboard events cleared
154.9638 	EXP 	fixation: autoDraw = False
154.9638 	EXP 	text: autoDraw = True
155.4483 	EXP 	New trial (rep=29, index=2): <Trial 118 (2 in rep 29) data={'word': 'RED', 'colour': 'blue', 'stim_condition': 'I', 'correct_res': 'b', 'thisN': 118, 'thisTrialN': 2, 'thisRepN': 29}>
155.4509 	DATA 	Keypress: r
155.4631 	EXP 	fixation: autoDraw = False
155.4631 	EXP 	text: autoDraw = False
155.4631 	EXP 	text: foreColor = <psychopy.colors.Color: blue, alpha=1.0>
155.4631 	EXP 	text: text = 'RED'
155.4631 	EXP 	fixation: autoDraw = True
155.9631 	INFO 	Keyboard events cleared
155.9626 	EXP 	fixation: autoDraw = False
155.9626 	EXP 	text: autoDraw = True
156.5650 	DATA 	Keypress: b
156.5804 	EXP 	New trial (rep=29, index=3): <Trial 119 (3 in rep 29) data={'word': 'BLUE', 'colour': 'red', 'stim_condition': 'I', 'correct_res': 'r', 'thisN': 119, 'thisTrialN': 3, 'thisRepN': 29}>
156.5954 	EXP 	fixation: autoDraw = False
156.5954 	EXP 	text: autoDraw = False
156.5954 	EXP 	text: foreColor = <psychopy.colors.Color: red, alpha=1.0>
156.5954 	EXP 	text: height = 0.05
156.5954 	EXP 	text: height = 0.05
156.5954 	EXP 	text: height = 0.05
156.5954 	EXP 	text: text = 'BLUE'
156.5954 	EXP 	fixation: autoDraw = True
157.0956 	INFO 	Keyboard events cleared
157.0950 	EXP 	fixation: autoDraw = False
157.0950 	EXP 	text: autoDraw = True
157.5673 	DATA 	Keypress: r
157.5779 	EXP 	fixation: autoDraw = False
157.5779 	EXP 	text: autoDraw = False
157.5779 	EXP 	text_3: autoDraw = True
158.5771 	EXP 	text_3: autoDraw = False
158.5771 	EXP 	text_3: autoDraw = False
158.5773 	EXP 	Stroop Task Data: status = STOPPED
158.7020 	INFO 	saved data to 'C:\\Users\\DELL\\OneDrive\\Desktop\\PsychoPy\\data/0001_Stroop Task Data_2025-08-24_23h26.43.535.csv'
158.7059 	INFO 	saved data to C:\Users\DELL\OneDrive\Desktop\PsychoPy\data/0001_Stroop Task Data_2025-08-24_23h26.43.535.psydat
