233.9529 	INFO 	Loaded monitor calibration from ['2025_02_12 09:50']
233.9697 	WARNING 	User requested fullscreen with size [1024  768], but screen is actually [1920, 1080]. Using actual size
237.8133 	EXP 	Created window1 = Window(allowGUI=False, allowStencil=False, autoLog=True, backendConf=UNKNOWN, backgroundFit=<method-wrapper '__getattribute__' of attributeSetter object at 0x000002682D185DB0>, backgroundImage=<method-wrapper '__getattribute__' of attributeSetter object at 0x000002682D185E10>, bitsMode=UNKNOWN, blendMode='avg', bpc=(8, 8, 8), color=array([0, 0, 0]), colorSpace='rgb', depthBits=8, fullscr=True, gamma=None, gammaErrorPolicy='raise', infoMsg=UNKNOWN, lms=UNKNOWN, monitor=<psychopy.monitors.calibTools.Monitor object at 0x000002682D216CB0>, multiSample=False, name='window1', numSamples=2, pos=[0.0, 0.0], screen=0, size=array([1920, 1080]), stencilBits=0, stereo=False, title='PsychoPy', units='height', useFBO=True, useRetina=False, viewOri=0.0, viewPos=None, viewScale=None, waitBlanking=True, winType='pyglet')
237.8135 	EXP 	window1: backgroundImage = ''
237.8135 	EXP 	window1: backgroundFit = 'none'
238.1126 	EXP 	window1: Attempting to measure frame rate of screen (0) ...
238.1127 	EXP 	window1: recordFrameIntervals = False
238.2832 	EXP 	window1: recordFrameIntervals = True
238.4662 	EXP 	Screen (0) actual frame rate measured at 60.04Hz
238.4663 	EXP 	window1: recordFrameIntervals = False
247.1444 	INFO 	keyboard.Keyboard is using iohub backend.
247.1445 	INFO 	keyboard.Keyboard is using iohub backend.
247.1447 	INFO 	keyboard.Keyboard is using iohub backend.
247.1447 	EXP 	Stroop Task Data: status = STARTED
247.8088 	EXP 	Created text_2 = TextStim(__class__=<class 'psychopy.visual.text.TextStim'>, alignHoriz=method-wrapper(...), alignText='center', alignVert=method-wrapper(...), anchorHoriz='center', anchorVert='center', antialias=True, autoDraw=False, autoLog=True, bold=False, color=array([1., 1., 1.]), colorSpace='rgb', contrast=1.0, depth=0.0, draggable=False, flipHoriz=False, flipVert=False, font='Arial', fontFiles=[], height=0.05, italic=False, languageStyle='LTR', name='text_2', opacity=1, ori=0.0, pos=array([0., 0.]), rgb=UNKNOWN, text=str(...), units='height', win=Window(...), wrapWidth=1)
247.8271 	EXP 	Created fixation = ShapeStim(__class__=<class 'psychopy.visual.shape.ShapeStim'>, anchor=('center', 'center'), autoDraw=False, autoLog=True, closeShape=True, color=method-wrapper(...), colorSpace='rgb', contrast=None, depth=0.0, draggable=False, fillColor=array([1, 1, 1]), fillColorSpace='rgb', fillRGB=array([1, 1, 1]), interpolate=True, lineColor=array([1., 1., 1.]), lineColorSpace='rgb', lineRGB=array([1, 1, 1]), lineWidth=1.0, name='fixation', opacity=1, ori=0.0, pos=array([0., 0.]), size=array([10., 10.]), units='pix', vertices=ndarray(...), win=Window(...), windingRule=None)
247.8293 	EXP 	Created text = TextStim(__class__=<class 'psychopy.visual.text.TextStim'>, alignHoriz=method-wrapper(...), alignText='center', alignVert=method-wrapper(...), anchorHoriz='center', anchorVert='center', antialias=True, autoDraw=False, autoLog=True, bold=False, color=array([1., 1., 1.]), colorSpace='rgb', contrast=1.0, depth=-1.0, draggable=False, flipHoriz=False, flipVert=False, font='Arial', fontFiles=[], height=0.05, italic=False, languageStyle='LTR', name='text', opacity=1, ori=0.0, pos=array([0., 0.]), rgb=UNKNOWN, text='', units='height', win=Window(...), wrapWidth=1)
247.8549 	EXP 	Created text_3 = TextStim(__class__=<class 'psychopy.visual.text.TextStim'>, alignHoriz=method-wrapper(...), alignText='center', alignVert=method-wrapper(...), anchorHoriz='center', anchorVert='center', antialias=True, autoDraw=False, autoLog=True, bold=False, color=array([1., 1., 1.]), colorSpace='rgb', contrast=1.0, depth=0.0, draggable=False, flipHoriz=False, flipVert=False, font='Arial', fontFiles=[], height=0.05, italic=False, languageStyle='LTR', name='text_3', opacity=1, ori=0.0, pos=array([0., 0.]), rgb=UNKNOWN, text='Thank You for Participating!!', units='height', win=Window(...), wrapWidth=1)
0.0096 	INFO 	Keyboard events cleared
0.0091 	EXP 	text_2: autoDraw = True
38.8531 	DATA 	Keypress: return
42.3016 	DATA 	Keypress: space
42.3342 	EXP 	Imported C:/Users/DELL/Downloads/condition_stroop.xlsx as conditions, 4 conditions, 4 params
42.3386 	EXP 	New trial (rep=0, index=0): <Trial 0 (0 in rep 0) data={'word': 'RED', 'colour': 'red', 'stim_condition': 'C', 'correct_res': 'r', 'thisN': 0, 'thisTrialN': 0, 'thisRepN': 0}>
42.3495 	EXP 	text_2: autoDraw = False
42.3495 	EXP 	text: foreColor = <psychopy.colors.Color: red, alpha=1.0>
42.3495 	EXP 	text: height = 0.05
42.3495 	EXP 	text: height = 0.05
42.3495 	EXP 	text: height = 0.05
42.3495 	EXP 	text: text = 'RED'
42.3495 	EXP 	fixation: autoDraw = True
42.8327 	INFO 	Keyboard events cleared
42.8322 	EXP 	fixation: autoDraw = False
42.8322 	EXP 	text: autoDraw = True
44.0325 	EXP 	New trial (rep=0, index=1): <Trial 1 (1 in rep 0) data={'word': 'BLUE', 'colour': 'red', 'stim_condition': 'I', 'correct_res': 'r', 'thisN': 1, 'thisTrialN': 1, 'thisRepN': 0}>
44.0401 	DATA 	Keypress: r
44.0477 	EXP 	fixation: autoDraw = False
44.0477 	EXP 	text: autoDraw = False
44.0477 	EXP 	text: foreColor = <psychopy.colors.Color: red, alpha=1.0>
44.0477 	EXP 	text: height = 0.05
44.0477 	EXP 	text: height = 0.05
44.0477 	EXP 	text: height = 0.05
44.0477 	EXP 	text: text = 'BLUE'
44.0477 	EXP 	fixation: autoDraw = True
44.5476 	INFO 	Keyboard events cleared
44.5467 	EXP 	fixation: autoDraw = False
44.5467 	EXP 	text: autoDraw = True
45.2986 	EXP 	New trial (rep=0, index=2): <Trial 2 (2 in rep 0) data={'word': 'RED', 'colour': 'blue', 'stim_condition': 'I', 'correct_res': 'b', 'thisN': 2, 'thisTrialN': 2, 'thisRepN': 0}>
45.3059 	DATA 	Keypress: r
45.3132 	EXP 	fixation: autoDraw = False
45.3132 	EXP 	text: autoDraw = False
45.3132 	EXP 	text: foreColor = <psychopy.colors.Color: blue, alpha=1.0>
45.3132 	EXP 	text: height = 0.05
45.3132 	EXP 	text: height = 0.05
45.3132 	EXP 	text: height = 0.05
45.3132 	EXP 	text: text = 'RED'
45.3132 	EXP 	fixation: autoDraw = True
45.8131 	INFO 	Keyboard events cleared
45.8127 	EXP 	fixation: autoDraw = False
45.8127 	EXP 	text: autoDraw = True
46.6801 	EXP 	New trial (rep=0, index=3): <Trial 3 (3 in rep 0) data={'word': 'BLUE', 'colour': 'blue', 'stim_condition': 'C', 'correct_res': 'b', 'thisN': 3, 'thisTrialN': 3, 'thisRepN': 0}>
46.6861 	DATA 	Keypress: b
46.6954 	EXP 	fixation: autoDraw = False
46.6954 	EXP 	text: autoDraw = False
46.6954 	EXP 	text: foreColor = <psychopy.colors.Color: blue, alpha=1.0>
46.6954 	EXP 	text: height = 0.05
46.6954 	EXP 	text: height = 0.05
46.6954 	EXP 	text: height = 0.05
46.6954 	EXP 	text: text = 'BLUE'
46.6954 	EXP 	fixation: autoDraw = True
47.1954 	INFO 	Keyboard events cleared
47.1950 	EXP 	fixation: autoDraw = False
47.1950 	EXP 	text: autoDraw = True
47.7794 	EXP 	New trial (rep=1, index=0): <Trial 4 (0 in rep 1) data={'word': 'RED', 'colour': 'blue', 'stim_condition': 'I', 'correct_res': 'b', 'thisN': 4, 'thisTrialN': 0, 'thisRepN': 1}>
47.7861 	DATA 	Keypress: b
47.7944 	EXP 	fixation: autoDraw = False
47.7944 	EXP 	text: autoDraw = False
47.7944 	EXP 	text: foreColor = <psychopy.colors.Color: blue, alpha=1.0>
47.7944 	EXP 	text: height = 0.05
47.7944 	EXP 	text: height = 0.05
47.7944 	EXP 	text: height = 0.05
47.7944 	EXP 	text: text = 'RED'
47.7944 	EXP 	fixation: autoDraw = True
48.2946 	INFO 	Keyboard events cleared
48.2941 	EXP 	fixation: autoDraw = False
48.2941 	EXP 	text: autoDraw = True
48.8785 	EXP 	New trial (rep=1, index=1): <Trial 5 (1 in rep 1) data={'word': 'BLUE', 'colour': 'blue', 'stim_condition': 'C', 'correct_res': 'b', 'thisN': 5, 'thisTrialN': 1, 'thisRepN': 1}>
48.8850 	DATA 	Keypress: b
48.8934 	EXP 	fixation: autoDraw = False
48.8934 	EXP 	text: autoDraw = False
48.8934 	EXP 	text: foreColor = <psychopy.colors.Color: blue, alpha=1.0>
48.8934 	EXP 	text: height = 0.05
48.8934 	EXP 	text: height = 0.05
48.8934 	EXP 	text: height = 0.05
48.8934 	EXP 	text: text = 'BLUE'
48.8934 	EXP 	fixation: autoDraw = True
49.3934 	INFO 	Keyboard events cleared
49.3929 	EXP 	fixation: autoDraw = False
49.3929 	EXP 	text: autoDraw = True
49.9442 	EXP 	New trial (rep=1, index=2): <Trial 6 (2 in rep 1) data={'word': 'BLUE', 'colour': 'red', 'stim_condition': 'I', 'correct_res': 'r', 'thisN': 6, 'thisTrialN': 2, 'thisRepN': 1}>
49.9466 	DATA 	Keypress: b
49.9592 	EXP 	fixation: autoDraw = False
49.9592 	EXP 	text: autoDraw = False
49.9592 	EXP 	text: foreColor = <psychopy.colors.Color: red, alpha=1.0>
49.9592 	EXP 	text: text = 'BLUE'
49.9592 	EXP 	fixation: autoDraw = True
50.4593 	INFO 	Keyboard events cleared
50.4587 	EXP 	fixation: autoDraw = False
50.4587 	EXP 	text: autoDraw = True
51.0429 	EXP 	New trial (rep=1, index=3): <Trial 7 (3 in rep 1) data={'word': 'RED', 'colour': 'red', 'stim_condition': 'C', 'correct_res': 'r', 'thisN': 7, 'thisTrialN': 3, 'thisRepN': 1}>
51.0494 	DATA 	Keypress: r
51.0582 	EXP 	fixation: autoDraw = False
51.0582 	EXP 	text: autoDraw = False
51.0582 	EXP 	text: foreColor = <psychopy.colors.Color: red, alpha=1.0>
51.0582 	EXP 	text: height = 0.05
51.0582 	EXP 	text: height = 0.05
51.0582 	EXP 	text: height = 0.05
51.0582 	EXP 	text: text = 'RED'
51.0582 	EXP 	fixation: autoDraw = True
51.5583 	INFO 	Keyboard events cleared
51.5578 	EXP 	fixation: autoDraw = False
51.5578 	EXP 	text: autoDraw = True
52.0422 	EXP 	New trial (rep=2, index=0): <Trial 8 (0 in rep 2) data={'word': 'RED', 'colour': 'red', 'stim_condition': 'C', 'correct_res': 'r', 'thisN': 8, 'thisTrialN': 0, 'thisRepN': 2}>
52.0444 	DATA 	Keypress: r
52.0574 	EXP 	fixation: autoDraw = False
52.0574 	EXP 	text: autoDraw = False
52.0574 	EXP 	text: foreColor = <psychopy.colors.Color: red, alpha=1.0>
52.0574 	EXP 	text: text = 'RED'
52.0574 	EXP 	fixation: autoDraw = True
52.5576 	INFO 	Keyboard events cleared
52.5570 	EXP 	fixation: autoDraw = False
52.5570 	EXP 	text: autoDraw = True
53.0247 	EXP 	New trial (rep=2, index=1): <Trial 9 (1 in rep 2) data={'word': 'BLUE', 'colour': 'blue', 'stim_condition': 'C', 'correct_res': 'b', 'thisN': 9, 'thisTrialN': 1, 'thisRepN': 2}>
53.0309 	DATA 	Keypress: r
53.0399 	EXP 	fixation: autoDraw = False
53.0399 	EXP 	text: autoDraw = False
53.0399 	EXP 	text: foreColor = <psychopy.colors.Color: blue, alpha=1.0>
53.0399 	EXP 	text: height = 0.05
53.0399 	EXP 	text: height = 0.05
53.0399 	EXP 	text: height = 0.05
53.0399 	EXP 	text: text = 'BLUE'
53.0399 	EXP 	fixation: autoDraw = True
53.5401 	INFO 	Keyboard events cleared
53.5396 	EXP 	fixation: autoDraw = False
53.5396 	EXP 	text: autoDraw = True
53.9904 	EXP 	New trial (rep=2, index=2): <Trial 10 (2 in rep 2) data={'word': 'BLUE', 'colour': 'red', 'stim_condition': 'I', 'correct_res': 'r', 'thisN': 10, 'thisTrialN': 2, 'thisRepN': 2}>
53.9927 	DATA 	Keypress: b
54.0056 	EXP 	fixation: autoDraw = False
54.0056 	EXP 	text: autoDraw = False
54.0056 	EXP 	text: foreColor = <psychopy.colors.Color: red, alpha=1.0>
54.0056 	EXP 	text: text = 'BLUE'
54.0056 	EXP 	fixation: autoDraw = True
54.5057 	INFO 	Keyboard events cleared
54.5051 	EXP 	fixation: autoDraw = False
54.5051 	EXP 	text: autoDraw = True
54.9063 	EXP 	New trial (rep=2, index=3): <Trial 11 (3 in rep 2) data={'word': 'RED', 'colour': 'blue', 'stim_condition': 'I', 'correct_res': 'b', 'thisN': 11, 'thisTrialN': 3, 'thisRepN': 2}>
54.9130 	DATA 	Keypress: r
54.9215 	EXP 	fixation: autoDraw = False
54.9215 	EXP 	text: autoDraw = False
54.9215 	EXP 	text: foreColor = <psychopy.colors.Color: blue, alpha=1.0>
54.9215 	EXP 	text: height = 0.05
54.9215 	EXP 	text: height = 0.05
54.9215 	EXP 	text: height = 0.05
54.9215 	EXP 	text: text = 'RED'
54.9215 	EXP 	fixation: autoDraw = True
55.4217 	INFO 	Keyboard events cleared
55.4211 	EXP 	fixation: autoDraw = False
55.4211 	EXP 	text: autoDraw = True
56.0228 	DATA 	Keypress: b
56.0388 	EXP 	New trial (rep=3, index=0): <Trial 12 (0 in rep 3) data={'word': 'RED', 'colour': 'blue', 'stim_condition': 'I', 'correct_res': 'b', 'thisN': 12, 'thisTrialN': 0, 'thisRepN': 3}>
56.0539 	EXP 	fixation: autoDraw = False
56.0539 	EXP 	text: autoDraw = False
56.0539 	EXP 	text: foreColor = <psychopy.colors.Color: blue, alpha=1.0>
56.0539 	EXP 	text: text = 'RED'
56.0539 	EXP 	fixation: autoDraw = True
56.5539 	INFO 	Keyboard events cleared
56.5534 	EXP 	fixation: autoDraw = False
56.5534 	EXP 	text: autoDraw = True
57.1544 	EXP 	New trial (rep=3, index=1): <Trial 13 (1 in rep 3) data={'word': 'BLUE', 'colour': 'red', 'stim_condition': 'I', 'correct_res': 'r', 'thisN': 13, 'thisTrialN': 1, 'thisRepN': 3}>
57.1607 	DATA 	Keypress: b
57.1695 	EXP 	fixation: autoDraw = False
57.1695 	EXP 	text: autoDraw = False
57.1695 	EXP 	text: foreColor = <psychopy.colors.Color: red, alpha=1.0>
57.1695 	EXP 	text: height = 0.05
57.1695 	EXP 	text: height = 0.05
57.1695 	EXP 	text: height = 0.05
57.1695 	EXP 	text: text = 'BLUE'
57.1695 	EXP 	fixation: autoDraw = True
57.6695 	INFO 	Keyboard events cleared
57.6691 	EXP 	fixation: autoDraw = False
57.6691 	EXP 	text: autoDraw = True
58.8866 	EXP 	New trial (rep=3, index=2): <Trial 14 (2 in rep 3) data={'word': 'BLUE', 'colour': 'blue', 'stim_condition': 'C', 'correct_res': 'b', 'thisN': 14, 'thisTrialN': 2, 'thisRepN': 3}>
58.8890 	DATA 	Keypress: r
58.9016 	EXP 	fixation: autoDraw = False
58.9016 	EXP 	text: autoDraw = False
58.9016 	EXP 	text: foreColor = <psychopy.colors.Color: blue, alpha=1.0>
58.9016 	EXP 	text: text = 'BLUE'
58.9016 	EXP 	fixation: autoDraw = True
59.4014 	INFO 	Keyboard events cleared
59.4010 	EXP 	fixation: autoDraw = False
59.4010 	EXP 	text: autoDraw = True
60.0023 	EXP 	New trial (rep=3, index=3): <Trial 15 (3 in rep 3) data={'word': 'RED', 'colour': 'red', 'stim_condition': 'C', 'correct_res': 'r', 'thisN': 15, 'thisTrialN': 3, 'thisRepN': 3}>
60.0094 	DATA 	Keypress: b
60.0170 	EXP 	fixation: autoDraw = False
60.0170 	EXP 	text: autoDraw = False
60.0170 	EXP 	text: foreColor = <psychopy.colors.Color: red, alpha=1.0>
60.0170 	EXP 	text: height = 0.05
60.0170 	EXP 	text: height = 0.05
60.0170 	EXP 	text: height = 0.05
60.0170 	EXP 	text: text = 'RED'
60.0170 	EXP 	fixation: autoDraw = True
60.5172 	INFO 	Keyboard events cleared
60.5166 	EXP 	fixation: autoDraw = False
60.5166 	EXP 	text: autoDraw = True
61.0846 	EXP 	New trial (rep=4, index=0): <Trial 16 (0 in rep 4) data={'word': 'RED', 'colour': 'blue', 'stim_condition': 'I', 'correct_res': 'b', 'thisN': 16, 'thisTrialN': 0, 'thisRepN': 4}>
61.0871 	DATA 	Keypress: r
61.0994 	EXP 	fixation: autoDraw = False
61.0994 	EXP 	text: autoDraw = False
61.0994 	EXP 	text: foreColor = <psychopy.colors.Color: blue, alpha=1.0>
61.0994 	EXP 	text: text = 'RED'
61.0994 	EXP 	fixation: autoDraw = True
61.5996 	INFO 	Keyboard events cleared
61.5991 	EXP 	fixation: autoDraw = False
61.5991 	EXP 	text: autoDraw = True
62.4665 	EXP 	New trial (rep=4, index=1): <Trial 17 (1 in rep 4) data={'word': 'RED', 'colour': 'red', 'stim_condition': 'C', 'correct_res': 'r', 'thisN': 17, 'thisTrialN': 1, 'thisRepN': 4}>
62.4691 	DATA 	Keypress: b
62.4816 	EXP 	fixation: autoDraw = False
62.4816 	EXP 	text: autoDraw = False
62.4816 	EXP 	text: foreColor = <psychopy.colors.Color: red, alpha=1.0>
62.4816 	EXP 	text: text = 'RED'
62.4816 	EXP 	fixation: autoDraw = True
62.9817 	INFO 	Keyboard events cleared
62.9812 	EXP 	fixation: autoDraw = False
62.9812 	EXP 	text: autoDraw = True
63.5492 	EXP 	New trial (rep=4, index=2): <Trial 18 (2 in rep 4) data={'word': 'BLUE', 'colour': 'blue', 'stim_condition': 'C', 'correct_res': 'b', 'thisN': 18, 'thisTrialN': 2, 'thisRepN': 4}>
63.5553 	DATA 	Keypress: r
63.5641 	EXP 	fixation: autoDraw = False
63.5641 	EXP 	text: autoDraw = False
63.5641 	EXP 	text: foreColor = <psychopy.colors.Color: blue, alpha=1.0>
63.5641 	EXP 	text: height = 0.05
63.5641 	EXP 	text: height = 0.05
63.5641 	EXP 	text: height = 0.05
63.5641 	EXP 	text: text = 'BLUE'
63.5641 	EXP 	fixation: autoDraw = True
64.0642 	INFO 	Keyboard events cleared
64.0637 	EXP 	fixation: autoDraw = False
64.0637 	EXP 	text: autoDraw = True
64.5314 	EXP 	New trial (rep=4, index=3): <Trial 19 (3 in rep 4) data={'word': 'BLUE', 'colour': 'red', 'stim_condition': 'I', 'correct_res': 'r', 'thisN': 19, 'thisTrialN': 3, 'thisRepN': 4}>
64.5337 	DATA 	Keypress: b
64.5466 	EXP 	fixation: autoDraw = False
64.5466 	EXP 	text: autoDraw = False
64.5466 	EXP 	text: foreColor = <psychopy.colors.Color: red, alpha=1.0>
64.5466 	EXP 	text: text = 'BLUE'
64.5466 	EXP 	fixation: autoDraw = True
65.0465 	INFO 	Keyboard events cleared
65.0460 	EXP 	fixation: autoDraw = False
65.0460 	EXP 	text: autoDraw = True
65.4973 	EXP 	New trial (rep=5, index=0): <Trial 20 (0 in rep 5) data={'word': 'BLUE', 'colour': 'blue', 'stim_condition': 'C', 'correct_res': 'b', 'thisN': 20, 'thisTrialN': 0, 'thisRepN': 5}>
65.4995 	DATA 	Keypress: r
65.5122 	EXP 	fixation: autoDraw = False
65.5122 	EXP 	text: autoDraw = False
65.5122 	EXP 	text: foreColor = <psychopy.colors.Color: blue, alpha=1.0>
65.5122 	EXP 	text: text = 'BLUE'
65.5122 	EXP 	fixation: autoDraw = True
66.0122 	INFO 	Keyboard events cleared
66.0118 	EXP 	fixation: autoDraw = False
66.0118 	EXP 	text: autoDraw = True
66.4797 	EXP 	New trial (rep=5, index=1): <Trial 21 (1 in rep 5) data={'word': 'BLUE', 'colour': 'red', 'stim_condition': 'I', 'correct_res': 'r', 'thisN': 21, 'thisTrialN': 1, 'thisRepN': 5}>
66.4816 	DATA 	Keypress: b
66.4947 	EXP 	fixation: autoDraw = False
66.4947 	EXP 	text: autoDraw = False
66.4947 	EXP 	text: foreColor = <psychopy.colors.Color: red, alpha=1.0>
66.4947 	EXP 	text: text = 'BLUE'
66.4947 	EXP 	fixation: autoDraw = True
66.9948 	INFO 	Keyboard events cleared
66.9943 	EXP 	fixation: autoDraw = False
66.9943 	EXP 	text: autoDraw = True
67.8787 	EXP 	New trial (rep=5, index=2): <Trial 22 (2 in rep 5) data={'word': 'RED', 'colour': 'blue', 'stim_condition': 'I', 'correct_res': 'b', 'thisN': 22, 'thisTrialN': 2, 'thisRepN': 5}>
67.8911 	DATA 	Keypress: r
67.8934 	EXP 	fixation: autoDraw = False
67.8934 	EXP 	text: autoDraw = False
67.8934 	EXP 	text: foreColor = <psychopy.colors.Color: blue, alpha=1.0>
67.8934 	EXP 	text: height = 0.05
67.8934 	EXP 	text: height = 0.05
67.8934 	EXP 	text: height = 0.05
67.8934 	EXP 	text: text = 'RED'
67.8934 	EXP 	fixation: autoDraw = True
68.3936 	INFO 	Keyboard events cleared
68.3929 	EXP 	fixation: autoDraw = False
68.3929 	EXP 	text: autoDraw = True
68.9943 	EXP 	New trial (rep=5, index=3): <Trial 23 (3 in rep 5) data={'word': 'RED', 'colour': 'red', 'stim_condition': 'C', 'correct_res': 'r', 'thisN': 23, 'thisTrialN': 3, 'thisRepN': 5}>
68.9967 	DATA 	Keypress: b
69.0095 	EXP 	fixation: autoDraw = False
69.0095 	EXP 	text: autoDraw = False
69.0095 	EXP 	text: foreColor = <psychopy.colors.Color: red, alpha=1.0>
69.0095 	EXP 	text: text = 'RED'
69.0095 	EXP 	fixation: autoDraw = True
69.5092 	INFO 	Keyboard events cleared
69.5088 	EXP 	fixation: autoDraw = False
69.5088 	EXP 	text: autoDraw = True
69.8768 	EXP 	New trial (rep=6, index=0): <Trial 24 (0 in rep 6) data={'word': 'BLUE', 'colour': 'red', 'stim_condition': 'I', 'correct_res': 'r', 'thisN': 24, 'thisTrialN': 0, 'thisRepN': 6}>
69.8831 	DATA 	Keypress: r
69.8917 	EXP 	fixation: autoDraw = False
69.8917 	EXP 	text: autoDraw = False
69.8917 	EXP 	text: foreColor = <psychopy.colors.Color: red, alpha=1.0>
69.8917 	EXP 	text: height = 0.05
69.8917 	EXP 	text: height = 0.05
69.8917 	EXP 	text: height = 0.05
69.8917 	EXP 	text: text = 'BLUE'
69.8917 	EXP 	fixation: autoDraw = True
70.3917 	INFO 	Keyboard events cleared
70.3913 	EXP 	fixation: autoDraw = False
70.3913 	EXP 	text: autoDraw = True
70.8758 	EXP 	New trial (rep=6, index=1): <Trial 25 (1 in rep 6) data={'word': 'BLUE', 'colour': 'blue', 'stim_condition': 'C', 'correct_res': 'b', 'thisN': 25, 'thisTrialN': 1, 'thisRepN': 6}>
70.8783 	DATA 	Keypress: r
70.8909 	EXP 	fixation: autoDraw = False
70.8909 	EXP 	text: autoDraw = False
70.8909 	EXP 	text: foreColor = <psychopy.colors.Color: blue, alpha=1.0>
70.8909 	EXP 	text: text = 'BLUE'
70.8909 	EXP 	fixation: autoDraw = True
71.3909 	INFO 	Keyboard events cleared
71.3904 	EXP 	fixation: autoDraw = False
71.3904 	EXP 	text: autoDraw = True
71.7917 	EXP 	New trial (rep=6, index=2): <Trial 26 (2 in rep 6) data={'word': 'RED', 'colour': 'blue', 'stim_condition': 'I', 'correct_res': 'b', 'thisN': 26, 'thisTrialN': 2, 'thisRepN': 6}>
71.7991 	DATA 	Keypress: b
71.8068 	EXP 	fixation: autoDraw = False
71.8068 	EXP 	text: autoDraw = False
71.8068 	EXP 	text: foreColor = <psychopy.colors.Color: blue, alpha=1.0>
71.8068 	EXP 	text: height = 0.05
71.8068 	EXP 	text: height = 0.05
71.8068 	EXP 	text: height = 0.05
71.8068 	EXP 	text: text = 'RED'
71.8068 	EXP 	fixation: autoDraw = True
72.3069 	INFO 	Keyboard events cleared
72.3064 	EXP 	fixation: autoDraw = False
72.3064 	EXP 	text: autoDraw = True
72.8077 	EXP 	New trial (rep=6, index=3): <Trial 27 (3 in rep 6) data={'word': 'RED', 'colour': 'red', 'stim_condition': 'C', 'correct_res': 'r', 'thisN': 27, 'thisTrialN': 3, 'thisRepN': 6}>
72.8102 	DATA 	Keypress: r
72.8226 	EXP 	fixation: autoDraw = False
72.8226 	EXP 	text: autoDraw = False
72.8226 	EXP 	text: foreColor = <psychopy.colors.Color: red, alpha=1.0>
72.8226 	EXP 	text: text = 'RED'
72.8226 	EXP 	fixation: autoDraw = True
73.3230 	INFO 	Keyboard events cleared
73.3222 	EXP 	fixation: autoDraw = False
73.3222 	EXP 	text: autoDraw = True
74.2065 	EXP 	New trial (rep=7, index=0): <Trial 28 (0 in rep 7) data={'word': 'RED', 'colour': 'blue', 'stim_condition': 'I', 'correct_res': 'b', 'thisN': 28, 'thisTrialN': 0, 'thisRepN': 7}>
74.2088 	DATA 	Keypress: r
74.2215 	EXP 	fixation: autoDraw = False
74.2215 	EXP 	text: autoDraw = False
74.2215 	EXP 	text: foreColor = <psychopy.colors.Color: blue, alpha=1.0>
74.2215 	EXP 	text: text = 'RED'
74.2215 	EXP 	fixation: autoDraw = True
74.7215 	INFO 	Keyboard events cleared
74.7209 	EXP 	fixation: autoDraw = False
74.7209 	EXP 	text: autoDraw = True
77.2871 	EXP 	New trial (rep=7, index=1): <Trial 29 (1 in rep 7) data={'word': 'RED', 'colour': 'red', 'stim_condition': 'C', 'correct_res': 'r', 'thisN': 29, 'thisTrialN': 1, 'thisRepN': 7}>
77.2895 	DATA 	Keypress: b
77.3020 	EXP 	fixation: autoDraw = False
77.3020 	EXP 	text: autoDraw = False
77.3020 	EXP 	text: foreColor = <psychopy.colors.Color: red, alpha=1.0>
77.3020 	EXP 	text: text = 'RED'
77.3020 	EXP 	fixation: autoDraw = True
77.8022 	INFO 	Keyboard events cleared
77.8017 	EXP 	fixation: autoDraw = False
77.8017 	EXP 	text: autoDraw = True
78.7190 	EXP 	New trial (rep=7, index=2): <Trial 30 (2 in rep 7) data={'word': 'BLUE', 'colour': 'red', 'stim_condition': 'I', 'correct_res': 'r', 'thisN': 30, 'thisTrialN': 2, 'thisRepN': 7}>
78.7248 	DATA 	Keypress: r
78.7342 	EXP 	fixation: autoDraw = False
78.7342 	EXP 	text: autoDraw = False
78.7342 	EXP 	text: foreColor = <psychopy.colors.Color: red, alpha=1.0>
78.7342 	EXP 	text: height = 0.05
78.7342 	EXP 	text: height = 0.05
78.7342 	EXP 	text: height = 0.05
78.7342 	EXP 	text: text = 'BLUE'
78.7342 	EXP 	fixation: autoDraw = True
79.2343 	INFO 	Keyboard events cleared
79.2338 	EXP 	fixation: autoDraw = False
79.2338 	EXP 	text: autoDraw = True
79.8014 	EXP 	New trial (rep=7, index=3): <Trial 31 (3 in rep 7) data={'word': 'BLUE', 'colour': 'blue', 'stim_condition': 'C', 'correct_res': 'b', 'thisN': 31, 'thisTrialN': 3, 'thisRepN': 7}>
79.8036 	DATA 	Keypress: r
79.8165 	EXP 	fixation: autoDraw = False
79.8165 	EXP 	text: autoDraw = False
79.8165 	EXP 	text: foreColor = <psychopy.colors.Color: blue, alpha=1.0>
79.8165 	EXP 	text: text = 'BLUE'
79.8165 	EXP 	fixation: autoDraw = True
80.3166 	INFO 	Keyboard events cleared
80.3160 	EXP 	fixation: autoDraw = False
80.3160 	EXP 	text: autoDraw = True
80.7506 	EXP 	New trial (rep=8, index=0): <Trial 32 (0 in rep 8) data={'word': 'RED', 'colour': 'blue', 'stim_condition': 'I', 'correct_res': 'b', 'thisN': 32, 'thisTrialN': 0, 'thisRepN': 8}>
80.7572 	DATA 	Keypress: b
80.7656 	EXP 	fixation: autoDraw = False
80.7656 	EXP 	text: autoDraw = False
80.7656 	EXP 	text: foreColor = <psychopy.colors.Color: blue, alpha=1.0>
80.7656 	EXP 	text: height = 0.05
80.7656 	EXP 	text: height = 0.05
80.7656 	EXP 	text: height = 0.05
80.7656 	EXP 	text: text = 'RED'
80.7656 	EXP 	fixation: autoDraw = True
81.2658 	INFO 	Keyboard events cleared
81.2653 	EXP 	fixation: autoDraw = False
81.2653 	EXP 	text: autoDraw = True
82.0160 	EXP 	New trial (rep=8, index=1): <Trial 33 (1 in rep 8) data={'word': 'BLUE', 'colour': 'blue', 'stim_condition': 'C', 'correct_res': 'b', 'thisN': 33, 'thisTrialN': 1, 'thisRepN': 8}>
82.0225 	DATA 	Keypress: b
82.0312 	EXP 	fixation: autoDraw = False
82.0312 	EXP 	text: autoDraw = False
82.0312 	EXP 	text: foreColor = <psychopy.colors.Color: blue, alpha=1.0>
82.0312 	EXP 	text: height = 0.05
82.0312 	EXP 	text: height = 0.05
82.0312 	EXP 	text: height = 0.05
82.0312 	EXP 	text: text = 'BLUE'
82.0312 	EXP 	fixation: autoDraw = True
82.5312 	INFO 	Keyboard events cleared
82.5308 	EXP 	fixation: autoDraw = False
82.5308 	EXP 	text: autoDraw = True
82.8820 	EXP 	New trial (rep=8, index=2): <Trial 34 (2 in rep 8) data={'word': 'BLUE', 'colour': 'red', 'stim_condition': 'I', 'correct_res': 'r', 'thisN': 34, 'thisTrialN': 2, 'thisRepN': 8}>
82.8842 	DATA 	Keypress: b
82.8971 	EXP 	fixation: autoDraw = False
82.8971 	EXP 	text: autoDraw = False
82.8971 	EXP 	text: foreColor = <psychopy.colors.Color: red, alpha=1.0>
82.8971 	EXP 	text: text = 'BLUE'
82.8971 	EXP 	fixation: autoDraw = True
83.3973 	INFO 	Keyboard events cleared
83.3967 	EXP 	fixation: autoDraw = False
83.3967 	EXP 	text: autoDraw = True
83.7647 	EXP 	New trial (rep=8, index=3): <Trial 35 (3 in rep 8) data={'word': 'RED', 'colour': 'red', 'stim_condition': 'C', 'correct_res': 'r', 'thisN': 35, 'thisTrialN': 3, 'thisRepN': 8}>
83.7721 	DATA 	Keypress: r
83.7798 	EXP 	fixation: autoDraw = False
83.7798 	EXP 	text: autoDraw = False
83.7798 	EXP 	text: foreColor = <psychopy.colors.Color: red, alpha=1.0>
83.7798 	EXP 	text: height = 0.05
83.7798 	EXP 	text: height = 0.05
83.7798 	EXP 	text: height = 0.05
83.7798 	EXP 	text: text = 'RED'
83.7798 	EXP 	fixation: autoDraw = True
84.2799 	INFO 	Keyboard events cleared
84.2794 	EXP 	fixation: autoDraw = False
84.2794 	EXP 	text: autoDraw = True
84.7637 	EXP 	New trial (rep=9, index=0): <Trial 36 (0 in rep 9) data={'word': 'RED', 'colour': 'blue', 'stim_condition': 'I', 'correct_res': 'b', 'thisN': 36, 'thisTrialN': 0, 'thisRepN': 9}>
84.7660 	DATA 	Keypress: r
84.7788 	EXP 	fixation: autoDraw = False
84.7788 	EXP 	text: autoDraw = False
84.7788 	EXP 	text: foreColor = <psychopy.colors.Color: blue, alpha=1.0>
84.7788 	EXP 	text: text = 'RED'
84.7788 	EXP 	fixation: autoDraw = True
85.2788 	INFO 	Keyboard events cleared
85.2784 	EXP 	fixation: autoDraw = False
85.2784 	EXP 	text: autoDraw = True
86.5790 	EXP 	New trial (rep=9, index=1): <Trial 37 (1 in rep 9) data={'word': 'RED', 'colour': 'red', 'stim_condition': 'C', 'correct_res': 'r', 'thisN': 37, 'thisTrialN': 1, 'thisRepN': 9}>
86.5813 	DATA 	Keypress: b
86.5938 	EXP 	fixation: autoDraw = False
86.5938 	EXP 	text: autoDraw = False
86.5938 	EXP 	text: foreColor = <psychopy.colors.Color: red, alpha=1.0>
86.5938 	EXP 	text: text = 'RED'
86.5938 	EXP 	fixation: autoDraw = True
87.0940 	INFO 	Keyboard events cleared
87.0935 	EXP 	fixation: autoDraw = False
87.0935 	EXP 	text: autoDraw = True
87.9447 	EXP 	New trial (rep=9, index=2): <Trial 38 (2 in rep 9) data={'word': 'BLUE', 'colour': 'blue', 'stim_condition': 'C', 'correct_res': 'b', 'thisN': 38, 'thisTrialN': 2, 'thisRepN': 9}>
87.9512 	DATA 	Keypress: r
87.9594 	EXP 	fixation: autoDraw = False
87.9594 	EXP 	text: autoDraw = False
87.9594 	EXP 	text: foreColor = <psychopy.colors.Color: blue, alpha=1.0>
87.9594 	EXP 	text: height = 0.05
87.9594 	EXP 	text: height = 0.05
87.9594 	EXP 	text: height = 0.05
87.9594 	EXP 	text: text = 'BLUE'
87.9594 	EXP 	fixation: autoDraw = True
88.4597 	INFO 	Keyboard events cleared
88.4591 	EXP 	fixation: autoDraw = False
88.4591 	EXP 	text: autoDraw = True
88.9102 	EXP 	New trial (rep=9, index=3): <Trial 39 (3 in rep 9) data={'word': 'BLUE', 'colour': 'red', 'stim_condition': 'I', 'correct_res': 'r', 'thisN': 39, 'thisTrialN': 3, 'thisRepN': 9}>
88.9122 	DATA 	Keypress: b
88.9253 	EXP 	fixation: autoDraw = False
88.9253 	EXP 	text: autoDraw = False
88.9253 	EXP 	text: foreColor = <psychopy.colors.Color: red, alpha=1.0>
88.9253 	EXP 	text: text = 'BLUE'
88.9253 	EXP 	fixation: autoDraw = True
89.4254 	INFO 	Keyboard events cleared
89.4250 	EXP 	fixation: autoDraw = False
89.4250 	EXP 	text: autoDraw = True
89.8931 	DATA 	Keypress: r
89.9092 	EXP 	New trial (rep=10, index=0): <Trial 40 (0 in rep 10) data={'word': 'BLUE', 'colour': 'blue', 'stim_condition': 'C', 'correct_res': 'b', 'thisN': 40, 'thisTrialN': 0, 'thisRepN': 10}>
89.9244 	EXP 	fixation: autoDraw = False
89.9244 	EXP 	text: autoDraw = False
89.9244 	EXP 	text: foreColor = <psychopy.colors.Color: blue, alpha=1.0>
89.9244 	EXP 	text: text = 'BLUE'
89.9244 	EXP 	fixation: autoDraw = True
90.4246 	INFO 	Keyboard events cleared
90.4240 	EXP 	fixation: autoDraw = False
90.4240 	EXP 	text: autoDraw = True
90.9415 	EXP 	New trial (rep=10, index=1): <Trial 41 (1 in rep 10) data={'word': 'RED', 'colour': 'blue', 'stim_condition': 'I', 'correct_res': 'b', 'thisN': 41, 'thisTrialN': 1, 'thisRepN': 10}>
90.9483 	DATA 	Keypress: b
90.9567 	EXP 	fixation: autoDraw = False
90.9567 	EXP 	text: autoDraw = False
90.9567 	EXP 	text: foreColor = <psychopy.colors.Color: blue, alpha=1.0>
90.9567 	EXP 	text: height = 0.05
90.9567 	EXP 	text: height = 0.05
90.9567 	EXP 	text: height = 0.05
90.9567 	EXP 	text: text = 'RED'
90.9567 	EXP 	fixation: autoDraw = True
91.4568 	INFO 	Keyboard events cleared
91.4563 	EXP 	fixation: autoDraw = False
91.4563 	EXP 	text: autoDraw = True
92.3089 	DATA 	Keypress: b
92.3237 	EXP 	New trial (rep=10, index=2): <Trial 42 (2 in rep 10) data={'word': 'BLUE', 'colour': 'red', 'stim_condition': 'I', 'correct_res': 'r', 'thisN': 42, 'thisTrialN': 2, 'thisRepN': 10}>
92.3389 	EXP 	fixation: autoDraw = False
92.3389 	EXP 	text: autoDraw = False
92.3389 	EXP 	text: foreColor = <psychopy.colors.Color: red, alpha=1.0>
92.3389 	EXP 	text: height = 0.05
92.3389 	EXP 	text: height = 0.05
92.3389 	EXP 	text: height = 0.05
92.3389 	EXP 	text: text = 'BLUE'
92.3389 	EXP 	fixation: autoDraw = True
92.8390 	INFO 	Keyboard events cleared
92.8385 	EXP 	fixation: autoDraw = False
92.8385 	EXP 	text: autoDraw = True
93.1236 	EXP 	New trial (rep=10, index=3): <Trial 43 (3 in rep 10) data={'word': 'RED', 'colour': 'red', 'stim_condition': 'C', 'correct_res': 'r', 'thisN': 43, 'thisTrialN': 3, 'thisRepN': 10}>
93.1306 	DATA 	Keypress: b
93.1382 	EXP 	fixation: autoDraw = False
93.1382 	EXP 	text: autoDraw = False
93.1382 	EXP 	text: foreColor = <psychopy.colors.Color: red, alpha=1.0>
93.1382 	EXP 	text: height = 0.05
93.1382 	EXP 	text: height = 0.05
93.1382 	EXP 	text: height = 0.05
93.1382 	EXP 	text: text = 'RED'
93.1382 	EXP 	fixation: autoDraw = True
93.6387 	INFO 	Keyboard events cleared
93.6379 	EXP 	fixation: autoDraw = False
93.6379 	EXP 	text: autoDraw = True
94.1554 	EXP 	New trial (rep=11, index=0): <Trial 44 (0 in rep 11) data={'word': 'RED', 'colour': 'red', 'stim_condition': 'C', 'correct_res': 'r', 'thisN': 44, 'thisTrialN': 0, 'thisRepN': 11}>
94.1579 	DATA 	Keypress: r
94.1707 	EXP 	fixation: autoDraw = False
94.1707 	EXP 	text: autoDraw = False
94.1707 	EXP 	text: foreColor = <psychopy.colors.Color: red, alpha=1.0>
94.1707 	EXP 	text: text = 'RED'
94.1707 	EXP 	fixation: autoDraw = True
94.6709 	INFO 	Keyboard events cleared
94.6704 	EXP 	fixation: autoDraw = False
94.6704 	EXP 	text: autoDraw = True
95.2214 	EXP 	New trial (rep=11, index=1): <Trial 45 (1 in rep 11) data={'word': 'RED', 'colour': 'blue', 'stim_condition': 'I', 'correct_res': 'b', 'thisN': 45, 'thisTrialN': 1, 'thisRepN': 11}>
95.2237 	DATA 	Keypress: r
95.2364 	EXP 	fixation: autoDraw = False
95.2364 	EXP 	text: autoDraw = False
95.2364 	EXP 	text: foreColor = <psychopy.colors.Color: blue, alpha=1.0>
95.2364 	EXP 	text: text = 'RED'
95.2364 	EXP 	fixation: autoDraw = True
95.7364 	INFO 	Keyboard events cleared
95.7359 	EXP 	fixation: autoDraw = False
95.7359 	EXP 	text: autoDraw = True
96.5880 	DATA 	Keypress: b
96.6033 	EXP 	New trial (rep=11, index=2): <Trial 46 (2 in rep 11) data={'word': 'BLUE', 'colour': 'blue', 'stim_condition': 'C', 'correct_res': 'b', 'thisN': 46, 'thisTrialN': 2, 'thisRepN': 11}>
96.6184 	EXP 	fixation: autoDraw = False
96.6184 	EXP 	text: autoDraw = False
96.6184 	EXP 	text: foreColor = <psychopy.colors.Color: blue, alpha=1.0>
96.6184 	EXP 	text: height = 0.05
96.6184 	EXP 	text: height = 0.05
96.6184 	EXP 	text: height = 0.05
96.6184 	EXP 	text: text = 'BLUE'
96.6184 	EXP 	fixation: autoDraw = True
97.1186 	INFO 	Keyboard events cleared
97.1181 	EXP 	fixation: autoDraw = False
97.1181 	EXP 	text: autoDraw = True
97.4359 	EXP 	New trial (rep=11, index=3): <Trial 47 (3 in rep 11) data={'word': 'BLUE', 'colour': 'red', 'stim_condition': 'I', 'correct_res': 'r', 'thisN': 47, 'thisTrialN': 3, 'thisRepN': 11}>
97.4383 	DATA 	Keypress: b
97.4511 	EXP 	fixation: autoDraw = False
97.4511 	EXP 	text: autoDraw = False
97.4511 	EXP 	text: foreColor = <psychopy.colors.Color: red, alpha=1.0>
97.4511 	EXP 	text: text = 'BLUE'
97.4511 	EXP 	fixation: autoDraw = True
97.9512 	INFO 	Keyboard events cleared
97.9507 	EXP 	fixation: autoDraw = False
97.9507 	EXP 	text: autoDraw = True
98.4353 	EXP 	New trial (rep=12, index=0): <Trial 48 (0 in rep 12) data={'word': 'RED', 'colour': 'blue', 'stim_condition': 'I', 'correct_res': 'b', 'thisN': 48, 'thisTrialN': 0, 'thisRepN': 12}>
98.4427 	DATA 	Keypress: r
98.4503 	EXP 	fixation: autoDraw = False
98.4503 	EXP 	text: autoDraw = False
98.4503 	EXP 	text: foreColor = <psychopy.colors.Color: blue, alpha=1.0>
98.4503 	EXP 	text: height = 0.05
98.4503 	EXP 	text: height = 0.05
98.4503 	EXP 	text: height = 0.05
98.4503 	EXP 	text: text = 'RED'
98.4503 	EXP 	fixation: autoDraw = True
98.9504 	INFO 	Keyboard events cleared
98.9499 	EXP 	fixation: autoDraw = False
98.9499 	EXP 	text: autoDraw = True
99.2685 	EXP 	New trial (rep=12, index=1): <Trial 49 (1 in rep 12) data={'word': 'BLUE', 'colour': 'red', 'stim_condition': 'I', 'correct_res': 'r', 'thisN': 49, 'thisTrialN': 1, 'thisRepN': 12}>
99.2744 	DATA 	Keypress: r
99.2829 	EXP 	fixation: autoDraw = False
99.2829 	EXP 	text: autoDraw = False
99.2829 	EXP 	text: foreColor = <psychopy.colors.Color: red, alpha=1.0>
99.2829 	EXP 	text: height = 0.05
99.2829 	EXP 	text: height = 0.05
99.2829 	EXP 	text: height = 0.05
99.2829 	EXP 	text: text = 'BLUE'
99.2829 	EXP 	fixation: autoDraw = True
99.5180 	DATA 	Keypress: b
99.7831 	INFO 	Keyboard events cleared
99.7826 	EXP 	fixation: autoDraw = False
99.7826 	EXP 	text: autoDraw = True
100.7496 	EXP 	New trial (rep=12, index=2): <Trial 50 (2 in rep 12) data={'word': 'BLUE', 'colour': 'blue', 'stim_condition': 'C', 'correct_res': 'b', 'thisN': 50, 'thisTrialN': 2, 'thisRepN': 12}>
100.7518 	DATA 	Keypress: r
100.7649 	EXP 	fixation: autoDraw = False
100.7649 	EXP 	text: autoDraw = False
100.7649 	EXP 	text: foreColor = <psychopy.colors.Color: blue, alpha=1.0>
100.7649 	EXP 	text: text = 'BLUE'
100.7649 	EXP 	fixation: autoDraw = True
101.2650 	INFO 	Keyboard events cleared
101.2645 	EXP 	fixation: autoDraw = False
101.2645 	EXP 	text: autoDraw = True
101.7000 	DATA 	Keypress: b
101.7153 	EXP 	New trial (rep=12, index=3): <Trial 51 (3 in rep 12) data={'word': 'RED', 'colour': 'red', 'stim_condition': 'C', 'correct_res': 'r', 'thisN': 51, 'thisTrialN': 3, 'thisRepN': 12}>
101.7306 	EXP 	fixation: autoDraw = False
101.7306 	EXP 	text: autoDraw = False
101.7306 	EXP 	text: foreColor = <psychopy.colors.Color: red, alpha=1.0>
101.7306 	EXP 	text: height = 0.05
101.7306 	EXP 	text: height = 0.05
101.7306 	EXP 	text: height = 0.05
101.7306 	EXP 	text: text = 'RED'
101.7306 	EXP 	fixation: autoDraw = True
102.2307 	INFO 	Keyboard events cleared
102.2302 	EXP 	fixation: autoDraw = False
102.2302 	EXP 	text: autoDraw = True
103.0978 	EXP 	New trial (rep=13, index=0): <Trial 52 (0 in rep 13) data={'word': 'RED', 'colour': 'blue', 'stim_condition': 'I', 'correct_res': 'b', 'thisN': 52, 'thisTrialN': 0, 'thisRepN': 13}>
103.1000 	DATA 	Keypress: r
103.1128 	EXP 	fixation: autoDraw = False
103.1128 	EXP 	text: autoDraw = False
103.1128 	EXP 	text: foreColor = <psychopy.colors.Color: blue, alpha=1.0>
103.1128 	EXP 	text: text = 'RED'
103.1128 	EXP 	fixation: autoDraw = True
103.6128 	INFO 	Keyboard events cleared
103.6124 	EXP 	fixation: autoDraw = False
103.6124 	EXP 	text: autoDraw = True
104.2470 	EXP 	New trial (rep=13, index=1): <Trial 53 (1 in rep 13) data={'word': 'BLUE', 'colour': 'blue', 'stim_condition': 'C', 'correct_res': 'b', 'thisN': 53, 'thisTrialN': 1, 'thisRepN': 13}>
104.2525 	DATA 	Keypress: b
104.2619 	EXP 	fixation: autoDraw = False
104.2619 	EXP 	text: autoDraw = False
104.2619 	EXP 	text: foreColor = <psychopy.colors.Color: blue, alpha=1.0>
104.2619 	EXP 	text: height = 0.05
104.2619 	EXP 	text: height = 0.05
104.2619 	EXP 	text: height = 0.05
104.2619 	EXP 	text: text = 'BLUE'
104.2619 	EXP 	fixation: autoDraw = True
104.7620 	INFO 	Keyboard events cleared
104.7616 	EXP 	fixation: autoDraw = False
104.7616 	EXP 	text: autoDraw = True
105.1626 	EXP 	New trial (rep=13, index=2): <Trial 54 (2 in rep 13) data={'word': 'BLUE', 'colour': 'red', 'stim_condition': 'I', 'correct_res': 'r', 'thisN': 54, 'thisTrialN': 2, 'thisRepN': 13}>
105.1648 	DATA 	Keypress: b
105.1777 	EXP 	fixation: autoDraw = False
105.1777 	EXP 	text: autoDraw = False
105.1777 	EXP 	text: foreColor = <psychopy.colors.Color: red, alpha=1.0>
105.1777 	EXP 	text: text = 'BLUE'
105.1777 	EXP 	fixation: autoDraw = True
105.6777 	INFO 	Keyboard events cleared
105.6772 	EXP 	fixation: autoDraw = False
105.6772 	EXP 	text: autoDraw = True
106.1287 	EXP 	New trial (rep=13, index=3): <Trial 55 (3 in rep 13) data={'word': 'RED', 'colour': 'red', 'stim_condition': 'C', 'correct_res': 'r', 'thisN': 55, 'thisTrialN': 3, 'thisRepN': 13}>
106.1352 	DATA 	Keypress: r
106.1434 	EXP 	fixation: autoDraw = False
106.1434 	EXP 	text: autoDraw = False
106.1434 	EXP 	text: foreColor = <psychopy.colors.Color: red, alpha=1.0>
106.1434 	EXP 	text: height = 0.05
106.1434 	EXP 	text: height = 0.05
106.1434 	EXP 	text: height = 0.05
106.1434 	EXP 	text: text = 'RED'
106.1434 	EXP 	fixation: autoDraw = True
106.6436 	INFO 	Keyboard events cleared
106.6431 	EXP 	fixation: autoDraw = False
106.6431 	EXP 	text: autoDraw = True
107.0112 	EXP 	New trial (rep=14, index=0): <Trial 56 (0 in rep 14) data={'word': 'RED', 'colour': 'red', 'stim_condition': 'C', 'correct_res': 'r', 'thisN': 56, 'thisTrialN': 0, 'thisRepN': 14}>
107.0134 	DATA 	Keypress: r
107.0260 	EXP 	fixation: autoDraw = False
107.0260 	EXP 	text: autoDraw = False
107.0260 	EXP 	text: foreColor = <psychopy.colors.Color: red, alpha=1.0>
107.0260 	EXP 	text: text = 'RED'
107.0260 	EXP 	fixation: autoDraw = True
107.5263 	INFO 	Keyboard events cleared
107.5257 	EXP 	fixation: autoDraw = False
107.5257 	EXP 	text: autoDraw = True
107.8436 	EXP 	New trial (rep=14, index=1): <Trial 57 (1 in rep 14) data={'word': 'BLUE', 'colour': 'red', 'stim_condition': 'I', 'correct_res': 'r', 'thisN': 57, 'thisTrialN': 1, 'thisRepN': 14}>
107.8498 	DATA 	Keypress: r
107.8587 	EXP 	fixation: autoDraw = False
107.8587 	EXP 	text: autoDraw = False
107.8587 	EXP 	text: foreColor = <psychopy.colors.Color: red, alpha=1.0>
107.8587 	EXP 	text: height = 0.05
107.8587 	EXP 	text: height = 0.05
107.8587 	EXP 	text: height = 0.05
107.8587 	EXP 	text: text = 'BLUE'
107.8587 	EXP 	fixation: autoDraw = True
108.3587 	INFO 	Keyboard events cleared
108.3583 	EXP 	fixation: autoDraw = False
108.3583 	EXP 	text: autoDraw = True
108.7096 	EXP 	New trial (rep=14, index=2): <Trial 58 (2 in rep 14) data={'word': 'RED', 'colour': 'blue', 'stim_condition': 'I', 'correct_res': 'b', 'thisN': 58, 'thisTrialN': 2, 'thisRepN': 14}>
108.7164 	DATA 	Keypress: r
108.7247 	EXP 	fixation: autoDraw = False
108.7247 	EXP 	text: autoDraw = False
108.7247 	EXP 	text: foreColor = <psychopy.colors.Color: blue, alpha=1.0>
108.7247 	EXP 	text: height = 0.05
108.7247 	EXP 	text: height = 0.05
108.7247 	EXP 	text: height = 0.05
108.7247 	EXP 	text: text = 'RED'
108.7247 	EXP 	fixation: autoDraw = True
109.2247 	INFO 	Keyboard events cleared
109.2243 	EXP 	fixation: autoDraw = False
109.2243 	EXP 	text: autoDraw = True
109.5258 	EXP 	New trial (rep=14, index=3): <Trial 59 (3 in rep 14) data={'word': 'BLUE', 'colour': 'blue', 'stim_condition': 'C', 'correct_res': 'b', 'thisN': 59, 'thisTrialN': 3, 'thisRepN': 14}>
109.5321 	DATA 	Keypress: b
109.5407 	EXP 	fixation: autoDraw = False
109.5407 	EXP 	text: autoDraw = False
109.5407 	EXP 	text: foreColor = <psychopy.colors.Color: blue, alpha=1.0>
109.5407 	EXP 	text: height = 0.05
109.5407 	EXP 	text: height = 0.05
109.5407 	EXP 	text: height = 0.05
109.5407 	EXP 	text: text = 'BLUE'
109.5407 	EXP 	fixation: autoDraw = True
110.0408 	INFO 	Keyboard events cleared
110.0403 	EXP 	fixation: autoDraw = False
110.0403 	EXP 	text: autoDraw = True
110.4917 	EXP 	New trial (rep=15, index=0): <Trial 60 (0 in rep 15) data={'word': 'BLUE', 'colour': 'blue', 'stim_condition': 'C', 'correct_res': 'b', 'thisN': 60, 'thisTrialN': 0, 'thisRepN': 15}>
110.4939 	DATA 	Keypress: b
110.5064 	EXP 	fixation: autoDraw = False
110.5064 	EXP 	text: autoDraw = False
110.5064 	EXP 	text: foreColor = <psychopy.colors.Color: blue, alpha=1.0>
110.5064 	EXP 	text: text = 'BLUE'
110.5064 	EXP 	fixation: autoDraw = True
111.0064 	INFO 	Keyboard events cleared
111.0059 	EXP 	fixation: autoDraw = False
111.0059 	EXP 	text: autoDraw = True
111.3076 	EXP 	New trial (rep=15, index=1): <Trial 61 (1 in rep 15) data={'word': 'RED', 'colour': 'blue', 'stim_condition': 'I', 'correct_res': 'b', 'thisN': 61, 'thisTrialN': 1, 'thisRepN': 15}>
111.3140 	DATA 	Keypress: b
111.3223 	EXP 	fixation: autoDraw = False
111.3223 	EXP 	text: autoDraw = False
111.3223 	EXP 	text: foreColor = <psychopy.colors.Color: blue, alpha=1.0>
111.3223 	EXP 	text: height = 0.05
111.3223 	EXP 	text: height = 0.05
111.3223 	EXP 	text: height = 0.05
111.3223 	EXP 	text: text = 'RED'
111.3223 	EXP 	fixation: autoDraw = True
111.8225 	INFO 	Keyboard events cleared
111.8219 	EXP 	fixation: autoDraw = False
111.8219 	EXP 	text: autoDraw = True
112.1899 	EXP 	New trial (rep=15, index=2): <Trial 62 (2 in rep 15) data={'word': 'BLUE', 'colour': 'red', 'stim_condition': 'I', 'correct_res': 'r', 'thisN': 62, 'thisTrialN': 2, 'thisRepN': 15}>
112.1965 	DATA 	Keypress: b
112.2049 	EXP 	fixation: autoDraw = False
112.2049 	EXP 	text: autoDraw = False
112.2049 	EXP 	text: foreColor = <psychopy.colors.Color: red, alpha=1.0>
112.2049 	EXP 	text: height = 0.05
112.2049 	EXP 	text: height = 0.05
112.2049 	EXP 	text: height = 0.05
112.2049 	EXP 	text: text = 'BLUE'
112.2049 	EXP 	fixation: autoDraw = True
112.7050 	INFO 	Keyboard events cleared
112.7044 	EXP 	fixation: autoDraw = False
112.7044 	EXP 	text: autoDraw = True
113.0556 	EXP 	New trial (rep=15, index=3): <Trial 63 (3 in rep 15) data={'word': 'RED', 'colour': 'red', 'stim_condition': 'C', 'correct_res': 'r', 'thisN': 63, 'thisTrialN': 3, 'thisRepN': 15}>
113.0624 	DATA 	Keypress: r
113.0708 	EXP 	fixation: autoDraw = False
113.0708 	EXP 	text: autoDraw = False
113.0708 	EXP 	text: foreColor = <psychopy.colors.Color: red, alpha=1.0>
113.0708 	EXP 	text: height = 0.05
113.0708 	EXP 	text: height = 0.05
113.0708 	EXP 	text: height = 0.05
113.0708 	EXP 	text: text = 'RED'
113.0708 	EXP 	fixation: autoDraw = True
113.5709 	INFO 	Keyboard events cleared
113.5704 	EXP 	fixation: autoDraw = False
113.5704 	EXP 	text: autoDraw = True
113.8218 	EXP 	New trial (rep=16, index=0): <Trial 64 (0 in rep 16) data={'word': 'BLUE', 'colour': 'red', 'stim_condition': 'I', 'correct_res': 'r', 'thisN': 64, 'thisTrialN': 0, 'thisRepN': 16}>
113.8281 	DATA 	Keypress: r
113.8369 	EXP 	fixation: autoDraw = False
113.8369 	EXP 	text: autoDraw = False
113.8369 	EXP 	text: foreColor = <psychopy.colors.Color: red, alpha=1.0>
113.8369 	EXP 	text: height = 0.05
113.8369 	EXP 	text: height = 0.05
113.8369 	EXP 	text: height = 0.05
113.8369 	EXP 	text: text = 'BLUE'
113.8369 	EXP 	fixation: autoDraw = True
114.3377 	INFO 	Keyboard events cleared
114.3368 	EXP 	fixation: autoDraw = False
114.3368 	EXP 	text: autoDraw = True
114.5881 	EXP 	New trial (rep=16, index=1): <Trial 65 (1 in rep 16) data={'word': 'RED', 'colour': 'red', 'stim_condition': 'C', 'correct_res': 'r', 'thisN': 65, 'thisTrialN': 1, 'thisRepN': 16}>
114.5952 	DATA 	Keypress: r
114.6029 	EXP 	fixation: autoDraw = False
114.6029 	EXP 	text: autoDraw = False
114.6029 	EXP 	text: foreColor = <psychopy.colors.Color: red, alpha=1.0>
114.6029 	EXP 	text: height = 0.05
114.6029 	EXP 	text: height = 0.05
114.6029 	EXP 	text: height = 0.05
114.6029 	EXP 	text: text = 'RED'
114.6029 	EXP 	fixation: autoDraw = True
115.1029 	INFO 	Keyboard events cleared
115.1026 	EXP 	fixation: autoDraw = False
115.1026 	EXP 	text: autoDraw = True
115.6374 	EXP 	New trial (rep=16, index=2): <Trial 66 (2 in rep 16) data={'word': 'RED', 'colour': 'blue', 'stim_condition': 'I', 'correct_res': 'b', 'thisN': 66, 'thisTrialN': 2, 'thisRepN': 16}>
115.6398 	DATA 	Keypress: r
115.6518 	EXP 	fixation: autoDraw = False
115.6518 	EXP 	text: autoDraw = False
115.6518 	EXP 	text: foreColor = <psychopy.colors.Color: blue, alpha=1.0>
115.6518 	EXP 	text: text = 'RED'
115.6518 	EXP 	fixation: autoDraw = True
116.1519 	INFO 	Keyboard events cleared
116.1514 	EXP 	fixation: autoDraw = False
116.1514 	EXP 	text: autoDraw = True
117.2352 	EXP 	New trial (rep=16, index=3): <Trial 67 (3 in rep 16) data={'word': 'BLUE', 'colour': 'blue', 'stim_condition': 'C', 'correct_res': 'b', 'thisN': 67, 'thisTrialN': 3, 'thisRepN': 16}>
117.2414 	DATA 	Keypress: b
117.2505 	EXP 	fixation: autoDraw = False
117.2505 	EXP 	text: autoDraw = False
117.2505 	EXP 	text: foreColor = <psychopy.colors.Color: blue, alpha=1.0>
117.2505 	EXP 	text: height = 0.05
117.2505 	EXP 	text: height = 0.05
117.2505 	EXP 	text: height = 0.05
117.2505 	EXP 	text: text = 'BLUE'
117.2505 	EXP 	fixation: autoDraw = True
117.7506 	INFO 	Keyboard events cleared
117.7501 	EXP 	fixation: autoDraw = False
117.7501 	EXP 	text: autoDraw = True
118.5011 	EXP 	New trial (rep=17, index=0): <Trial 68 (0 in rep 17) data={'word': 'BLUE', 'colour': 'blue', 'stim_condition': 'C', 'correct_res': 'b', 'thisN': 68, 'thisTrialN': 0, 'thisRepN': 17}>
118.5032 	DATA 	Keypress: b
118.5161 	EXP 	fixation: autoDraw = False
118.5161 	EXP 	text: autoDraw = False
118.5161 	EXP 	text: foreColor = <psychopy.colors.Color: blue, alpha=1.0>
118.5161 	EXP 	text: text = 'BLUE'
118.5161 	EXP 	fixation: autoDraw = True
119.0162 	INFO 	Keyboard events cleared
119.0157 	EXP 	fixation: autoDraw = False
119.0157 	EXP 	text: autoDraw = True
119.5170 	EXP 	New trial (rep=17, index=1): <Trial 69 (1 in rep 17) data={'word': 'BLUE', 'colour': 'red', 'stim_condition': 'I', 'correct_res': 'r', 'thisN': 69, 'thisTrialN': 1, 'thisRepN': 17}>
119.5194 	DATA 	Keypress: b
119.5320 	EXP 	fixation: autoDraw = False
119.5320 	EXP 	text: autoDraw = False
119.5320 	EXP 	text: foreColor = <psychopy.colors.Color: red, alpha=1.0>
119.5320 	EXP 	text: text = 'BLUE'
119.5320 	EXP 	fixation: autoDraw = True
120.0321 	INFO 	Keyboard events cleared
120.0316 	EXP 	fixation: autoDraw = False
120.0316 	EXP 	text: autoDraw = True
120.3160 	EXP 	New trial (rep=17, index=2): <Trial 70 (2 in rep 17) data={'word': 'RED', 'colour': 'red', 'stim_condition': 'C', 'correct_res': 'r', 'thisN': 70, 'thisTrialN': 2, 'thisRepN': 17}>
120.3228 	DATA 	Keypress: b
120.3311 	EXP 	fixation: autoDraw = False
120.3311 	EXP 	text: autoDraw = False
120.3311 	EXP 	text: foreColor = <psychopy.colors.Color: red, alpha=1.0>
120.3311 	EXP 	text: height = 0.05
120.3311 	EXP 	text: height = 0.05
120.3311 	EXP 	text: height = 0.05
120.3311 	EXP 	text: text = 'RED'
120.3311 	EXP 	fixation: autoDraw = True
120.8314 	INFO 	Keyboard events cleared
120.8309 	EXP 	fixation: autoDraw = False
120.8309 	EXP 	text: autoDraw = True
121.3151 	EXP 	New trial (rep=17, index=3): <Trial 71 (3 in rep 17) data={'word': 'RED', 'colour': 'blue', 'stim_condition': 'I', 'correct_res': 'b', 'thisN': 71, 'thisTrialN': 3, 'thisRepN': 17}>
121.3176 	DATA 	Keypress: r
121.3302 	EXP 	fixation: autoDraw = False
121.3302 	EXP 	text: autoDraw = False
121.3302 	EXP 	text: foreColor = <psychopy.colors.Color: blue, alpha=1.0>
121.3302 	EXP 	text: text = 'RED'
121.3302 	EXP 	fixation: autoDraw = True
121.8303 	INFO 	Keyboard events cleared
121.8298 	EXP 	fixation: autoDraw = False
121.8298 	EXP 	text: autoDraw = True
122.0982 	EXP 	New trial (rep=18, index=0): <Trial 72 (0 in rep 18) data={'word': 'BLUE', 'colour': 'red', 'stim_condition': 'I', 'correct_res': 'r', 'thisN': 72, 'thisTrialN': 0, 'thisRepN': 18}>
122.1038 	DATA 	Keypress: r
122.1129 	EXP 	fixation: autoDraw = False
122.1129 	EXP 	text: autoDraw = False
122.1129 	EXP 	text: foreColor = <psychopy.colors.Color: red, alpha=1.0>
122.1129 	EXP 	text: height = 0.05
122.1129 	EXP 	text: height = 0.05
122.1129 	EXP 	text: height = 0.05
122.1129 	EXP 	text: text = 'BLUE'
122.1129 	EXP 	fixation: autoDraw = True
122.5482 	DATA 	Keypress: b
122.6129 	INFO 	Keyboard events cleared
122.6125 	EXP 	fixation: autoDraw = False
122.6125 	EXP 	text: autoDraw = True
124.7303 	EXP 	New trial (rep=18, index=1): <Trial 73 (1 in rep 18) data={'word': 'RED', 'colour': 'blue', 'stim_condition': 'I', 'correct_res': 'b', 'thisN': 73, 'thisTrialN': 1, 'thisRepN': 18}>
124.7373 	DATA 	Keypress: b
124.7441 	EXP 	fixation: autoDraw = False
124.7441 	EXP 	text: autoDraw = False
124.7441 	EXP 	text: foreColor = <psychopy.colors.Color: blue, alpha=1.0>
124.7441 	EXP 	text: height = 0.05
124.7441 	EXP 	text: height = 0.05
124.7441 	EXP 	text: height = 0.05
124.7441 	EXP 	text: text = 'RED'
124.7441 	EXP 	fixation: autoDraw = True
125.2442 	INFO 	Keyboard events cleared
125.2437 	EXP 	fixation: autoDraw = False
125.2437 	EXP 	text: autoDraw = True
126.5277 	EXP 	New trial (rep=18, index=2): <Trial 74 (2 in rep 18) data={'word': 'BLUE', 'colour': 'blue', 'stim_condition': 'C', 'correct_res': 'b', 'thisN': 74, 'thisTrialN': 2, 'thisRepN': 18}>
126.5339 	DATA 	Keypress: b
126.5424 	EXP 	fixation: autoDraw = False
126.5424 	EXP 	text: autoDraw = False
126.5424 	EXP 	text: foreColor = <psychopy.colors.Color: blue, alpha=1.0>
126.5424 	EXP 	text: height = 0.05
126.5424 	EXP 	text: height = 0.05
126.5424 	EXP 	text: height = 0.05
126.5424 	EXP 	text: text = 'BLUE'
126.5424 	EXP 	fixation: autoDraw = True
127.0424 	INFO 	Keyboard events cleared
127.0419 	EXP 	fixation: autoDraw = False
127.0419 	EXP 	text: autoDraw = True
127.4764 	EXP 	New trial (rep=18, index=3): <Trial 75 (3 in rep 18) data={'word': 'RED', 'colour': 'red', 'stim_condition': 'C', 'correct_res': 'r', 'thisN': 75, 'thisTrialN': 3, 'thisRepN': 18}>
127.4828 	DATA 	Keypress: b
127.4911 	EXP 	fixation: autoDraw = False
127.4911 	EXP 	text: autoDraw = False
127.4911 	EXP 	text: foreColor = <psychopy.colors.Color: red, alpha=1.0>
127.4911 	EXP 	text: height = 0.05
127.4911 	EXP 	text: height = 0.05
127.4911 	EXP 	text: height = 0.05
127.4911 	EXP 	text: text = 'RED'
127.4911 	EXP 	fixation: autoDraw = True
127.9913 	INFO 	Keyboard events cleared
127.9907 	EXP 	fixation: autoDraw = False
127.9907 	EXP 	text: autoDraw = True
128.4923 	EXP 	New trial (rep=19, index=0): <Trial 76 (0 in rep 19) data={'word': 'BLUE', 'colour': 'blue', 'stim_condition': 'C', 'correct_res': 'b', 'thisN': 76, 'thisTrialN': 0, 'thisRepN': 19}>
128.4979 	DATA 	Keypress: r
128.5073 	EXP 	fixation: autoDraw = False
128.5073 	EXP 	text: autoDraw = False
128.5073 	EXP 	text: foreColor = <psychopy.colors.Color: blue, alpha=1.0>
128.5073 	EXP 	text: height = 0.05
128.5073 	EXP 	text: height = 0.05
128.5073 	EXP 	text: height = 0.05
128.5073 	EXP 	text: text = 'BLUE'
128.5073 	EXP 	fixation: autoDraw = True
129.0071 	INFO 	Keyboard events cleared
129.0066 	EXP 	fixation: autoDraw = False
129.0066 	EXP 	text: autoDraw = True
129.4916 	EXP 	New trial (rep=19, index=1): <Trial 77 (1 in rep 19) data={'word': 'RED', 'colour': 'red', 'stim_condition': 'C', 'correct_res': 'r', 'thisN': 77, 'thisTrialN': 1, 'thisRepN': 19}>
129.4984 	DATA 	Keypress: b
129.5062 	EXP 	fixation: autoDraw = False
129.5062 	EXP 	text: autoDraw = False
129.5062 	EXP 	text: foreColor = <psychopy.colors.Color: red, alpha=1.0>
129.5062 	EXP 	text: height = 0.05
129.5062 	EXP 	text: height = 0.05
129.5062 	EXP 	text: height = 0.05
129.5062 	EXP 	text: text = 'RED'
129.5062 	EXP 	fixation: autoDraw = True
130.0063 	INFO 	Keyboard events cleared
130.0057 	EXP 	fixation: autoDraw = False
130.0057 	EXP 	text: autoDraw = True
130.6571 	EXP 	New trial (rep=19, index=2): <Trial 78 (2 in rep 19) data={'word': 'RED', 'colour': 'blue', 'stim_condition': 'I', 'correct_res': 'b', 'thisN': 78, 'thisTrialN': 2, 'thisRepN': 19}>
130.6594 	DATA 	Keypress: r
130.6721 	EXP 	fixation: autoDraw = False
130.6721 	EXP 	text: autoDraw = False
130.6721 	EXP 	text: foreColor = <psychopy.colors.Color: blue, alpha=1.0>
130.6721 	EXP 	text: text = 'RED'
130.6721 	EXP 	fixation: autoDraw = True
131.1721 	INFO 	Keyboard events cleared
131.1717 	EXP 	fixation: autoDraw = False
131.1717 	EXP 	text: autoDraw = True
131.7563 	EXP 	New trial (rep=19, index=3): <Trial 79 (3 in rep 19) data={'word': 'BLUE', 'colour': 'red', 'stim_condition': 'I', 'correct_res': 'r', 'thisN': 79, 'thisTrialN': 3, 'thisRepN': 19}>
131.7639 	DATA 	Keypress: b
131.7711 	EXP 	fixation: autoDraw = False
131.7711 	EXP 	text: autoDraw = False
131.7711 	EXP 	text: foreColor = <psychopy.colors.Color: red, alpha=1.0>
131.7711 	EXP 	text: height = 0.05
131.7711 	EXP 	text: height = 0.05
131.7711 	EXP 	text: height = 0.05
131.7711 	EXP 	text: text = 'BLUE'
131.7711 	EXP 	fixation: autoDraw = True
132.2709 	INFO 	Keyboard events cleared
132.2703 	EXP 	fixation: autoDraw = False
132.2703 	EXP 	text: autoDraw = True
132.7553 	EXP 	New trial (rep=20, index=0): <Trial 80 (0 in rep 20) data={'word': 'BLUE', 'colour': 'blue', 'stim_condition': 'C', 'correct_res': 'b', 'thisN': 80, 'thisTrialN': 0, 'thisRepN': 20}>
132.7577 	DATA 	Keypress: r
132.7698 	EXP 	fixation: autoDraw = False
132.7698 	EXP 	text: autoDraw = False
132.7698 	EXP 	text: foreColor = <psychopy.colors.Color: blue, alpha=1.0>
132.7698 	EXP 	text: text = 'BLUE'
132.7698 	EXP 	fixation: autoDraw = True
133.2705 	INFO 	Keyboard events cleared
133.2699 	EXP 	fixation: autoDraw = False
133.2699 	EXP 	text: autoDraw = True
133.8212 	EXP 	New trial (rep=20, index=1): <Trial 81 (1 in rep 20) data={'word': 'BLUE', 'colour': 'red', 'stim_condition': 'I', 'correct_res': 'r', 'thisN': 81, 'thisTrialN': 1, 'thisRepN': 20}>
133.8234 	DATA 	Keypress: b
133.8361 	EXP 	fixation: autoDraw = False
133.8361 	EXP 	text: autoDraw = False
133.8361 	EXP 	text: foreColor = <psychopy.colors.Color: red, alpha=1.0>
133.8361 	EXP 	text: text = 'BLUE'
133.8361 	EXP 	fixation: autoDraw = True
134.3362 	INFO 	Keyboard events cleared
134.3358 	EXP 	fixation: autoDraw = False
134.3358 	EXP 	text: autoDraw = True
135.2863 	EXP 	New trial (rep=20, index=2): <Trial 82 (2 in rep 20) data={'word': 'RED', 'colour': 'blue', 'stim_condition': 'I', 'correct_res': 'b', 'thisN': 82, 'thisTrialN': 2, 'thisRepN': 20}>
135.2932 	DATA 	Keypress: r
135.3016 	EXP 	fixation: autoDraw = False
135.3016 	EXP 	text: autoDraw = False
135.3016 	EXP 	text: foreColor = <psychopy.colors.Color: blue, alpha=1.0>
135.3016 	EXP 	text: height = 0.05
135.3016 	EXP 	text: height = 0.05
135.3016 	EXP 	text: height = 0.05
135.3016 	EXP 	text: text = 'RED'
135.3016 	EXP 	fixation: autoDraw = True
135.8016 	INFO 	Keyboard events cleared
135.8011 	EXP 	fixation: autoDraw = False
135.8011 	EXP 	text: autoDraw = True
136.1856 	EXP 	New trial (rep=20, index=3): <Trial 83 (3 in rep 20) data={'word': 'RED', 'colour': 'red', 'stim_condition': 'C', 'correct_res': 'r', 'thisN': 83, 'thisTrialN': 3, 'thisRepN': 20}>
136.1882 	DATA 	Keypress: b
136.2007 	EXP 	fixation: autoDraw = False
136.2007 	EXP 	text: autoDraw = False
136.2007 	EXP 	text: foreColor = <psychopy.colors.Color: red, alpha=1.0>
136.2007 	EXP 	text: text = 'RED'
136.2007 	EXP 	fixation: autoDraw = True
136.7008 	INFO 	Keyboard events cleared
136.7003 	EXP 	fixation: autoDraw = False
136.7003 	EXP 	text: autoDraw = True
137.5011 	EXP 	New trial (rep=21, index=0): <Trial 84 (0 in rep 21) data={'word': 'RED', 'colour': 'red', 'stim_condition': 'C', 'correct_res': 'r', 'thisN': 84, 'thisTrialN': 0, 'thisRepN': 21}>
137.5032 	DATA 	Keypress: r
137.5162 	EXP 	fixation: autoDraw = False
137.5162 	EXP 	text: autoDraw = False
137.5162 	EXP 	text: foreColor = <psychopy.colors.Color: red, alpha=1.0>
137.5162 	EXP 	text: text = 'RED'
137.5162 	EXP 	fixation: autoDraw = True
138.0163 	INFO 	Keyboard events cleared
138.0157 	EXP 	fixation: autoDraw = False
138.0157 	EXP 	text: autoDraw = True
138.4169 	EXP 	New trial (rep=21, index=1): <Trial 85 (1 in rep 21) data={'word': 'BLUE', 'colour': 'blue', 'stim_condition': 'C', 'correct_res': 'b', 'thisN': 85, 'thisTrialN': 1, 'thisRepN': 21}>
138.4230 	DATA 	Keypress: r
138.4320 	EXP 	fixation: autoDraw = False
138.4320 	EXP 	text: autoDraw = False
138.4320 	EXP 	text: foreColor = <psychopy.colors.Color: blue, alpha=1.0>
138.4320 	EXP 	text: height = 0.05
138.4320 	EXP 	text: height = 0.05
138.4320 	EXP 	text: height = 0.05
138.4320 	EXP 	text: text = 'BLUE'
138.4320 	EXP 	fixation: autoDraw = True
138.9321 	INFO 	Keyboard events cleared
138.9316 	EXP 	fixation: autoDraw = False
138.9316 	EXP 	text: autoDraw = True
139.4663 	EXP 	New trial (rep=21, index=2): <Trial 86 (2 in rep 21) data={'word': 'RED', 'colour': 'blue', 'stim_condition': 'I', 'correct_res': 'b', 'thisN': 86, 'thisTrialN': 2, 'thisRepN': 21}>
139.4729 	DATA 	Keypress: b
139.4812 	EXP 	fixation: autoDraw = False
139.4812 	EXP 	text: autoDraw = False
139.4812 	EXP 	text: foreColor = <psychopy.colors.Color: blue, alpha=1.0>
139.4812 	EXP 	text: height = 0.05
139.4812 	EXP 	text: height = 0.05
139.4812 	EXP 	text: height = 0.05
139.4812 	EXP 	text: text = 'RED'
139.4812 	EXP 	fixation: autoDraw = True
139.9813 	INFO 	Keyboard events cleared
139.9808 	EXP 	fixation: autoDraw = False
139.9808 	EXP 	text: autoDraw = True
140.3988 	EXP 	New trial (rep=21, index=3): <Trial 87 (3 in rep 21) data={'word': 'BLUE', 'colour': 'red', 'stim_condition': 'I', 'correct_res': 'r', 'thisN': 87, 'thisTrialN': 3, 'thisRepN': 21}>
140.4054 	DATA 	Keypress: b
140.4138 	EXP 	fixation: autoDraw = False
140.4138 	EXP 	text: autoDraw = False
140.4138 	EXP 	text: foreColor = <psychopy.colors.Color: red, alpha=1.0>
140.4138 	EXP 	text: height = 0.05
140.4138 	EXP 	text: height = 0.05
140.4138 	EXP 	text: height = 0.05
140.4138 	EXP 	text: text = 'BLUE'
140.4138 	EXP 	fixation: autoDraw = True
140.9138 	INFO 	Keyboard events cleared
140.9133 	EXP 	fixation: autoDraw = False
140.9133 	EXP 	text: autoDraw = True
141.3312 	EXP 	New trial (rep=22, index=0): <Trial 88 (0 in rep 22) data={'word': 'RED', 'colour': 'red', 'stim_condition': 'C', 'correct_res': 'r', 'thisN': 88, 'thisTrialN': 0, 'thisRepN': 22}>
141.3381 	DATA 	Keypress: r
141.3459 	EXP 	fixation: autoDraw = False
141.3459 	EXP 	text: autoDraw = False
141.3459 	EXP 	text: foreColor = <psychopy.colors.Color: red, alpha=1.0>
141.3459 	EXP 	text: height = 0.05
141.3459 	EXP 	text: height = 0.05
141.3459 	EXP 	text: height = 0.05
141.3459 	EXP 	text: text = 'RED'
141.3459 	EXP 	fixation: autoDraw = True
141.8460 	INFO 	Keyboard events cleared
141.8452 	EXP 	fixation: autoDraw = False
141.8452 	EXP 	text: autoDraw = True
142.2635 	EXP 	New trial (rep=22, index=1): <Trial 89 (1 in rep 22) data={'word': 'RED', 'colour': 'blue', 'stim_condition': 'I', 'correct_res': 'b', 'thisN': 89, 'thisTrialN': 1, 'thisRepN': 22}>
142.2658 	DATA 	Keypress: r
142.2787 	EXP 	fixation: autoDraw = False
142.2787 	EXP 	text: autoDraw = False
142.2787 	EXP 	text: foreColor = <psychopy.colors.Color: blue, alpha=1.0>
142.2787 	EXP 	text: text = 'RED'
142.2787 	EXP 	fixation: autoDraw = True
142.7787 	INFO 	Keyboard events cleared
142.7782 	EXP 	fixation: autoDraw = False
142.7782 	EXP 	text: autoDraw = True
143.1960 	EXP 	New trial (rep=22, index=2): <Trial 90 (2 in rep 22) data={'word': 'BLUE', 'colour': 'blue', 'stim_condition': 'C', 'correct_res': 'b', 'thisN': 90, 'thisTrialN': 2, 'thisRepN': 22}>
143.2020 	DATA 	Keypress: b
143.2112 	EXP 	fixation: autoDraw = False
143.2112 	EXP 	text: autoDraw = False
143.2112 	EXP 	text: foreColor = <psychopy.colors.Color: blue, alpha=1.0>
143.2112 	EXP 	text: height = 0.05
143.2112 	EXP 	text: height = 0.05
143.2112 	EXP 	text: height = 0.05
143.2112 	EXP 	text: text = 'BLUE'
143.2112 	EXP 	fixation: autoDraw = True
143.7113 	INFO 	Keyboard events cleared
143.7108 	EXP 	fixation: autoDraw = False
143.7108 	EXP 	text: autoDraw = True
144.1458 	EXP 	New trial (rep=22, index=3): <Trial 91 (3 in rep 22) data={'word': 'BLUE', 'colour': 'red', 'stim_condition': 'I', 'correct_res': 'r', 'thisN': 91, 'thisTrialN': 3, 'thisRepN': 22}>
144.1485 	DATA 	Keypress: b
144.1604 	EXP 	fixation: autoDraw = False
144.1604 	EXP 	text: autoDraw = False
144.1604 	EXP 	text: foreColor = <psychopy.colors.Color: red, alpha=1.0>
144.1604 	EXP 	text: text = 'BLUE'
144.1604 	EXP 	fixation: autoDraw = True
144.6606 	INFO 	Keyboard events cleared
144.6600 	EXP 	fixation: autoDraw = False
144.6600 	EXP 	text: autoDraw = True
145.1781 	EXP 	New trial (rep=23, index=0): <Trial 92 (0 in rep 23) data={'word': 'BLUE', 'colour': 'blue', 'stim_condition': 'C', 'correct_res': 'b', 'thisN': 92, 'thisTrialN': 0, 'thisRepN': 23}>
145.1805 	DATA 	Keypress: r
145.1929 	EXP 	fixation: autoDraw = False
145.1929 	EXP 	text: autoDraw = False
145.1929 	EXP 	text: foreColor = <psychopy.colors.Color: blue, alpha=1.0>
145.1929 	EXP 	text: text = 'BLUE'
145.1929 	EXP 	fixation: autoDraw = True
145.6930 	INFO 	Keyboard events cleared
145.6926 	EXP 	fixation: autoDraw = False
145.6926 	EXP 	text: autoDraw = True
146.1611 	DATA 	Keypress: b
146.1769 	EXP 	New trial (rep=23, index=1): <Trial 93 (1 in rep 23) data={'word': 'RED', 'colour': 'blue', 'stim_condition': 'I', 'correct_res': 'b', 'thisN': 93, 'thisTrialN': 1, 'thisRepN': 23}>
146.1920 	EXP 	fixation: autoDraw = False
146.1920 	EXP 	text: autoDraw = False
146.1920 	EXP 	text: foreColor = <psychopy.colors.Color: blue, alpha=1.0>
146.1920 	EXP 	text: height = 0.05
146.1920 	EXP 	text: height = 0.05
146.1920 	EXP 	text: height = 0.05
146.1920 	EXP 	text: text = 'RED'
146.1920 	EXP 	fixation: autoDraw = True
146.6923 	INFO 	Keyboard events cleared
146.6915 	EXP 	fixation: autoDraw = False
146.6915 	EXP 	text: autoDraw = True
147.1430 	EXP 	New trial (rep=23, index=2): <Trial 94 (2 in rep 23) data={'word': 'BLUE', 'colour': 'red', 'stim_condition': 'I', 'correct_res': 'r', 'thisN': 94, 'thisTrialN': 2, 'thisRepN': 23}>
147.1505 	DATA 	Keypress: b
147.1581 	EXP 	fixation: autoDraw = False
147.1581 	EXP 	text: autoDraw = False
147.1581 	EXP 	text: foreColor = <psychopy.colors.Color: red, alpha=1.0>
147.1581 	EXP 	text: height = 0.05
147.1581 	EXP 	text: height = 0.05
147.1581 	EXP 	text: height = 0.05
147.1581 	EXP 	text: text = 'BLUE'
147.1581 	EXP 	fixation: autoDraw = True
147.6576 	INFO 	Keyboard events cleared
147.6570 	EXP 	fixation: autoDraw = False
147.6570 	EXP 	text: autoDraw = True
148.3750 	EXP 	New trial (rep=23, index=3): <Trial 95 (3 in rep 23) data={'word': 'RED', 'colour': 'red', 'stim_condition': 'C', 'correct_res': 'r', 'thisN': 95, 'thisTrialN': 3, 'thisRepN': 23}>
148.3819 	DATA 	Keypress: r
148.3900 	EXP 	fixation: autoDraw = False
148.3900 	EXP 	text: autoDraw = False
148.3900 	EXP 	text: foreColor = <psychopy.colors.Color: red, alpha=1.0>
148.3900 	EXP 	text: height = 0.05
148.3900 	EXP 	text: height = 0.05
148.3900 	EXP 	text: height = 0.05
148.3900 	EXP 	text: text = 'RED'
148.3900 	EXP 	fixation: autoDraw = True
148.8902 	INFO 	Keyboard events cleared
148.8897 	EXP 	fixation: autoDraw = False
148.8897 	EXP 	text: autoDraw = True
149.3243 	EXP 	New trial (rep=24, index=0): <Trial 96 (0 in rep 24) data={'word': 'BLUE', 'colour': 'blue', 'stim_condition': 'C', 'correct_res': 'b', 'thisN': 96, 'thisTrialN': 0, 'thisRepN': 24}>
149.3309 	DATA 	Keypress: r
149.3393 	EXP 	fixation: autoDraw = False
149.3393 	EXP 	text: autoDraw = False
149.3393 	EXP 	text: foreColor = <psychopy.colors.Color: blue, alpha=1.0>
149.3393 	EXP 	text: height = 0.05
149.3393 	EXP 	text: height = 0.05
149.3393 	EXP 	text: height = 0.05
149.3393 	EXP 	text: text = 'BLUE'
149.3393 	EXP 	fixation: autoDraw = True
149.8395 	INFO 	Keyboard events cleared
149.8391 	EXP 	fixation: autoDraw = False
149.8391 	EXP 	text: autoDraw = True
150.3234 	EXP 	New trial (rep=24, index=1): <Trial 97 (1 in rep 24) data={'word': 'BLUE', 'colour': 'red', 'stim_condition': 'I', 'correct_res': 'r', 'thisN': 97, 'thisTrialN': 1, 'thisRepN': 24}>
150.3254 	DATA 	Keypress: b
150.3385 	EXP 	fixation: autoDraw = False
150.3385 	EXP 	text: autoDraw = False
150.3385 	EXP 	text: foreColor = <psychopy.colors.Color: red, alpha=1.0>
150.3385 	EXP 	text: text = 'BLUE'
150.3385 	EXP 	fixation: autoDraw = True
150.8388 	INFO 	Keyboard events cleared
150.8382 	EXP 	fixation: autoDraw = False
150.8382 	EXP 	text: autoDraw = True
151.3057 	EXP 	New trial (rep=24, index=2): <Trial 98 (2 in rep 24) data={'word': 'RED', 'colour': 'red', 'stim_condition': 'C', 'correct_res': 'r', 'thisN': 98, 'thisTrialN': 2, 'thisRepN': 24}>
151.3133 	DATA 	Keypress: r
151.3208 	EXP 	fixation: autoDraw = False
151.3208 	EXP 	text: autoDraw = False
151.3208 	EXP 	text: foreColor = <psychopy.colors.Color: red, alpha=1.0>
151.3208 	EXP 	text: height = 0.05
151.3208 	EXP 	text: height = 0.05
151.3208 	EXP 	text: height = 0.05
151.3208 	EXP 	text: text = 'RED'
151.3208 	EXP 	fixation: autoDraw = True
151.8207 	INFO 	Keyboard events cleared
151.8203 	EXP 	fixation: autoDraw = False
151.8203 	EXP 	text: autoDraw = True
152.2716 	EXP 	New trial (rep=24, index=3): <Trial 99 (3 in rep 24) data={'word': 'RED', 'colour': 'blue', 'stim_condition': 'I', 'correct_res': 'b', 'thisN': 99, 'thisTrialN': 3, 'thisRepN': 24}>
152.2738 	DATA 	Keypress: r
152.2866 	EXP 	fixation: autoDraw = False
152.2866 	EXP 	text: autoDraw = False
152.2866 	EXP 	text: foreColor = <psychopy.colors.Color: blue, alpha=1.0>
152.2866 	EXP 	text: text = 'RED'
152.2866 	EXP 	fixation: autoDraw = True
152.7867 	INFO 	Keyboard events cleared
152.7862 	EXP 	fixation: autoDraw = False
152.7862 	EXP 	text: autoDraw = True
153.0707 	EXP 	New trial (rep=25, index=0): <Trial 100 (0 in rep 25) data={'word': 'BLUE', 'colour': 'red', 'stim_condition': 'I', 'correct_res': 'r', 'thisN': 100, 'thisTrialN': 0, 'thisRepN': 25}>
153.0770 	DATA 	Keypress: r
153.0859 	EXP 	fixation: autoDraw = False
153.0859 	EXP 	text: autoDraw = False
153.0859 	EXP 	text: foreColor = <psychopy.colors.Color: red, alpha=1.0>
153.0859 	EXP 	text: height = 0.05
153.0859 	EXP 	text: height = 0.05
153.0859 	EXP 	text: height = 0.05
153.0859 	EXP 	text: text = 'BLUE'
153.0859 	EXP 	fixation: autoDraw = True
153.5861 	INFO 	Keyboard events cleared
153.5855 	EXP 	fixation: autoDraw = False
153.5855 	EXP 	text: autoDraw = True
154.3863 	EXP 	New trial (rep=25, index=1): <Trial 101 (1 in rep 25) data={'word': 'BLUE', 'colour': 'blue', 'stim_condition': 'C', 'correct_res': 'b', 'thisN': 101, 'thisTrialN': 1, 'thisRepN': 25}>
154.3887 	DATA 	Keypress: r
154.4015 	EXP 	fixation: autoDraw = False
154.4015 	EXP 	text: autoDraw = False
154.4015 	EXP 	text: foreColor = <psychopy.colors.Color: blue, alpha=1.0>
154.4015 	EXP 	text: text = 'BLUE'
154.4015 	EXP 	fixation: autoDraw = True
154.9015 	INFO 	Keyboard events cleared
154.9011 	EXP 	fixation: autoDraw = False
154.9011 	EXP 	text: autoDraw = True
155.3523 	EXP 	New trial (rep=25, index=2): <Trial 102 (2 in rep 25) data={'word': 'RED', 'colour': 'red', 'stim_condition': 'C', 'correct_res': 'r', 'thisN': 102, 'thisTrialN': 2, 'thisRepN': 25}>
155.3596 	DATA 	Keypress: b
155.3674 	EXP 	fixation: autoDraw = False
155.3674 	EXP 	text: autoDraw = False
155.3674 	EXP 	text: foreColor = <psychopy.colors.Color: red, alpha=1.0>
155.3674 	EXP 	text: height = 0.05
155.3674 	EXP 	text: height = 0.05
155.3674 	EXP 	text: height = 0.05
155.3674 	EXP 	text: text = 'RED'
155.3674 	EXP 	fixation: autoDraw = True
155.8676 	INFO 	Keyboard events cleared
155.8671 	EXP 	fixation: autoDraw = False
155.8671 	EXP 	text: autoDraw = True
156.3181 	EXP 	New trial (rep=25, index=3): <Trial 103 (3 in rep 25) data={'word': 'RED', 'colour': 'blue', 'stim_condition': 'I', 'correct_res': 'b', 'thisN': 103, 'thisTrialN': 3, 'thisRepN': 25}>
156.3206 	DATA 	Keypress: r
156.3331 	EXP 	fixation: autoDraw = False
156.3331 	EXP 	text: autoDraw = False
156.3331 	EXP 	text: foreColor = <psychopy.colors.Color: blue, alpha=1.0>
156.3331 	EXP 	text: text = 'RED'
156.3331 	EXP 	fixation: autoDraw = True
156.8331 	INFO 	Keyboard events cleared
156.8326 	EXP 	fixation: autoDraw = False
156.8326 	EXP 	text: autoDraw = True
157.2339 	EXP 	New trial (rep=26, index=0): <Trial 104 (0 in rep 26) data={'word': 'RED', 'colour': 'red', 'stim_condition': 'C', 'correct_res': 'r', 'thisN': 104, 'thisTrialN': 0, 'thisRepN': 26}>
157.2361 	DATA 	Keypress: b
157.2490 	EXP 	fixation: autoDraw = False
157.2490 	EXP 	text: autoDraw = False
157.2490 	EXP 	text: foreColor = <psychopy.colors.Color: red, alpha=1.0>
157.2490 	EXP 	text: text = 'RED'
157.2490 	EXP 	fixation: autoDraw = True
157.7490 	INFO 	Keyboard events cleared
157.7485 	EXP 	fixation: autoDraw = False
157.7485 	EXP 	text: autoDraw = True
158.1666 	EXP 	New trial (rep=26, index=1): <Trial 105 (1 in rep 26) data={'word': 'RED', 'colour': 'blue', 'stim_condition': 'I', 'correct_res': 'b', 'thisN': 105, 'thisTrialN': 1, 'thisRepN': 26}>
158.1691 	DATA 	Keypress: r
158.1814 	EXP 	fixation: autoDraw = False
158.1814 	EXP 	text: autoDraw = False
158.1814 	EXP 	text: foreColor = <psychopy.colors.Color: blue, alpha=1.0>
158.1814 	EXP 	text: text = 'RED'
158.1814 	EXP 	fixation: autoDraw = True
158.6815 	INFO 	Keyboard events cleared
158.6810 	EXP 	fixation: autoDraw = False
158.6810 	EXP 	text: autoDraw = True
159.2488 	EXP 	New trial (rep=26, index=2): <Trial 106 (2 in rep 26) data={'word': 'BLUE', 'colour': 'blue', 'stim_condition': 'C', 'correct_res': 'b', 'thisN': 106, 'thisTrialN': 2, 'thisRepN': 26}>
159.2551 	DATA 	Keypress: b
159.2639 	EXP 	fixation: autoDraw = False
159.2639 	EXP 	text: autoDraw = False
159.2639 	EXP 	text: foreColor = <psychopy.colors.Color: blue, alpha=1.0>
159.2639 	EXP 	text: height = 0.05
159.2639 	EXP 	text: height = 0.05
159.2639 	EXP 	text: height = 0.05
159.2639 	EXP 	text: text = 'BLUE'
159.2639 	EXP 	fixation: autoDraw = True
159.7640 	INFO 	Keyboard events cleared
159.7635 	EXP 	fixation: autoDraw = False
159.7635 	EXP 	text: autoDraw = True
160.1815 	EXP 	New trial (rep=26, index=3): <Trial 107 (3 in rep 26) data={'word': 'BLUE', 'colour': 'red', 'stim_condition': 'I', 'correct_res': 'r', 'thisN': 107, 'thisTrialN': 3, 'thisRepN': 26}>
160.1839 	DATA 	Keypress: b
160.1965 	EXP 	fixation: autoDraw = False
160.1965 	EXP 	text: autoDraw = False
160.1965 	EXP 	text: foreColor = <psychopy.colors.Color: red, alpha=1.0>
160.1965 	EXP 	text: text = 'BLUE'
160.1965 	EXP 	fixation: autoDraw = True
160.6968 	INFO 	Keyboard events cleared
160.6962 	EXP 	fixation: autoDraw = False
160.6962 	EXP 	text: autoDraw = True
161.1645 	DATA 	Keypress: r
161.1804 	EXP 	New trial (rep=27, index=0): <Trial 108 (0 in rep 27) data={'word': 'BLUE', 'colour': 'red', 'stim_condition': 'I', 'correct_res': 'r', 'thisN': 108, 'thisTrialN': 0, 'thisRepN': 27}>
161.1956 	EXP 	fixation: autoDraw = False
161.1956 	EXP 	text: autoDraw = False
161.1956 	EXP 	text: foreColor = <psychopy.colors.Color: red, alpha=1.0>
161.1956 	EXP 	text: text = 'BLUE'
161.1956 	EXP 	fixation: autoDraw = True
161.6956 	INFO 	Keyboard events cleared
161.6951 	EXP 	fixation: autoDraw = False
161.6951 	EXP 	text: autoDraw = True
162.0969 	EXP 	New trial (rep=27, index=1): <Trial 109 (1 in rep 27) data={'word': 'RED', 'colour': 'red', 'stim_condition': 'C', 'correct_res': 'r', 'thisN': 109, 'thisTrialN': 1, 'thisRepN': 27}>
162.1034 	DATA 	Keypress: r
162.1113 	EXP 	fixation: autoDraw = False
162.1113 	EXP 	text: autoDraw = False
162.1113 	EXP 	text: foreColor = <psychopy.colors.Color: red, alpha=1.0>
162.1113 	EXP 	text: height = 0.05
162.1113 	EXP 	text: height = 0.05
162.1113 	EXP 	text: height = 0.05
162.1113 	EXP 	text: text = 'RED'
162.1113 	EXP 	fixation: autoDraw = True
162.6115 	INFO 	Keyboard events cleared
162.6110 	EXP 	fixation: autoDraw = False
162.6110 	EXP 	text: autoDraw = True
163.0289 	EXP 	New trial (rep=27, index=2): <Trial 110 (2 in rep 27) data={'word': 'RED', 'colour': 'blue', 'stim_condition': 'I', 'correct_res': 'b', 'thisN': 110, 'thisTrialN': 2, 'thisRepN': 27}>
163.0312 	DATA 	Keypress: r
163.0439 	EXP 	fixation: autoDraw = False
163.0439 	EXP 	text: autoDraw = False
163.0439 	EXP 	text: foreColor = <psychopy.colors.Color: blue, alpha=1.0>
163.0439 	EXP 	text: text = 'RED'
163.0439 	EXP 	fixation: autoDraw = True
163.5440 	INFO 	Keyboard events cleared
163.5435 	EXP 	fixation: autoDraw = False
163.5435 	EXP 	text: autoDraw = True
164.1112 	EXP 	New trial (rep=27, index=3): <Trial 111 (3 in rep 27) data={'word': 'BLUE', 'colour': 'blue', 'stim_condition': 'C', 'correct_res': 'b', 'thisN': 111, 'thisTrialN': 3, 'thisRepN': 27}>
164.1173 	DATA 	Keypress: b
164.1263 	EXP 	fixation: autoDraw = False
164.1263 	EXP 	text: autoDraw = False
164.1263 	EXP 	text: foreColor = <psychopy.colors.Color: blue, alpha=1.0>
164.1263 	EXP 	text: height = 0.05
164.1263 	EXP 	text: height = 0.05
164.1263 	EXP 	text: height = 0.05
164.1263 	EXP 	text: text = 'BLUE'
164.1263 	EXP 	fixation: autoDraw = True
164.6264 	INFO 	Keyboard events cleared
164.6259 	EXP 	fixation: autoDraw = False
164.6259 	EXP 	text: autoDraw = True
165.5271 	EXP 	New trial (rep=28, index=0): <Trial 112 (0 in rep 28) data={'word': 'BLUE', 'colour': 'blue', 'stim_condition': 'C', 'correct_res': 'b', 'thisN': 112, 'thisTrialN': 0, 'thisRepN': 28}>
165.5294 	DATA 	Keypress: b
165.5419 	EXP 	fixation: autoDraw = False
165.5419 	EXP 	text: autoDraw = False
165.5419 	EXP 	text: foreColor = <psychopy.colors.Color: blue, alpha=1.0>
165.5419 	EXP 	text: text = 'BLUE'
165.5419 	EXP 	fixation: autoDraw = True
166.0420 	INFO 	Keyboard events cleared
166.0416 	EXP 	fixation: autoDraw = False
166.0416 	EXP 	text: autoDraw = True
166.4092 	EXP 	New trial (rep=28, index=1): <Trial 113 (1 in rep 28) data={'word': 'BLUE', 'colour': 'red', 'stim_condition': 'I', 'correct_res': 'r', 'thisN': 113, 'thisTrialN': 1, 'thisRepN': 28}>
166.4114 	DATA 	Keypress: b
166.4239 	EXP 	fixation: autoDraw = False
166.4239 	EXP 	text: autoDraw = False
166.4239 	EXP 	text: foreColor = <psychopy.colors.Color: red, alpha=1.0>
166.4239 	EXP 	text: text = 'BLUE'
166.4239 	EXP 	fixation: autoDraw = True
166.9239 	INFO 	Keyboard events cleared
166.9234 	EXP 	fixation: autoDraw = False
166.9234 	EXP 	text: autoDraw = True
167.4251 	EXP 	New trial (rep=28, index=2): <Trial 114 (2 in rep 28) data={'word': 'RED', 'colour': 'blue', 'stim_condition': 'I', 'correct_res': 'b', 'thisN': 114, 'thisTrialN': 2, 'thisRepN': 28}>
167.4325 	DATA 	Keypress: r
167.4401 	EXP 	fixation: autoDraw = False
167.4401 	EXP 	text: autoDraw = False
167.4401 	EXP 	text: foreColor = <psychopy.colors.Color: blue, alpha=1.0>
167.4401 	EXP 	text: height = 0.05
167.4401 	EXP 	text: height = 0.05
167.4401 	EXP 	text: height = 0.05
167.4401 	EXP 	text: text = 'RED'
167.4401 	EXP 	fixation: autoDraw = True
167.9401 	INFO 	Keyboard events cleared
167.9396 	EXP 	fixation: autoDraw = False
167.9396 	EXP 	text: autoDraw = True
168.5240 	EXP 	New trial (rep=28, index=3): <Trial 115 (3 in rep 28) data={'word': 'RED', 'colour': 'red', 'stim_condition': 'C', 'correct_res': 'r', 'thisN': 115, 'thisTrialN': 3, 'thisRepN': 28}>
168.5264 	DATA 	Keypress: b
168.5391 	EXP 	fixation: autoDraw = False
168.5391 	EXP 	text: autoDraw = False
168.5391 	EXP 	text: foreColor = <psychopy.colors.Color: red, alpha=1.0>
168.5391 	EXP 	text: text = 'RED'
168.5391 	EXP 	fixation: autoDraw = True
169.0394 	INFO 	Keyboard events cleared
169.0388 	EXP 	fixation: autoDraw = False
169.0388 	EXP 	text: autoDraw = True
169.5232 	EXP 	New trial (rep=29, index=0): <Trial 116 (0 in rep 29) data={'word': 'RED', 'colour': 'blue', 'stim_condition': 'I', 'correct_res': 'b', 'thisN': 116, 'thisTrialN': 0, 'thisRepN': 29}>
169.5255 	DATA 	Keypress: r
169.5383 	EXP 	fixation: autoDraw = False
169.5383 	EXP 	text: autoDraw = False
169.5383 	EXP 	text: foreColor = <psychopy.colors.Color: blue, alpha=1.0>
169.5383 	EXP 	text: text = 'RED'
169.5383 	EXP 	fixation: autoDraw = True
170.0384 	INFO 	Keyboard events cleared
170.0379 	EXP 	fixation: autoDraw = False
170.0379 	EXP 	text: autoDraw = True
170.5225 	EXP 	New trial (rep=29, index=1): <Trial 117 (1 in rep 29) data={'word': 'RED', 'colour': 'red', 'stim_condition': 'C', 'correct_res': 'r', 'thisN': 117, 'thisTrialN': 1, 'thisRepN': 29}>
170.5250 	DATA 	Keypress: b
170.5375 	EXP 	fixation: autoDraw = False
170.5375 	EXP 	text: autoDraw = False
170.5375 	EXP 	text: foreColor = <psychopy.colors.Color: red, alpha=1.0>
170.5375 	EXP 	text: text = 'RED'
170.5375 	EXP 	fixation: autoDraw = True
171.0376 	INFO 	Keyboard events cleared
171.0371 	EXP 	fixation: autoDraw = False
171.0371 	EXP 	text: autoDraw = True
171.4216 	EXP 	New trial (rep=29, index=2): <Trial 118 (2 in rep 29) data={'word': 'BLUE', 'colour': 'blue', 'stim_condition': 'C', 'correct_res': 'b', 'thisN': 118, 'thisTrialN': 2, 'thisRepN': 29}>
171.4283 	DATA 	Keypress: r
171.4366 	EXP 	fixation: autoDraw = False
171.4366 	EXP 	text: autoDraw = False
171.4366 	EXP 	text: foreColor = <psychopy.colors.Color: blue, alpha=1.0>
171.4366 	EXP 	text: height = 0.05
171.4366 	EXP 	text: height = 0.05
171.4366 	EXP 	text: height = 0.05
171.4366 	EXP 	text: text = 'BLUE'
171.4366 	EXP 	fixation: autoDraw = True
171.9367 	INFO 	Keyboard events cleared
171.9361 	EXP 	fixation: autoDraw = False
171.9361 	EXP 	text: autoDraw = True
172.3713 	EXP 	New trial (rep=29, index=3): <Trial 119 (3 in rep 29) data={'word': 'BLUE', 'colour': 'red', 'stim_condition': 'I', 'correct_res': 'r', 'thisN': 119, 'thisTrialN': 3, 'thisRepN': 29}>
172.3736 	DATA 	Keypress: b
172.3862 	EXP 	fixation: autoDraw = False
172.3862 	EXP 	text: autoDraw = False
172.3862 	EXP 	text: foreColor = <psychopy.colors.Color: red, alpha=1.0>
172.3862 	EXP 	text: text = 'BLUE'
172.3862 	EXP 	fixation: autoDraw = True
172.8858 	INFO 	Keyboard events cleared
172.8853 	EXP 	fixation: autoDraw = False
172.8853 	EXP 	text: autoDraw = True
173.4071 	DATA 	Keypress: r
173.4182 	EXP 	fixation: autoDraw = False
173.4182 	EXP 	text: autoDraw = False
173.4182 	EXP 	text_3: autoDraw = True
174.4174 	EXP 	text_3: autoDraw = False
174.4174 	EXP 	text_3: autoDraw = False
174.4175 	EXP 	Stroop Task Data: status = STOPPED
174.5000 	INFO 	saved data to 'C:\\Users\\DELL\\OneDrive\\Desktop\\PsychoPy\\data/0002_Stroop Task Data_2025-08-26_16h21.15.904.csv'
174.5039 	INFO 	saved data to C:\Users\DELL\OneDrive\Desktop\PsychoPy\data/0002_Stroop Task Data_2025-08-26_16h21.15.904.psydat
